<?xml version="1.0" encoding="UTF-8"?>
<coverage generated="1769425066227" clover="3.2.0">
  <project timestamp="1769425066228" name="All files">
    <metrics statements="1058" coveredstatements="21" conditionals="617" coveredconditionals="1" methods="243" coveredmethods="11" elements="1918" coveredelements="33" complexity="0" loc="1058" ncloc="1058" packages="4" files="34" classes="34"/>
    <package name="src">
      <metrics statements="695" coveredstatements="0" conditionals="370" coveredconditionals="0" methods="148" coveredmethods="0"/>
      <file name="App.jsx" path="C:\Users\Gupta\Downloads\VishwaGuru\frontend\src\App.jsx">
        <metrics statements="72" coveredstatements="0" conditionals="12" coveredconditionals="0" methods="43" coveredmethods="0"/>
        <line num="8" count="0" type="stmt"/>
        <line num="9" count="0" type="stmt"/>
        <line num="10" count="0" type="stmt"/>
        <line num="11" count="0" type="stmt"/>
        <line num="12" count="0" type="stmt"/>
        <line num="13" count="0" type="stmt"/>
        <line num="14" count="0" type="stmt"/>
        <line num="15" count="0" type="stmt"/>
        <line num="18" count="0" type="stmt"/>
        <line num="19" count="0" type="stmt"/>
        <line num="20" count="0" type="stmt"/>
        <line num="21" count="0" type="stmt"/>
        <line num="22" count="0" type="stmt"/>
        <line num="23" count="0" type="stmt"/>
        <line num="24" count="0" type="stmt"/>
        <line num="25" count="0" type="stmt"/>
        <line num="26" count="0" type="stmt"/>
        <line num="27" count="0" type="stmt"/>
        <line num="28" count="0" type="stmt"/>
        <line num="29" count="0" type="stmt"/>
        <line num="30" count="0" type="stmt"/>
        <line num="34" count="0" type="stmt"/>
        <line num="35" count="0" type="stmt"/>
        <line num="36" count="0" type="stmt"/>
        <line num="37" count="0" type="stmt"/>
        <line num="38" count="0" type="stmt"/>
        <line num="39" count="0" type="stmt"/>
        <line num="40" count="0" type="stmt"/>
        <line num="43" count="0" type="stmt"/>
        <line num="44" count="0" type="stmt"/>
        <line num="45" count="0" type="cond" truecount="0" falsecount="2"/>
        <line num="46" count="0" type="cond" truecount="0" falsecount="2"/>
        <line num="51" count="0" type="stmt"/>
        <line num="52" count="0" type="stmt"/>
        <line num="53" count="0" type="stmt"/>
        <line num="54" count="0" type="stmt"/>
        <line num="56" count="0" type="stmt"/>
        <line num="57" count="0" type="stmt"/>
        <line num="61" count="0" type="stmt"/>
        <line num="62" count="0" type="stmt"/>
        <line num="65" count="0" type="stmt"/>
        <line num="66" count="0" type="stmt"/>
        <line num="67" count="0" type="stmt"/>
        <line num="69" count="0" type="stmt"/>
        <line num="70" count="0" type="cond" truecount="0" falsecount="4"/>
        <line num="73" count="0" type="stmt"/>
        <line num="78" count="0" type="stmt"/>
        <line num="79" count="0" type="stmt"/>
        <line num="80" count="0" type="stmt"/>
        <line num="81" count="0" type="stmt"/>
        <line num="82" count="0" type="stmt"/>
        <line num="83" count="0" type="stmt"/>
        <line num="84" count="0" type="stmt"/>
        <line num="86" count="0" type="stmt"/>
        <line num="87" count="0" type="stmt"/>
        <line num="88" count="0" type="stmt"/>
        <line num="90" count="0" type="stmt"/>
        <line num="94" count="0" type="stmt"/>
        <line num="190" count="0" type="stmt"/>
        <line num="191" count="0" type="stmt"/>
        <line num="196" count="0" type="stmt"/>
        <line num="207" count="0" type="stmt"/>
        <line num="216" count="0" type="stmt"/>
        <line num="218" count="0" type="stmt"/>
        <line num="219" count="0" type="stmt"/>
        <line num="220" count="0" type="stmt"/>
        <line num="221" count="0" type="stmt"/>
        <line num="222" count="0" type="stmt"/>
        <line num="223" count="0" type="stmt"/>
        <line num="224" count="0" type="stmt"/>
        <line num="225" count="0" type="stmt"/>
        <line num="241" count="0" type="stmt"/>
      </file>
      <file name="BlockedRoadDetector.jsx" path="C:\Users\Gupta\Downloads\VishwaGuru\frontend\src\BlockedRoadDetector.jsx">
        <metrics statements="36" coveredstatements="0" conditionals="20" coveredconditionals="0" methods="6" coveredmethods="0"/>
        <line num="4" count="0" type="stmt"/>
        <line num="5" count="0" type="stmt"/>
        <line num="6" count="0" type="stmt"/>
        <line num="7" count="0" type="stmt"/>
        <line num="8" count="0" type="stmt"/>
        <line num="9" count="0" type="stmt"/>
        <line num="11" count="0" type="stmt"/>
        <line num="12" count="0" type="stmt"/>
        <line num="13" count="0" type="stmt"/>
        <line num="16" count="0" type="stmt"/>
        <line num="17" count="0" type="stmt"/>
        <line num="18" count="0" type="stmt"/>
        <line num="21" count="0" type="stmt"/>
        <line num="22" count="0" type="cond" truecount="0" falsecount="2"/>
        <line num="23" count="0" type="stmt"/>
        <line num="24" count="0" type="stmt"/>
        <line num="26" count="0" type="stmt"/>
        <line num="27" count="0" type="stmt"/>
        <line num="28" count="0" type="stmt"/>
        <line num="29" count="0" type="stmt"/>
        <line num="31" count="0" type="stmt"/>
        <line num="32" count="0" type="stmt"/>
        <line num="34" count="0" type="stmt"/>
        <line num="39" count="0" type="cond" truecount="0" falsecount="2"/>
        <line num="40" count="0" type="stmt"/>
        <line num="41" count="0" type="stmt"/>
        <line num="42" count="0" type="cond" truecount="0" falsecount="2"/>
        <line num="43" count="0" type="stmt"/>
        <line num="46" count="0" type="stmt"/>
        <line num="47" count="0" type="stmt"/>
        <line num="50" count="0" type="stmt"/>
        <line num="51" count="0" type="stmt"/>
        <line num="53" count="0" type="stmt"/>
        <line num="57" count="0" type="stmt"/>
        <line num="78" count="0" type="stmt"/>
        <line num="85" count="0" type="stmt"/>
      </file>
      <file name="FireDetector.jsx" path="C:\Users\Gupta\Downloads\VishwaGuru\frontend\src\FireDetector.jsx">
        <metrics statements="36" coveredstatements="0" conditionals="20" coveredconditionals="0" methods="6" coveredmethods="0"/>
        <line num="4" count="0" type="stmt"/>
        <line num="5" count="0" type="stmt"/>
        <line num="6" count="0" type="stmt"/>
        <line num="7" count="0" type="stmt"/>
        <line num="8" count="0" type="stmt"/>
        <line num="9" count="0" type="stmt"/>
        <line num="11" count="0" type="stmt"/>
        <line num="12" count="0" type="stmt"/>
        <line num="13" count="0" type="stmt"/>
        <line num="16" count="0" type="stmt"/>
        <line num="17" count="0" type="stmt"/>
        <line num="18" count="0" type="stmt"/>
        <line num="21" count="0" type="stmt"/>
        <line num="22" count="0" type="cond" truecount="0" falsecount="2"/>
        <line num="23" count="0" type="stmt"/>
        <line num="24" count="0" type="stmt"/>
        <line num="26" count="0" type="stmt"/>
        <line num="27" count="0" type="stmt"/>
        <line num="28" count="0" type="stmt"/>
        <line num="29" count="0" type="stmt"/>
        <line num="31" count="0" type="stmt"/>
        <line num="32" count="0" type="stmt"/>
        <line num="34" count="0" type="stmt"/>
        <line num="39" count="0" type="cond" truecount="0" falsecount="2"/>
        <line num="40" count="0" type="stmt"/>
        <line num="41" count="0" type="stmt"/>
        <line num="42" count="0" type="cond" truecount="0" falsecount="2"/>
        <line num="43" count="0" type="stmt"/>
        <line num="46" count="0" type="stmt"/>
        <line num="47" count="0" type="stmt"/>
        <line num="50" count="0" type="stmt"/>
        <line num="51" count="0" type="stmt"/>
        <line num="53" count="0" type="stmt"/>
        <line num="57" count="0" type="stmt"/>
        <line num="78" count="0" type="stmt"/>
        <line num="85" count="0" type="stmt"/>
      </file>
      <file name="FloodDetector.jsx" path="C:\Users\Gupta\Downloads\VishwaGuru\frontend\src\FloodDetector.jsx">
        <metrics statements="31" coveredstatements="0" conditionals="12" coveredconditionals="0" methods="5" coveredmethods="0"/>
        <line num="6" count="0" type="stmt"/>
        <line num="7" count="0" type="stmt"/>
        <line num="8" count="0" type="stmt"/>
        <line num="9" count="0" type="stmt"/>
        <line num="10" count="0" type="stmt"/>
        <line num="11" count="0" type="stmt"/>
        <line num="13" count="0" type="stmt"/>
        <line num="14" count="0" type="stmt"/>
        <line num="15" count="0" type="stmt"/>
        <line num="16" count="0" type="stmt"/>
        <line num="19" count="0" type="stmt"/>
        <line num="20" count="0" type="stmt"/>
        <line num="21" count="0" type="stmt"/>
        <line num="22" count="0" type="stmt"/>
        <line num="24" count="0" type="stmt"/>
        <line num="26" count="0" type="stmt"/>
        <line num="27" count="0" type="stmt"/>
        <line num="28" count="0" type="stmt"/>
        <line num="30" count="0" type="stmt"/>
        <line num="31" count="0" type="stmt"/>
        <line num="33" count="0" type="stmt"/>
        <line num="34" count="0" type="stmt"/>
        <line num="36" count="0" type="stmt"/>
        <line num="37" count="0" type="stmt"/>
        <line num="39" count="0" type="stmt"/>
        <line num="43" count="0" type="stmt"/>
        <line num="44" count="0" type="stmt"/>
        <line num="45" count="0" type="stmt"/>
        <line num="46" count="0" type="stmt"/>
        <line num="49" count="0" type="stmt"/>
        <line num="107" count="0" type="stmt"/>
      </file>
      <file name="GarbageDetector.jsx" path="C:\Users\Gupta\Downloads\VishwaGuru\frontend\src\GarbageDetector.jsx">
        <metrics statements="73" coveredstatements="0" conditionals="45" coveredconditionals="0" methods="11" coveredmethods="0"/>
        <line num="3" count="0" type="cond" truecount="0" falsecount="2"/>
        <line num="5" count="0" type="stmt"/>
        <line num="6" count="0" type="stmt"/>
        <line num="7" count="0" type="stmt"/>
        <line num="8" count="0" type="stmt"/>
        <line num="9" count="0" type="stmt"/>
        <line num="10" count="0" type="stmt"/>
        <line num="12" count="0" type="stmt"/>
        <line num="14" count="0" type="cond" truecount="0" falsecount="2"/>
        <line num="15" count="0" type="stmt"/>
        <line num="16" count="0" type="stmt"/>
        <line num="18" count="0" type="stmt"/>
        <line num="19" count="0" type="cond" truecount="0" falsecount="2"/>
        <line num="21" count="0" type="cond" truecount="0" falsecount="2"/>
        <line num="22" count="0" type="stmt"/>
        <line num="23" count="0" type="stmt"/>
        <line num="26" count="0" type="stmt"/>
        <line num="27" count="0" type="stmt"/>
        <line num="28" count="0" type="cond" truecount="0" falsecount="2"/>
        <line num="32" count="0" type="stmt"/>
        <line num="33" count="0" type="stmt"/>
        <line num="34" count="0" type="stmt"/>
        <line num="35" count="0" type="stmt"/>
        <line num="42" count="0" type="cond" truecount="0" falsecount="2"/>
        <line num="43" count="0" type="stmt"/>
        <line num="46" count="0" type="stmt"/>
        <line num="47" count="0" type="stmt"/>
        <line num="51" count="0" type="stmt"/>
        <line num="52" count="0" type="cond" truecount="0" falsecount="4"/>
        <line num="53" count="0" type="stmt"/>
        <line num="54" count="0" type="stmt"/>
        <line num="55" count="0" type="stmt"/>
        <line num="59" count="0" type="stmt"/>
        <line num="60" count="0" type="stmt"/>
        <line num="62" count="0" type="stmt"/>
        <line num="63" count="0" type="stmt"/>
        <line num="64" count="0" type="stmt"/>
        <line num="65" count="0" type="stmt"/>
        <line num="67" count="0" type="stmt"/>
        <line num="68" count="0" type="stmt"/>
        <line num="69" count="0" type="stmt"/>
        <line num="72" count="0" type="stmt"/>
        <line num="73" count="0" type="stmt"/>
        <line num="74" count="0" type="stmt"/>
        <line num="75" count="0" type="cond" truecount="0" falsecount="2"/>
        <line num="77" count="0" type="stmt"/>
        <line num="78" count="0" type="cond" truecount="0" falsecount="2"/>
        <line num="82" count="0" type="stmt"/>
        <line num="83" count="0" type="cond" truecount="0" falsecount="5"/>
        <line num="85" count="0" type="stmt"/>
        <line num="88" count="0" type="cond" truecount="0" falsecount="2"/>
        <line num="90" count="0" type="stmt"/>
        <line num="91" count="0" type="stmt"/>
        <line num="94" count="0" type="cond" truecount="0" falsecount="4"/>
        <line num="95" count="0" type="stmt"/>
        <line num="96" count="0" type="stmt"/>
        <line num="103" count="0" type="stmt"/>
        <line num="104" count="0" type="stmt"/>
        <line num="105" count="0" type="stmt"/>
        <line num="106" count="0" type="stmt"/>
        <line num="107" count="0" type="stmt"/>
        <line num="110" count="0" type="stmt"/>
        <line num="111" count="0" type="cond" truecount="0" falsecount="2"/>
        <line num="113" count="0" type="stmt"/>
        <line num="114" count="0" type="stmt"/>
        <line num="116" count="0" type="stmt"/>
        <line num="117" count="0" type="stmt"/>
        <line num="122" count="0" type="cond" truecount="0" falsecount="2"/>
        <line num="123" count="0" type="stmt"/>
        <line num="124" count="0" type="stmt"/>
        <line num="127" count="0" type="stmt"/>
        <line num="132" count="0" type="stmt"/>
        <line num="163" count="0" type="stmt"/>
      </file>
      <file name="IllegalParkingDetector.jsx" path="C:\Users\Gupta\Downloads\VishwaGuru\frontend\src\IllegalParkingDetector.jsx">
        <metrics statements="36" coveredstatements="0" conditionals="20" coveredconditionals="0" methods="6" coveredmethods="0"/>
        <line num="4" count="0" type="stmt"/>
        <line num="5" count="0" type="stmt"/>
        <line num="6" count="0" type="stmt"/>
        <line num="7" count="0" type="stmt"/>
        <line num="8" count="0" type="stmt"/>
        <line num="9" count="0" type="stmt"/>
        <line num="11" count="0" type="stmt"/>
        <line num="12" count="0" type="stmt"/>
        <line num="13" count="0" type="stmt"/>
        <line num="16" count="0" type="stmt"/>
        <line num="17" count="0" type="stmt"/>
        <line num="18" count="0" type="stmt"/>
        <line num="21" count="0" type="stmt"/>
        <line num="22" count="0" type="cond" truecount="0" falsecount="2"/>
        <line num="23" count="0" type="stmt"/>
        <line num="24" count="0" type="stmt"/>
        <line num="26" count="0" type="stmt"/>
        <line num="28" count="0" type="stmt"/>
        <line num="29" count="0" type="stmt"/>
        <line num="30" count="0" type="stmt"/>
        <line num="32" count="0" type="stmt"/>
        <line num="33" count="0" type="stmt"/>
        <line num="36" count="0" type="stmt"/>
        <line num="41" count="0" type="cond" truecount="0" falsecount="2"/>
        <line num="42" count="0" type="stmt"/>
        <line num="43" count="0" type="stmt"/>
        <line num="44" count="0" type="cond" truecount="0" falsecount="2"/>
        <line num="45" count="0" type="stmt"/>
        <line num="48" count="0" type="stmt"/>
        <line num="49" count="0" type="stmt"/>
        <line num="52" count="0" type="stmt"/>
        <line num="53" count="0" type="stmt"/>
        <line num="55" count="0" type="stmt"/>
        <line num="59" count="0" type="stmt"/>
        <line num="80" count="0" type="stmt"/>
        <line num="87" count="0" type="stmt"/>
      </file>
      <file name="InfrastructureDetector.jsx" path="C:\Users\Gupta\Downloads\VishwaGuru\frontend\src\InfrastructureDetector.jsx">
        <metrics statements="31" coveredstatements="0" conditionals="15" coveredconditionals="0" methods="6" coveredmethods="0"/>
        <line num="6" count="0" type="stmt"/>
        <line num="7" count="0" type="stmt"/>
        <line num="8" count="0" type="stmt"/>
        <line num="9" count="0" type="stmt"/>
        <line num="10" count="0" type="stmt"/>
        <line num="11" count="0" type="stmt"/>
        <line num="13" count="0" type="stmt"/>
        <line num="14" count="0" type="stmt"/>
        <line num="15" count="0" type="stmt"/>
        <line num="16" count="0" type="stmt"/>
        <line num="19" count="0" type="stmt"/>
        <line num="20" count="0" type="stmt"/>
        <line num="21" count="0" type="stmt"/>
        <line num="23" count="0" type="stmt"/>
        <line num="24" count="0" type="stmt"/>
        <line num="25" count="0" type="stmt"/>
        <line num="27" count="0" type="stmt"/>
        <line num="28" count="0" type="stmt"/>
        <line num="30" count="0" type="stmt"/>
        <line num="32" count="0" type="cond" truecount="0" falsecount="2"/>
        <line num="33" count="0" type="stmt"/>
        <line num="35" count="0" type="stmt"/>
        <line num="37" count="0" type="stmt"/>
        <line num="38" count="0" type="stmt"/>
        <line num="40" count="0" type="stmt"/>
        <line num="44" count="0" type="stmt"/>
        <line num="45" count="0" type="stmt"/>
        <line num="46" count="0" type="stmt"/>
        <line num="49" count="0" type="stmt"/>
        <line num="69" count="0" type="stmt"/>
        <line num="115" count="0" type="stmt"/>
      </file>
      <file name="PestDetector.jsx" path="C:\Users\Gupta\Downloads\VishwaGuru\frontend\src\PestDetector.jsx">
        <metrics statements="36" coveredstatements="0" conditionals="22" coveredconditionals="0" methods="6" coveredmethods="0"/>
        <line num="4" count="0" type="stmt"/>
        <line num="5" count="0" type="stmt"/>
        <line num="6" count="0" type="stmt"/>
        <line num="7" count="0" type="stmt"/>
        <line num="8" count="0" type="stmt"/>
        <line num="9" count="0" type="stmt"/>
        <line num="11" count="0" type="stmt"/>
        <line num="12" count="0" type="stmt"/>
        <line num="13" count="0" type="stmt"/>
        <line num="16" count="0" type="stmt"/>
        <line num="17" count="0" type="stmt"/>
        <line num="18" count="0" type="stmt"/>
        <line num="21" count="0" type="stmt"/>
        <line num="22" count="0" type="cond" truecount="0" falsecount="2"/>
        <line num="23" count="0" type="stmt"/>
        <line num="24" count="0" type="stmt"/>
        <line num="26" count="0" type="stmt"/>
        <line num="27" count="0" type="stmt"/>
        <line num="28" count="0" type="stmt"/>
        <line num="29" count="0" type="stmt"/>
        <line num="31" count="0" type="stmt"/>
        <line num="32" count="0" type="stmt"/>
        <line num="34" count="0" type="stmt"/>
        <line num="39" count="0" type="cond" truecount="0" falsecount="2"/>
        <line num="40" count="0" type="stmt"/>
        <line num="41" count="0" type="stmt"/>
        <line num="42" count="0" type="cond" truecount="0" falsecount="2"/>
        <line num="43" count="0" type="stmt"/>
        <line num="46" count="0" type="stmt"/>
        <line num="47" count="0" type="stmt"/>
        <line num="50" count="0" type="stmt"/>
        <line num="51" count="0" type="stmt"/>
        <line num="53" count="0" type="stmt"/>
        <line num="57" count="0" type="stmt"/>
        <line num="80" count="0" type="stmt"/>
        <line num="87" count="0" type="stmt"/>
      </file>
      <file name="PotholeDetector.jsx" path="C:\Users\Gupta\Downloads\VishwaGuru\frontend\src\PotholeDetector.jsx">
        <metrics statements="69" coveredstatements="0" conditionals="45" coveredconditionals="0" methods="11" coveredmethods="0"/>
        <line num="3" count="0" type="cond" truecount="0" falsecount="2"/>
        <line num="5" count="0" type="stmt"/>
        <line num="6" count="0" type="stmt"/>
        <line num="7" count="0" type="stmt"/>
        <line num="8" count="0" type="stmt"/>
        <line num="9" count="0" type="stmt"/>
        <line num="10" count="0" type="stmt"/>
        <line num="12" count="0" type="stmt"/>
        <line num="14" count="0" type="cond" truecount="0" falsecount="2"/>
        <line num="15" count="0" type="stmt"/>
        <line num="16" count="0" type="stmt"/>
        <line num="18" count="0" type="stmt"/>
        <line num="19" count="0" type="cond" truecount="0" falsecount="2"/>
        <line num="21" count="0" type="cond" truecount="0" falsecount="2"/>
        <line num="22" count="0" type="stmt"/>
        <line num="23" count="0" type="stmt"/>
        <line num="26" count="0" type="stmt"/>
        <line num="27" count="0" type="stmt"/>
        <line num="28" count="0" type="cond" truecount="0" falsecount="2"/>
        <line num="32" count="0" type="stmt"/>
        <line num="33" count="0" type="stmt"/>
        <line num="34" count="0" type="stmt"/>
        <line num="35" count="0" type="stmt"/>
        <line num="42" count="0" type="cond" truecount="0" falsecount="2"/>
        <line num="43" count="0" type="stmt"/>
        <line num="46" count="0" type="stmt"/>
        <line num="47" count="0" type="stmt"/>
        <line num="51" count="0" type="stmt"/>
        <line num="52" count="0" type="cond" truecount="0" falsecount="4"/>
        <line num="53" count="0" type="stmt"/>
        <line num="54" count="0" type="stmt"/>
        <line num="55" count="0" type="stmt"/>
        <line num="59" count="0" type="stmt"/>
        <line num="60" count="0" type="cond" truecount="0" falsecount="5"/>
        <line num="62" count="0" type="stmt"/>
        <line num="65" count="0" type="cond" truecount="0" falsecount="2"/>
        <line num="67" count="0" type="stmt"/>
        <line num="68" count="0" type="stmt"/>
        <line num="71" count="0" type="cond" truecount="0" falsecount="4"/>
        <line num="72" count="0" type="stmt"/>
        <line num="73" count="0" type="stmt"/>
        <line num="81" count="0" type="stmt"/>
        <line num="84" count="0" type="stmt"/>
        <line num="85" count="0" type="cond" truecount="0" falsecount="2"/>
        <line num="87" count="0" type="stmt"/>
        <line num="88" count="0" type="stmt"/>
        <line num="90" count="0" type="stmt"/>
        <line num="91" count="0" type="stmt"/>
        <line num="96" count="0" type="cond" truecount="0" falsecount="2"/>
        <line num="97" count="0" type="stmt"/>
        <line num="101" count="0" type="stmt"/>
        <line num="104" count="0" type="stmt"/>
        <line num="109" count="0" type="stmt"/>
        <line num="123" count="0" type="stmt"/>
        <line num="125" count="0" type="stmt"/>
        <line num="126" count="0" type="stmt"/>
        <line num="127" count="0" type="stmt"/>
        <line num="128" count="0" type="stmt"/>
        <line num="130" count="0" type="stmt"/>
        <line num="131" count="0" type="stmt"/>
        <line num="132" count="0" type="stmt"/>
        <line num="135" count="0" type="stmt"/>
        <line num="136" count="0" type="stmt"/>
        <line num="137" count="0" type="stmt"/>
        <line num="138" count="0" type="cond" truecount="0" falsecount="2"/>
        <line num="140" count="0" type="stmt"/>
        <line num="141" count="0" type="cond" truecount="0" falsecount="2"/>
        <line num="145" count="0" type="stmt"/>
        <line num="177" count="0" type="stmt"/>
      </file>
      <file name="SmartScanner.jsx" path="C:\Users\Gupta\Downloads\VishwaGuru\frontend\src\SmartScanner.jsx">
        <metrics statements="89" coveredstatements="0" conditionals="63" coveredconditionals="0" methods="14" coveredmethods="0"/>
        <line num="6" count="0" type="cond" truecount="0" falsecount="2"/>
        <line num="8" count="0" type="stmt"/>
        <line num="9" count="0" type="stmt"/>
        <line num="10" count="0" type="stmt"/>
        <line num="11" count="0" type="stmt"/>
        <line num="12" count="0" type="stmt"/>
        <line num="13" count="0" type="stmt"/>
        <line num="14" count="0" type="stmt"/>
        <line num="15" count="0" type="stmt"/>
        <line num="16" count="0" type="stmt"/>
        <line num="17" count="0" type="stmt"/>
        <line num="19" count="0" type="stmt"/>
        <line num="20" count="0" type="stmt"/>
        <line num="21" count="0" type="stmt"/>
        <line num="22" count="0" type="stmt"/>
        <line num="23" count="0" type="stmt"/>
        <line num="24" count="0" type="stmt"/>
        <line num="26" count="0" type="stmt"/>
        <line num="29" count="0" type="stmt"/>
        <line num="32" count="0" type="stmt"/>
        <line num="34" count="0" type="cond" truecount="0" falsecount="2"/>
        <line num="35" count="0" type="stmt"/>
        <line num="36" count="0" type="stmt"/>
        <line num="38" count="0" type="stmt"/>
        <line num="39" count="0" type="cond" truecount="0" falsecount="2"/>
        <line num="41" count="0" type="stmt"/>
        <line num="42" count="0" type="stmt"/>
        <line num="43" count="0" type="cond" truecount="0" falsecount="2"/>
        <line num="47" count="0" type="stmt"/>
        <line num="48" count="0" type="stmt"/>
        <line num="49" count="0" type="stmt"/>
        <line num="50" count="0" type="stmt"/>
        <line num="57" count="0" type="cond" truecount="0" falsecount="2"/>
        <line num="58" count="0" type="stmt"/>
        <line num="61" count="0" type="stmt"/>
        <line num="62" count="0" type="stmt"/>
        <line num="66" count="0" type="stmt"/>
        <line num="67" count="0" type="cond" truecount="0" falsecount="4"/>
        <line num="68" count="0" type="stmt"/>
        <line num="69" count="0" type="stmt"/>
        <line num="70" count="0" type="stmt"/>
        <line num="74" count="0" type="stmt"/>
        <line num="75" count="0" type="cond" truecount="0" falsecount="2"/>
        <line num="76" count="0" type="stmt"/>
        <line num="77" count="0" type="stmt"/>
        <line num="78" count="0" type="stmt"/>
        <line num="82" count="0" type="stmt"/>
        <line num="85" count="0" type="stmt"/>
        <line num="86" count="0" type="cond" truecount="0" falsecount="6"/>
        <line num="88" count="0" type="stmt"/>
        <line num="89" count="0" type="cond" truecount="0" falsecount="2"/>
        <line num="92" count="0" type="stmt"/>
        <line num="93" count="0" type="cond" truecount="0" falsecount="2"/>
        <line num="94" count="0" type="stmt"/>
        <line num="97" count="0" type="stmt"/>
        <line num="98" count="0" type="stmt"/>
        <line num="100" count="0" type="cond" truecount="0" falsecount="4"/>
        <line num="101" count="0" type="stmt"/>
        <line num="102" count="0" type="stmt"/>
        <line num="105" count="0" type="stmt"/>
        <line num="108" count="0" type="stmt"/>
        <line num="109" count="0" type="stmt"/>
        <line num="112" count="0" type="stmt"/>
        <line num="113" count="0" type="stmt"/>
        <line num="116" count="0" type="cond" truecount="0" falsecount="2"/>
        <line num="117" count="0" type="stmt"/>
        <line num="121" count="0" type="stmt"/>
        <line num="122" count="0" type="stmt"/>
        <line num="125" count="0" type="cond" truecount="0" falsecount="2"/>
        <line num="126" count="0" type="stmt"/>
        <line num="128" count="0" type="stmt"/>
        <line num="129" count="0" type="cond" truecount="0" falsecount="2"/>
        <line num="131" count="0" type="stmt"/>
        <line num="132" count="0" type="stmt"/>
        <line num="134" count="0" type="stmt"/>
        <line num="135" count="0" type="stmt"/>
        <line num="140" count="0" type="cond" truecount="0" falsecount="2"/>
        <line num="141" count="0" type="stmt"/>
        <line num="142" count="0" type="stmt"/>
        <line num="145" count="0" type="stmt"/>
        <line num="150" count="0" type="stmt"/>
        <line num="154" count="0" type="stmt"/>
        <line num="155" count="0" type="cond" truecount="0" falsecount="6"/>
        <line num="156" count="0" type="stmt"/>
        <line num="165" count="0" type="stmt"/>
        <line num="167" count="0" type="stmt"/>
        <line num="178" count="0" type="cond" truecount="0" falsecount="2"/>
        <line num="181" count="0" type="stmt"/>
        <line num="233" count="0" type="stmt"/>
      </file>
      <file name="StrayAnimalDetector.jsx" path="C:\Users\Gupta\Downloads\VishwaGuru\frontend\src\StrayAnimalDetector.jsx">
        <metrics statements="36" coveredstatements="0" conditionals="20" coveredconditionals="0" methods="6" coveredmethods="0"/>
        <line num="4" count="0" type="stmt"/>
        <line num="5" count="0" type="stmt"/>
        <line num="6" count="0" type="stmt"/>
        <line num="7" count="0" type="stmt"/>
        <line num="8" count="0" type="stmt"/>
        <line num="9" count="0" type="stmt"/>
        <line num="11" count="0" type="stmt"/>
        <line num="12" count="0" type="stmt"/>
        <line num="13" count="0" type="stmt"/>
        <line num="16" count="0" type="stmt"/>
        <line num="17" count="0" type="stmt"/>
        <line num="18" count="0" type="stmt"/>
        <line num="21" count="0" type="stmt"/>
        <line num="22" count="0" type="cond" truecount="0" falsecount="2"/>
        <line num="23" count="0" type="stmt"/>
        <line num="24" count="0" type="stmt"/>
        <line num="26" count="0" type="stmt"/>
        <line num="27" count="0" type="stmt"/>
        <line num="28" count="0" type="stmt"/>
        <line num="29" count="0" type="stmt"/>
        <line num="31" count="0" type="stmt"/>
        <line num="32" count="0" type="stmt"/>
        <line num="34" count="0" type="stmt"/>
        <line num="39" count="0" type="cond" truecount="0" falsecount="2"/>
        <line num="40" count="0" type="stmt"/>
        <line num="41" count="0" type="stmt"/>
        <line num="42" count="0" type="cond" truecount="0" falsecount="2"/>
        <line num="43" count="0" type="stmt"/>
        <line num="46" count="0" type="stmt"/>
        <line num="47" count="0" type="stmt"/>
        <line num="50" count="0" type="stmt"/>
        <line num="51" count="0" type="stmt"/>
        <line num="53" count="0" type="stmt"/>
        <line num="57" count="0" type="stmt"/>
        <line num="78" count="0" type="stmt"/>
        <line num="85" count="0" type="stmt"/>
      </file>
      <file name="StreetLightDetector.jsx" path="C:\Users\Gupta\Downloads\VishwaGuru\frontend\src\StreetLightDetector.jsx">
        <metrics statements="36" coveredstatements="0" conditionals="20" coveredconditionals="0" methods="6" coveredmethods="0"/>
        <line num="4" count="0" type="stmt"/>
        <line num="5" count="0" type="stmt"/>
        <line num="6" count="0" type="stmt"/>
        <line num="7" count="0" type="stmt"/>
        <line num="8" count="0" type="stmt"/>
        <line num="9" count="0" type="stmt"/>
        <line num="11" count="0" type="stmt"/>
        <line num="12" count="0" type="stmt"/>
        <line num="13" count="0" type="stmt"/>
        <line num="16" count="0" type="stmt"/>
        <line num="17" count="0" type="stmt"/>
        <line num="18" count="0" type="stmt"/>
        <line num="21" count="0" type="stmt"/>
        <line num="22" count="0" type="cond" truecount="0" falsecount="2"/>
        <line num="23" count="0" type="stmt"/>
        <line num="24" count="0" type="stmt"/>
        <line num="26" count="0" type="stmt"/>
        <line num="27" count="0" type="stmt"/>
        <line num="28" count="0" type="stmt"/>
        <line num="29" count="0" type="stmt"/>
        <line num="31" count="0" type="stmt"/>
        <line num="32" count="0" type="stmt"/>
        <line num="34" count="0" type="stmt"/>
        <line num="39" count="0" type="cond" truecount="0" falsecount="2"/>
        <line num="40" count="0" type="stmt"/>
        <line num="41" count="0" type="stmt"/>
        <line num="42" count="0" type="cond" truecount="0" falsecount="2"/>
        <line num="43" count="0" type="stmt"/>
        <line num="46" count="0" type="stmt"/>
        <line num="47" count="0" type="stmt"/>
        <line num="50" count="0" type="stmt"/>
        <line num="51" count="0" type="stmt"/>
        <line num="53" count="0" type="stmt"/>
        <line num="57" count="0" type="stmt"/>
        <line num="78" count="0" type="stmt"/>
        <line num="85" count="0" type="stmt"/>
      </file>
      <file name="TreeDetector.jsx" path="C:\Users\Gupta\Downloads\VishwaGuru\frontend\src\TreeDetector.jsx">
        <metrics statements="36" coveredstatements="0" conditionals="22" coveredconditionals="0" methods="6" coveredmethods="0"/>
        <line num="4" count="0" type="stmt"/>
        <line num="5" count="0" type="stmt"/>
        <line num="6" count="0" type="stmt"/>
        <line num="7" count="0" type="stmt"/>
        <line num="8" count="0" type="stmt"/>
        <line num="9" count="0" type="stmt"/>
        <line num="11" count="0" type="stmt"/>
        <line num="12" count="0" type="stmt"/>
        <line num="13" count="0" type="stmt"/>
        <line num="16" count="0" type="stmt"/>
        <line num="17" count="0" type="stmt"/>
        <line num="18" count="0" type="stmt"/>
        <line num="21" count="0" type="stmt"/>
        <line num="22" count="0" type="cond" truecount="0" falsecount="2"/>
        <line num="23" count="0" type="stmt"/>
        <line num="24" count="0" type="stmt"/>
        <line num="26" count="0" type="stmt"/>
        <line num="27" count="0" type="stmt"/>
        <line num="28" count="0" type="stmt"/>
        <line num="29" count="0" type="stmt"/>
        <line num="31" count="0" type="stmt"/>
        <line num="32" count="0" type="stmt"/>
        <line num="34" count="0" type="stmt"/>
        <line num="39" count="0" type="cond" truecount="0" falsecount="2"/>
        <line num="40" count="0" type="stmt"/>
        <line num="41" count="0" type="stmt"/>
        <line num="42" count="0" type="cond" truecount="0" falsecount="2"/>
        <line num="43" count="0" type="stmt"/>
        <line num="46" count="0" type="stmt"/>
        <line num="47" count="0" type="stmt"/>
        <line num="50" count="0" type="stmt"/>
        <line num="51" count="0" type="stmt"/>
        <line num="53" count="0" type="stmt"/>
        <line num="57" count="0" type="stmt"/>
        <line num="80" count="0" type="stmt"/>
        <line num="87" count="0" type="stmt"/>
      </file>
      <file name="VandalismDetector.jsx" path="C:\Users\Gupta\Downloads\VishwaGuru\frontend\src\VandalismDetector.jsx">
        <metrics statements="32" coveredstatements="0" conditionals="18" coveredconditionals="0" methods="6" coveredmethods="0"/>
        <line num="5" count="0" type="stmt"/>
        <line num="6" count="0" type="stmt"/>
        <line num="7" count="0" type="stmt"/>
        <line num="8" count="0" type="stmt"/>
        <line num="9" count="0" type="stmt"/>
        <line num="10" count="0" type="stmt"/>
        <line num="12" count="0" type="stmt"/>
        <line num="13" count="0" type="stmt"/>
        <line num="14" count="0" type="stmt"/>
        <line num="17" count="0" type="stmt"/>
        <line num="18" count="0" type="stmt"/>
        <line num="19" count="0" type="stmt"/>
        <line num="22" count="0" type="stmt"/>
        <line num="23" count="0" type="cond" truecount="0" falsecount="2"/>
        <line num="24" count="0" type="stmt"/>
        <line num="25" count="0" type="stmt"/>
        <line num="27" count="0" type="stmt"/>
        <line num="29" count="0" type="stmt"/>
        <line num="30" count="0" type="stmt"/>
        <line num="31" count="0" type="stmt"/>
        <line num="33" count="0" type="stmt"/>
        <line num="34" count="0" type="stmt"/>
        <line num="37" count="0" type="stmt"/>
        <line num="39" count="0" type="stmt"/>
        <line num="40" count="0" type="cond" truecount="0" falsecount="2"/>
        <line num="41" count="0" type="stmt"/>
        <line num="44" count="0" type="stmt"/>
        <line num="45" count="0" type="stmt"/>
        <line num="47" count="0" type="stmt"/>
        <line num="51" count="0" type="stmt"/>
        <line num="68" count="0" type="stmt"/>
        <line num="76" count="0" type="stmt"/>
      </file>
      <file name="fakeData.js" path="C:\Users\Gupta\Downloads\VishwaGuru\frontend\src\fakeData.js">
        <metrics statements="4" coveredstatements="0" conditionals="0" coveredconditionals="0" methods="0" coveredmethods="0"/>
        <line num="3" count="0" type="stmt"/>
        <line num="27" count="0" type="stmt"/>
        <line num="46" count="0" type="stmt"/>
        <line num="65" count="0" type="stmt"/>
      </file>
      <file name="i18n.js" path="C:\Users\Gupta\Downloads\VishwaGuru\frontend\src\i18n.js">
        <metrics statements="2" coveredstatements="0" conditionals="0" coveredconditionals="0" methods="0" coveredmethods="0"/>
        <line num="9" count="0" type="stmt"/>
        <line num="21" count="0" type="stmt"/>
      </file>
      <file name="offlineQueue.js" path="C:\Users\Gupta\Downloads\VishwaGuru\frontend\src\offlineQueue.js">
        <metrics statements="40" coveredstatements="0" conditionals="16" coveredconditionals="0" methods="10" coveredmethods="0"/>
        <line num="5" count="0" type="stmt"/>
        <line num="6" count="0" type="stmt"/>
        <line num="12" count="0" type="stmt"/>
        <line num="14" count="0" type="stmt"/>
        <line num="15" count="0" type="stmt"/>
        <line num="16" count="0" type="stmt"/>
        <line num="21" count="0" type="stmt"/>
        <line num="23" count="0" type="stmt"/>
        <line num="24" count="0" type="stmt"/>
        <line num="28" count="0" type="stmt"/>
        <line num="29" count="0" type="stmt"/>
        <line num="32" count="0" type="stmt"/>
        <line num="33" count="0" type="stmt"/>
        <line num="36" count="0" type="stmt"/>
        <line num="37" count="0" type="stmt"/>
        <line num="40" count="0" type="stmt"/>
        <line num="41" count="0" type="stmt"/>
        <line num="43" count="0" type="stmt"/>
        <line num="44" count="0" type="stmt"/>
        <line num="45" count="0" type="stmt"/>
        <line num="46" count="0" type="stmt"/>
        <line num="47" count="0" type="stmt"/>
        <line num="48" count="0" type="stmt"/>
        <line num="49" count="0" type="stmt"/>
        <line num="50" count="0" type="cond" truecount="0" falsecount="2"/>
        <line num="51" count="0" type="stmt"/>
        <line num="54" count="0" type="stmt"/>
        <line num="59" count="0" type="cond" truecount="0" falsecount="2"/>
        <line num="60" count="0" type="stmt"/>
        <line num="62" count="0" type="stmt"/>
        <line num="65" count="0" type="stmt"/>
        <line num="71" count="0" type="stmt"/>
        <line num="72" count="0" type="cond" truecount="0" falsecount="4"/>
        <line num="73" count="0" type="stmt"/>
        <line num="74" count="0" type="stmt"/>
        <line num="80" count="0" type="stmt"/>
        <line num="81" count="0" type="cond" truecount="0" falsecount="2"/>
        <line num="85" count="0" type="stmt"/>
        <line num="86" count="0" type="cond" truecount="0" falsecount="4"/>
        <line num="87" count="0" type="cond" truecount="0" falsecount="2"/>
      </file>
    </package>
    <package name="src.api">
      <metrics statements="46" coveredstatements="21" conditionals="16" coveredconditionals="1" methods="17" coveredmethods="11"/>
      <file name="client.js" path="C:\Users\Gupta\Downloads\VishwaGuru\frontend\src\api\client.js">
        <metrics statements="15" coveredstatements="0" conditionals="8" coveredconditionals="0" methods="4" coveredmethods="0"/>
        <line num="1" count="0" type="cond" truecount="0" falsecount="2"/>
        <line num="3" count="0" type="stmt"/>
        <line num="5" count="0" type="stmt"/>
        <line num="6" count="0" type="cond" truecount="0" falsecount="2"/>
        <line num="7" count="0" type="stmt"/>
        <line num="9" count="0" type="stmt"/>
        <line num="12" count="0" type="stmt"/>
        <line num="19" count="0" type="cond" truecount="0" falsecount="2"/>
        <line num="20" count="0" type="stmt"/>
        <line num="22" count="0" type="stmt"/>
        <line num="26" count="0" type="stmt"/>
        <line num="30" count="0" type="cond" truecount="0" falsecount="2"/>
        <line num="31" count="0" type="stmt"/>
        <line num="33" count="0" type="stmt"/>
        <line num="37" count="0" type="stmt"/>
      </file>
      <file name="detectors.js" path="C:\Users\Gupta\Downloads\VishwaGuru\frontend\src\api\detectors.js">
        <metrics statements="7" coveredstatements="6" conditionals="2" coveredconditionals="1" methods="4" coveredmethods="4"/>
        <line num="4" count="10" type="stmt"/>
        <line num="6" count="51" type="cond" truecount="1" falsecount="1"/>
        <line num="7" count="51" type="stmt"/>
        <line num="31" count="0" type="stmt"/>
        <line num="34" count="1" type="stmt"/>
        <line num="36" count="9" type="stmt"/>
        <line num="39" count="8" type="stmt"/>
      </file>
      <file name="index.js" path="C:\Users\Gupta\Downloads\VishwaGuru\frontend\src\api\index.js">
        <metrics statements="0" coveredstatements="0" conditionals="0" coveredconditionals="0" methods="0" coveredmethods="0"/>
      </file>
      <file name="issues.js" path="C:\Users\Gupta\Downloads\VishwaGuru\frontend\src\api\issues.js">
        <metrics statements="7" coveredstatements="7" conditionals="0" coveredconditionals="0" methods="3" coveredmethods="3"/>
        <line num="4" count="1" type="stmt"/>
        <line num="6" count="3" type="stmt"/>
        <line num="7" count="3" type="stmt"/>
        <line num="9" count="2" type="stmt"/>
        <line num="10" count="2" type="stmt"/>
        <line num="16" count="3" type="stmt"/>
        <line num="20" count="5" type="stmt"/>
      </file>
      <file name="location.js" path="C:\Users\Gupta\Downloads\VishwaGuru\frontend\src\api\location.js">
        <metrics statements="9" coveredstatements="0" conditionals="6" coveredconditionals="0" methods="2" coveredmethods="0"/>
        <line num="11" count="0" type="cond" truecount="0" falsecount="2"/>
        <line num="21" count="0" type="stmt"/>
        <line num="22" count="0" type="stmt"/>
        <line num="24" count="0" type="cond" truecount="0" falsecount="2"/>
        <line num="25" count="0" type="stmt"/>
        <line num="26" count="0" type="cond" truecount="0" falsecount="2"/>
        <line num="29" count="0" type="stmt"/>
        <line num="31" count="0" type="stmt"/>
        <line num="33" count="0" type="stmt"/>
      </file>
      <file name="misc.js" path="C:\Users\Gupta\Downloads\VishwaGuru\frontend\src\api\misc.js">
        <metrics statements="8" coveredstatements="8" conditionals="0" coveredconditionals="0" methods="4" coveredmethods="4"/>
        <line num="4" count="1" type="stmt"/>
        <line num="6" count="3" type="stmt"/>
        <line num="7" count="3" type="stmt"/>
        <line num="9" count="2" type="stmt"/>
        <line num="10" count="2" type="stmt"/>
        <line num="15" count="7" type="stmt"/>
        <line num="19" count="6" type="stmt"/>
        <line num="23" count="4" type="stmt"/>
      </file>
    </package>
    <package name="src.components">
      <metrics statements="74" coveredstatements="0" conditionals="46" coveredconditionals="0" methods="21" coveredmethods="0"/>
      <file name="ChatWidget.jsx" path="C:\Users\Gupta\Downloads\VishwaGuru\frontend\src\components\ChatWidget.jsx">
        <metrics statements="30" coveredstatements="0" conditionals="18" coveredconditionals="0" methods="10" coveredmethods="0"/>
        <line num="4" count="0" type="stmt"/>
        <line num="5" count="0" type="stmt"/>
        <line num="6" count="0" type="stmt"/>
        <line num="9" count="0" type="stmt"/>
        <line num="10" count="0" type="stmt"/>
        <line num="11" count="0" type="stmt"/>
        <line num="13" count="0" type="stmt"/>
        <line num="14" count="0" type="stmt"/>
        <line num="17" count="0" type="stmt"/>
        <line num="18" count="0" type="stmt"/>
        <line num="21" count="0" type="stmt"/>
        <line num="22" count="0" type="stmt"/>
        <line num="25" count="0" type="stmt"/>
        <line num="26" count="0" type="stmt"/>
        <line num="27" count="0" type="cond" truecount="0" falsecount="2"/>
        <line num="29" count="0" type="stmt"/>
        <line num="30" count="0" type="stmt"/>
        <line num="31" count="0" type="stmt"/>
        <line num="32" count="0" type="stmt"/>
        <line num="34" count="0" type="stmt"/>
        <line num="35" count="0" type="cond" truecount="0" falsecount="2"/>
        <line num="43" count="0" type="cond" truecount="0" falsecount="2"/>
        <line num="45" count="0" type="stmt"/>
        <line num="46" count="0" type="stmt"/>
        <line num="48" count="0" type="stmt"/>
        <line num="49" count="0" type="stmt"/>
        <line num="51" count="0" type="stmt"/>
        <line num="55" count="0" type="stmt"/>
        <line num="74" count="0" type="stmt"/>
        <line num="108" count="0" type="stmt"/>
      </file>
      <file name="StatusTracker.jsx" path="C:\Users\Gupta\Downloads\VishwaGuru\frontend\src\components\StatusTracker.jsx">
        <metrics statements="4" coveredstatements="0" conditionals="7" coveredconditionals="0" methods="2" coveredmethods="0"/>
        <line num="4" count="0" type="cond" truecount="0" falsecount="1"/>
        <line num="5" count="0" type="stmt"/>
        <line num="12" count="0" type="stmt"/>
        <line num="25" count="0" type="stmt"/>
      </file>
      <file name="VoiceInput.jsx" path="C:\Users\Gupta\Downloads\VishwaGuru\frontend\src\components\VoiceInput.jsx">
        <metrics statements="40" coveredstatements="0" conditionals="21" coveredconditionals="0" methods="9" coveredmethods="0"/>
        <line num="5" count="0" type="cond" truecount="0" falsecount="1"/>
        <line num="6" count="0" type="stmt"/>
        <line num="7" count="0" type="stmt"/>
        <line num="8" count="0" type="stmt"/>
        <line num="9" count="0" type="stmt"/>
        <line num="11" count="0" type="stmt"/>
        <line num="13" count="0" type="cond" truecount="0" falsecount="2"/>
        <line num="15" count="0" type="cond" truecount="0" falsecount="2"/>
        <line num="16" count="0" type="stmt"/>
        <line num="17" count="0" type="stmt"/>
        <line num="20" count="0" type="stmt"/>
        <line num="21" count="0" type="stmt"/>
        <line num="22" count="0" type="stmt"/>
        <line num="23" count="0" type="stmt"/>
        <line num="25" count="0" type="stmt"/>
        <line num="26" count="0" type="stmt"/>
        <line num="27" count="0" type="stmt"/>
        <line num="30" count="0" type="stmt"/>
        <line num="31" count="0" type="stmt"/>
        <line num="32" count="0" type="stmt"/>
        <line num="35" count="0" type="stmt"/>
        <line num="36" count="0" type="stmt"/>
        <line num="37" count="0" type="stmt"/>
        <line num="40" count="0" type="stmt"/>
        <line num="41" count="0" type="stmt"/>
        <line num="44" count="0" type="stmt"/>
        <line num="46" count="0" type="stmt"/>
        <line num="47" count="0" type="cond" truecount="0" falsecount="2"/>
        <line num="48" count="0" type="stmt"/>
        <line num="53" count="0" type="stmt"/>
        <line num="54" count="0" type="stmt"/>
        <line num="59" count="0" type="cond" truecount="0" falsecount="2"/>
        <line num="62" count="0" type="stmt"/>
        <line num="63" count="0" type="cond" truecount="0" falsecount="2"/>
        <line num="65" count="0" type="cond" truecount="0" falsecount="2"/>
        <line num="66" count="0" type="stmt"/>
        <line num="68" count="0" type="stmt"/>
        <line num="72" count="0" type="cond" truecount="0" falsecount="2"/>
        <line num="73" count="0" type="stmt"/>
        <line num="80" count="0" type="stmt"/>
      </file>
    </package>
    <package name="src.views">
      <metrics statements="243" coveredstatements="0" conditionals="185" coveredconditionals="0" methods="57" coveredmethods="0"/>
      <file name="ActionView.jsx" path="C:\Users\Gupta\Downloads\VishwaGuru\frontend\src\views\ActionView.jsx">
        <metrics statements="19" coveredstatements="0" conditionals="19" coveredconditionals="0" methods="6" coveredmethods="0"/>
        <line num="5" count="0" type="cond" truecount="0" falsecount="2"/>
        <line num="7" count="0" type="stmt"/>
        <line num="8" count="0" type="cond" truecount="0" falsecount="2"/>
        <line num="10" count="0" type="stmt"/>
        <line num="12" count="0" type="cond" truecount="0" falsecount="4"/>
        <line num="13" count="0" type="stmt"/>
        <line num="14" count="0" type="stmt"/>
        <line num="15" count="0" type="stmt"/>
        <line num="16" count="0" type="cond" truecount="0" falsecount="2"/>
        <line num="17" count="0" type="stmt"/>
        <line num="19" count="0" type="stmt"/>
        <line num="20" count="0" type="cond" truecount="0" falsecount="5"/>
        <line num="22" count="0" type="stmt"/>
        <line num="26" count="0" type="stmt"/>
        <line num="30" count="0" type="stmt"/>
        <line num="33" count="0" type="cond" truecount="0" falsecount="2"/>
        <line num="34" count="0" type="stmt"/>
        <line num="46" count="0" type="stmt"/>
        <line num="107" count="0" type="stmt"/>
      </file>
      <file name="Home.jsx" path="C:\Users\Gupta\Downloads\VishwaGuru\frontend\src\views\Home.jsx">
        <metrics statements="14" coveredstatements="0" conditionals="12" coveredconditionals="0" methods="9" coveredmethods="0"/>
        <line num="10" count="0" type="stmt"/>
        <line num="11" count="0" type="stmt"/>
        <line num="12" count="0" type="stmt"/>
        <line num="13" count="0" type="cond" truecount="0" falsecount="2"/>
        <line num="15" count="0" type="stmt"/>
        <line num="50" count="0" type="stmt"/>
        <line num="63" count="0" type="stmt"/>
        <line num="81" count="0" type="stmt"/>
        <line num="102" count="0" type="stmt"/>
        <line num="109" count="0" type="stmt"/>
        <line num="111" count="0" type="stmt"/>
        <line num="148" count="0" type="stmt"/>
        <line num="170" count="0" type="stmt"/>
        <line num="178" count="0" type="stmt"/>
      </file>
      <file name="MaharashtraRepView.jsx" path="C:\Users\Gupta\Downloads\VishwaGuru\frontend\src\views\MaharashtraRepView.jsx">
        <metrics statements="19" coveredstatements="0" conditionals="13" coveredconditionals="0" methods="5" coveredmethods="0"/>
        <line num="4" count="0" type="stmt"/>
        <line num="5" count="0" type="stmt"/>
        <line num="6" count="0" type="stmt"/>
        <line num="8" count="0" type="stmt"/>
        <line num="9" count="0" type="stmt"/>
        <line num="10" count="0" type="stmt"/>
        <line num="11" count="0" type="stmt"/>
        <line num="12" count="0" type="stmt"/>
        <line num="14" count="0" type="stmt"/>
        <line num="15" count="0" type="stmt"/>
        <line num="16" count="0" type="stmt"/>
        <line num="18" count="0" type="stmt"/>
        <line num="20" count="0" type="stmt"/>
        <line num="24" count="0" type="stmt"/>
        <line num="41" count="0" type="stmt"/>
        <line num="65" count="0" type="stmt"/>
        <line num="146" count="0" type="stmt"/>
        <line num="147" count="0" type="stmt"/>
        <line num="148" count="0" type="stmt"/>
      </file>
      <file name="MapView.jsx" path="C:\Users\Gupta\Downloads\VishwaGuru\frontend\src\views\MapView.jsx">
        <metrics statements="4" coveredstatements="0" conditionals="2" coveredconditionals="0" methods="3" coveredmethods="0"/>
        <line num="3" count="0" type="stmt"/>
        <line num="4" count="0" type="stmt"/>
        <line num="8" count="0" type="stmt"/>
        <line num="15" count="0" type="stmt"/>
      </file>
      <file name="NotFound.jsx" path="C:\Users\Gupta\Downloads\VishwaGuru\frontend\src\views\NotFound.jsx">
        <metrics statements="2" coveredstatements="0" conditionals="0" coveredconditionals="0" methods="1" coveredmethods="0"/>
        <line num="5" count="0" type="stmt"/>
        <line num="6" count="0" type="stmt"/>
      </file>
      <file name="ReportForm.jsx" path="C:\Users\Gupta\Downloads\VishwaGuru\frontend\src\views\ReportForm.jsx">
        <metrics statements="124" coveredstatements="0" conditionals="99" coveredconditionals="0" methods="21" coveredmethods="0"/>
        <line num="10" count="0" type="cond" truecount="0" falsecount="2"/>
        <line num="12" count="0" type="stmt"/>
        <line num="13" count="0" type="stmt"/>
        <line num="14" count="0" type="cond" truecount="0" falsecount="2"/>
        <line num="15" count="0" type="stmt"/>
        <line num="23" count="0" type="stmt"/>
        <line num="24" count="0" type="stmt"/>
        <line num="25" count="0" type="stmt"/>
        <line num="26" count="0" type="stmt"/>
        <line num="27" count="0" type="stmt"/>
        <line num="28" count="0" type="stmt"/>
        <line num="29" count="0" type="stmt"/>
        <line num="30" count="0" type="stmt"/>
        <line num="32" count="0" type="stmt"/>
        <line num="33" count="0" type="stmt"/>
        <line num="34" count="0" type="stmt"/>
        <line num="36" count="0" type="stmt"/>
        <line num="37" count="0" type="stmt"/>
        <line num="39" count="0" type="stmt"/>
        <line num="40" count="0" type="stmt"/>
        <line num="41" count="0" type="stmt"/>
        <line num="45" count="0" type="stmt"/>
        <line num="46" count="0" type="cond" truecount="0" falsecount="4"/>
        <line num="47" count="0" type="stmt"/>
        <line num="48" count="0" type="stmt"/>
        <line num="49" count="0" type="stmt"/>
        <line num="56" count="0" type="cond" truecount="0" falsecount="2"/>
        <line num="57" count="0" type="stmt"/>
        <line num="58" count="0" type="stmt"/>
        <line num="61" count="0" type="stmt"/>
        <line num="63" count="0" type="stmt"/>
        <line num="67" count="0" type="stmt"/>
        <line num="68" count="0" type="cond" truecount="0" falsecount="2"/>
        <line num="69" count="0" type="stmt"/>
        <line num="71" count="0" type="stmt"/>
        <line num="72" count="0" type="stmt"/>
        <line num="74" count="0" type="stmt"/>
        <line num="75" count="0" type="stmt"/>
        <line num="79" count="0" type="cond" truecount="0" falsecount="2"/>
        <line num="80" count="0" type="stmt"/>
        <line num="81" count="0" type="cond" truecount="0" falsecount="2"/>
        <line num="82" count="0" type="stmt"/>
        <line num="86" count="0" type="stmt"/>
        <line num="88" count="0" type="stmt"/>
        <line num="92" count="0" type="stmt"/>
        <line num="93" count="0" type="cond" truecount="0" falsecount="2"/>
        <line num="94" count="0" type="stmt"/>
        <line num="95" count="0" type="stmt"/>
        <line num="97" count="0" type="stmt"/>
        <line num="98" count="0" type="stmt"/>
        <line num="100" count="0" type="stmt"/>
        <line num="101" count="0" type="stmt"/>
        <line num="105" count="0" type="cond" truecount="0" falsecount="2"/>
        <line num="106" count="0" type="stmt"/>
        <line num="107" count="0" type="stmt"/>
        <line num="110" count="0" type="stmt"/>
        <line num="112" count="0" type="stmt"/>
        <line num="116" count="0" type="stmt"/>
        <line num="117" count="0" type="stmt"/>
        <line num="118" count="0" type="cond" truecount="0" falsecount="2"/>
        <line num="119" count="0" type="stmt"/>
        <line num="120" count="0" type="stmt"/>
        <line num="124" count="0" type="stmt"/>
        <line num="125" count="0" type="stmt"/>
        <line num="126" count="0" type="cond" truecount="0" falsecount="2"/>
        <line num="127" count="0" type="stmt"/>
        <line num="129" count="0" type="stmt"/>
        <line num="135" count="0" type="stmt"/>
        <line num="138" count="0" type="stmt"/>
        <line num="139" count="0" type="stmt"/>
        <line num="140" count="0" type="stmt"/>
        <line num="144" count="0" type="stmt"/>
        <line num="145" count="0" type="stmt"/>
        <line num="149" count="0" type="stmt"/>
        <line num="150" count="0" type="stmt"/>
        <line num="151" count="0" type="stmt"/>
        <line num="152" count="0" type="stmt"/>
        <line num="153" count="0" type="stmt"/>
        <line num="155" count="0" type="stmt"/>
        <line num="157" count="0" type="cond" truecount="0" falsecount="2"/>
        <line num="159" count="0" type="stmt"/>
        <line num="160" count="0" type="stmt"/>
        <line num="170" count="0" type="stmt"/>
        <line num="171" count="0" type="stmt"/>
        <line num="172" count="0" type="stmt"/>
        <line num="173" count="0" type="stmt"/>
        <line num="174" count="0" type="stmt"/>
        <line num="176" count="0" type="stmt"/>
        <line num="177" count="0" type="stmt"/>
        <line num="179" count="0" type="stmt"/>
        <line num="181" count="0" type="stmt"/>
        <line num="184" count="0" type="stmt"/>
        <line num="185" count="0" type="stmt"/>
        <line num="186" count="0" type="stmt"/>
        <line num="187" count="0" type="stmt"/>
        <line num="188" count="0" type="cond" truecount="0" falsecount="2"/>
        <line num="189" count="0" type="cond" truecount="0" falsecount="2"/>
        <line num="190" count="0" type="cond" truecount="0" falsecount="2"/>
        <line num="191" count="0" type="cond" truecount="0" falsecount="2"/>
        <line num="192" count="0" type="stmt"/>
        <line num="195" count="0" type="cond" truecount="0" falsecount="2"/>
        <line num="196" count="0" type="stmt"/>
        <line num="197" count="0" type="stmt"/>
        <line num="200" count="0" type="stmt"/>
        <line num="201" count="0" type="stmt"/>
        <line num="206" count="0" type="cond" truecount="0" falsecount="2"/>
        <line num="208" count="0" type="stmt"/>
        <line num="209" count="0" type="cond" truecount="0" falsecount="2"/>
        <line num="210" count="0" type="stmt"/>
        <line num="212" count="0" type="stmt"/>
        <line num="214" count="0" type="stmt"/>
        <line num="215" count="0" type="stmt"/>
        <line num="217" count="0" type="stmt"/>
        <line num="219" count="0" type="stmt"/>
        <line num="220" count="0" type="stmt"/>
        <line num="221" count="0" type="stmt"/>
        <line num="222" count="0" type="stmt"/>
        <line num="224" count="0" type="stmt"/>
        <line num="228" count="0" type="stmt"/>
        <line num="237" count="0" type="stmt"/>
        <line num="253" count="0" type="stmt"/>
        <line num="269" count="0" type="stmt"/>
        <line num="275" count="0" type="stmt"/>
        <line num="419" count="0" type="stmt"/>
      </file>
      <file name="StatsView.jsx" path="C:\Users\Gupta\Downloads\VishwaGuru\frontend\src\views\StatsView.jsx">
        <metrics statements="19" coveredstatements="0" conditionals="6" coveredconditionals="0" methods="5" coveredmethods="0"/>
        <line num="5" count="0" type="stmt"/>
        <line num="6" count="0" type="stmt"/>
        <line num="7" count="0" type="stmt"/>
        <line num="8" count="0" type="stmt"/>
        <line num="10" count="0" type="stmt"/>
        <line num="11" count="0" type="stmt"/>
        <line num="12" count="0" type="stmt"/>
        <line num="13" count="0" type="stmt"/>
        <line num="14" count="0" type="stmt"/>
        <line num="16" count="0" type="stmt"/>
        <line num="17" count="0" type="stmt"/>
        <line num="19" count="0" type="stmt"/>
        <line num="22" count="0" type="stmt"/>
        <line num="25" count="0" type="cond" truecount="0" falsecount="2"/>
        <line num="31" count="0" type="cond" truecount="0" falsecount="2"/>
        <line num="33" count="0" type="stmt"/>
        <line num="35" count="0" type="stmt"/>
        <line num="38" count="0" type="stmt"/>
        <line num="73" count="0" type="stmt"/>
      </file>
      <file name="VerifyView.jsx" path="C:\Users\Gupta\Downloads\VishwaGuru\frontend\src\views\VerifyView.jsx">
        <metrics statements="42" coveredstatements="0" conditionals="34" coveredconditionals="0" methods="7" coveredmethods="0"/>
        <line num="6" count="0" type="cond" truecount="0" falsecount="2"/>
        <line num="8" count="0" type="stmt"/>
        <line num="9" count="0" type="stmt"/>
        <line num="10" count="0" type="stmt"/>
        <line num="11" count="0" type="stmt"/>
        <line num="12" count="0" type="stmt"/>
        <line num="13" count="0" type="stmt"/>
        <line num="14" count="0" type="stmt"/>
        <line num="15" count="0" type="stmt"/>
        <line num="16" count="0" type="stmt"/>
        <line num="18" count="0" type="stmt"/>
        <line num="19" count="0" type="stmt"/>
        <line num="20" count="0" type="stmt"/>
        <line num="21" count="0" type="stmt"/>
        <line num="22" count="0" type="stmt"/>
        <line num="23" count="0" type="cond" truecount="0" falsecount="2"/>
        <line num="24" count="0" type="stmt"/>
        <line num="26" count="0" type="stmt"/>
        <line num="29" count="0" type="stmt"/>
        <line num="31" count="0" type="stmt"/>
        <line num="34" count="0" type="stmt"/>
        <line num="37" count="0" type="stmt"/>
        <line num="38" count="0" type="cond" truecount="0" falsecount="4"/>
        <line num="39" count="0" type="stmt"/>
        <line num="40" count="0" type="stmt"/>
        <line num="44" count="0" type="stmt"/>
        <line num="45" count="0" type="cond" truecount="0" falsecount="2"/>
        <line num="46" count="0" type="stmt"/>
        <line num="48" count="0" type="stmt"/>
        <line num="49" count="0" type="stmt"/>
        <line num="51" count="0" type="stmt"/>
        <line num="52" count="0" type="stmt"/>
        <line num="57" count="0" type="cond" truecount="0" falsecount="2"/>
        <line num="59" count="0" type="stmt"/>
        <line num="60" count="0" type="stmt"/>
        <line num="62" count="0" type="stmt"/>
        <line num="63" count="0" type="stmt"/>
        <line num="65" count="0" type="stmt"/>
        <line num="69" count="0" type="cond" truecount="0" falsecount="2"/>
        <line num="70" count="0" type="cond" truecount="0" falsecount="4"/>
        <line num="72" count="0" type="stmt"/>
        <line num="74" count="0" type="stmt"/>
      </file>
    </package>
  </project>
</coverage>
