{"C:\\Users\\Gupta\\Downloads\\VishwaGuru\\frontend\\src\\App.jsx": {"path":"C:\\Users\\Gupta\\Downloads\\VishwaGuru\\frontend\\src\\App.jsx","statementMap":{"0":{"start":{"line":8,"column":13},"end":{"line":8,"column":53}},"1":{"start":{"line":8,"column":30},"end":{"line":8,"column":52}},"2":{"start":{"line":9,"column":16},"end":{"line":9,"column":59}},"3":{"start":{"line":9,"column":33},"end":{"line":9,"column":58}},"4":{"start":{"line":10,"column":19},"end":{"line":10,"column":65}},"5":{"start":{"line":10,"column":36},"end":{"line":10,"column":64}},"6":{"start":{"line":11,"column":19},"end":{"line":11,"column":65}},"7":{"start":{"line":11,"column":36},"end":{"line":11,"column":64}},"8":{"start":{"line":12,"column":27},"end":{"line":12,"column":81}},"9":{"start":{"line":12,"column":44},"end":{"line":12,"column":80}},"10":{"start":{"line":13,"column":19},"end":{"line":13,"column":65}},"11":{"start":{"line":13,"column":36},"end":{"line":13,"column":64}},"12":{"start":{"line":14,"column":18},"end":{"line":14,"column":63}},"13":{"start":{"line":14,"column":35},"end":{"line":14,"column":62}},"14":{"start":{"line":15,"column":17},"end":{"line":15,"column":61}},"15":{"start":{"line":15,"column":34},"end":{"line":15,"column":60}},"16":{"start":{"line":18,"column":24},"end":{"line":18,"column":69}},"17":{"start":{"line":18,"column":41},"end":{"line":18,"column":68}},"18":{"start":{"line":19,"column":24},"end":{"line":19,"column":69}},"19":{"start":{"line":19,"column":41},"end":{"line":19,"column":68}},"20":{"start":{"line":20,"column":26},"end":{"line":20,"column":73}},"21":{"start":{"line":20,"column":43},"end":{"line":20,"column":72}},"22":{"start":{"line":21,"column":22},"end":{"line":21,"column":65}},"23":{"start":{"line":21,"column":39},"end":{"line":21,"column":64}},"24":{"start":{"line":22,"column":31},"end":{"line":22,"column":83}},"25":{"start":{"line":22,"column":48},"end":{"line":22,"column":82}},"26":{"start":{"line":23,"column":31},"end":{"line":23,"column":83}},"27":{"start":{"line":23,"column":48},"end":{"line":23,"column":82}},"28":{"start":{"line":24,"column":28},"end":{"line":24,"column":77}},"29":{"start":{"line":24,"column":45},"end":{"line":24,"column":76}},"30":{"start":{"line":25,"column":21},"end":{"line":25,"column":63}},"31":{"start":{"line":25,"column":38},"end":{"line":25,"column":62}},"32":{"start":{"line":26,"column":28},"end":{"line":26,"column":77}},"33":{"start":{"line":26,"column":45},"end":{"line":26,"column":76}},"34":{"start":{"line":27,"column":28},"end":{"line":27,"column":77}},"35":{"start":{"line":27,"column":45},"end":{"line":27,"column":76}},"36":{"start":{"line":28,"column":21},"end":{"line":28,"column":63}},"37":{"start":{"line":28,"column":38},"end":{"line":28,"column":62}},"38":{"start":{"line":29,"column":21},"end":{"line":29,"column":63}},"39":{"start":{"line":29,"column":38},"end":{"line":29,"column":62}},"40":{"start":{"line":30,"column":21},"end":{"line":30,"column":63}},"41":{"start":{"line":30,"column":38},"end":{"line":30,"column":62}},"42":{"start":{"line":34,"column":19},"end":{"line":34,"column":32}},"43":{"start":{"line":35,"column":52},"end":{"line":35,"column":66}},"44":{"start":{"line":36,"column":38},"end":{"line":36,"column":52}},"45":{"start":{"line":37,"column":54},"end":{"line":37,"column":68}},"46":{"start":{"line":38,"column":42},"end":{"line":38,"column":54}},"47":{"start":{"line":39,"column":32},"end":{"line":39,"column":47}},"48":{"start":{"line":40,"column":28},"end":{"line":40,"column":42}},"49":{"start":{"line":43,"column":25},"end":{"line":48,"column":3}},"50":{"start":{"line":44,"column":23},"end":{"line":44,"column":224}},"51":{"start":{"line":45,"column":4},"end":{"line":47,"column":5}},"52":{"start":{"line":46,"column":6},"end":{"line":46,"column":51}},"53":{"start":{"line":51,"column":28},"end":{"line":59,"column":3}},"54":{"start":{"line":52,"column":4},"end":{"line":58,"column":5}},"55":{"start":{"line":53,"column":19},"end":{"line":53,"column":46}},"56":{"start":{"line":54,"column":6},"end":{"line":54,"column":28}},"57":{"start":{"line":56,"column":6},"end":{"line":56,"column":73}},"58":{"start":{"line":57,"column":6},"end":{"line":57,"column":40}},"59":{"start":{"line":61,"column":2},"end":{"line":63,"column":9}},"60":{"start":{"line":62,"column":4},"end":{"line":62,"column":24}},"61":{"start":{"line":65,"column":23},"end":{"line":75,"column":3}},"62":{"start":{"line":66,"column":4},"end":{"line":74,"column":5}},"63":{"start":{"line":67,"column":8},"end":{"line":67,"column":33}},"64":{"start":{"line":69,"column":8},"end":{"line":71,"column":11}},"65":{"start":{"line":69,"column":32},"end":{"line":71,"column":9}},"66":{"start":{"line":70,"column":12},"end":{"line":70,"column":85}},"67":{"start":{"line":73,"column":8},"end":{"line":73,"column":45}},"68":{"start":{"line":78,"column":33},"end":{"line":92,"column":3}},"69":{"start":{"line":79,"column":4},"end":{"line":79,"column":21}},"70":{"start":{"line":80,"column":4},"end":{"line":80,"column":19}},"71":{"start":{"line":81,"column":4},"end":{"line":91,"column":5}},"72":{"start":{"line":82,"column":19},"end":{"line":82,"column":55}},"73":{"start":{"line":83,"column":6},"end":{"line":83,"column":33}},"74":{"start":{"line":84,"column":6},"end":{"line":84,"column":23}},"75":{"start":{"line":86,"column":6},"end":{"line":86,"column":80}},"76":{"start":{"line":87,"column":6},"end":{"line":87,"column":50}},"77":{"start":{"line":88,"column":6},"end":{"line":88,"column":23}},"78":{"start":{"line":90,"column":6},"end":{"line":90,"column":24}},"79":{"start":{"line":94,"column":2},"end":{"line":237,"column":4}},"80":{"start":{"line":190,"column":75},"end":{"line":190,"column":88}},"81":{"start":{"line":191,"column":75},"end":{"line":191,"column":88}},"82":{"start":{"line":196,"column":41},"end":{"line":196,"column":54}},"83":{"start":{"line":207,"column":41},"end":{"line":207,"column":54}},"84":{"start":{"line":216,"column":61},"end":{"line":216,"column":74}},"85":{"start":{"line":218,"column":82},"end":{"line":218,"column":95}},"86":{"start":{"line":219,"column":83},"end":{"line":219,"column":96}},"87":{"start":{"line":220,"column":69},"end":{"line":220,"column":82}},"88":{"start":{"line":221,"column":78},"end":{"line":221,"column":91}},"89":{"start":{"line":222,"column":79},"end":{"line":222,"column":92}},"90":{"start":{"line":223,"column":69},"end":{"line":223,"column":82}},"91":{"start":{"line":224,"column":69},"end":{"line":224,"column":82}},"92":{"start":{"line":225,"column":75},"end":{"line":225,"column":88}},"93":{"start":{"line":241,"column":2},"end":{"line":245,"column":4}}},"fnMap":{"0":{"name":"(anonymous_0)","decl":{"start":{"line":8,"column":24},"end":{"line":8,"column":25}},"loc":{"start":{"line":8,"column":30},"end":{"line":8,"column":52}},"line":8},"1":{"name":"(anonymous_1)","decl":{"start":{"line":9,"column":27},"end":{"line":9,"column":28}},"loc":{"start":{"line":9,"column":33},"end":{"line":9,"column":58}},"line":9},"2":{"name":"(anonymous_2)","decl":{"start":{"line":10,"column":30},"end":{"line":10,"column":31}},"loc":{"start":{"line":10,"column":36},"end":{"line":10,"column":64}},"line":10},"3":{"name":"(anonymous_3)","decl":{"start":{"line":11,"column":30},"end":{"line":11,"column":31}},"loc":{"start":{"line":11,"column":36},"end":{"line":11,"column":64}},"line":11},"4":{"name":"(anonymous_4)","decl":{"start":{"line":12,"column":38},"end":{"line":12,"column":39}},"loc":{"start":{"line":12,"column":44},"end":{"line":12,"column":80}},"line":12},"5":{"name":"(anonymous_5)","decl":{"start":{"line":13,"column":30},"end":{"line":13,"column":31}},"loc":{"start":{"line":13,"column":36},"end":{"line":13,"column":64}},"line":13},"6":{"name":"(anonymous_6)","decl":{"start":{"line":14,"column":29},"end":{"line":14,"column":30}},"loc":{"start":{"line":14,"column":35},"end":{"line":14,"column":62}},"line":14},"7":{"name":"(anonymous_7)","decl":{"start":{"line":15,"column":28},"end":{"line":15,"column":29}},"loc":{"start":{"line":15,"column":34},"end":{"line":15,"column":60}},"line":15},"8":{"name":"(anonymous_8)","decl":{"start":{"line":18,"column":35},"end":{"line":18,"column":36}},"loc":{"start":{"line":18,"column":41},"end":{"line":18,"column":68}},"line":18},"9":{"name":"(anonymous_9)","decl":{"start":{"line":19,"column":35},"end":{"line":19,"column":36}},"loc":{"start":{"line":19,"column":41},"end":{"line":19,"column":68}},"line":19},"10":{"name":"(anonymous_10)","decl":{"start":{"line":20,"column":37},"end":{"line":20,"column":38}},"loc":{"start":{"line":20,"column":43},"end":{"line":20,"column":72}},"line":20},"11":{"name":"(anonymous_11)","decl":{"start":{"line":21,"column":33},"end":{"line":21,"column":34}},"loc":{"start":{"line":21,"column":39},"end":{"line":21,"column":64}},"line":21},"12":{"name":"(anonymous_12)","decl":{"start":{"line":22,"column":42},"end":{"line":22,"column":43}},"loc":{"start":{"line":22,"column":48},"end":{"line":22,"column":82}},"line":22},"13":{"name":"(anonymous_13)","decl":{"start":{"line":23,"column":42},"end":{"line":23,"column":43}},"loc":{"start":{"line":23,"column":48},"end":{"line":23,"column":82}},"line":23},"14":{"name":"(anonymous_14)","decl":{"start":{"line":24,"column":39},"end":{"line":24,"column":40}},"loc":{"start":{"line":24,"column":45},"end":{"line":24,"column":76}},"line":24},"15":{"name":"(anonymous_15)","decl":{"start":{"line":25,"column":32},"end":{"line":25,"column":33}},"loc":{"start":{"line":25,"column":38},"end":{"line":25,"column":62}},"line":25},"16":{"name":"(anonymous_16)","decl":{"start":{"line":26,"column":39},"end":{"line":26,"column":40}},"loc":{"start":{"line":26,"column":45},"end":{"line":26,"column":76}},"line":26},"17":{"name":"(anonymous_17)","decl":{"start":{"line":27,"column":39},"end":{"line":27,"column":40}},"loc":{"start":{"line":27,"column":45},"end":{"line":27,"column":76}},"line":27},"18":{"name":"(anonymous_18)","decl":{"start":{"line":28,"column":32},"end":{"line":28,"column":33}},"loc":{"start":{"line":28,"column":38},"end":{"line":28,"column":62}},"line":28},"19":{"name":"(anonymous_19)","decl":{"start":{"line":29,"column":32},"end":{"line":29,"column":33}},"loc":{"start":{"line":29,"column":38},"end":{"line":29,"column":62}},"line":29},"20":{"name":"(anonymous_20)","decl":{"start":{"line":30,"column":32},"end":{"line":30,"column":33}},"loc":{"start":{"line":30,"column":38},"end":{"line":30,"column":62}},"line":30},"21":{"name":"AppContent","decl":{"start":{"line":33,"column":9},"end":{"line":33,"column":19}},"loc":{"start":{"line":33,"column":22},"end":{"line":238,"column":1}},"line":33},"22":{"name":"(anonymous_22)","decl":{"start":{"line":43,"column":25},"end":{"line":43,"column":26}},"loc":{"start":{"line":43,"column":35},"end":{"line":48,"column":3}},"line":43},"23":{"name":"(anonymous_23)","decl":{"start":{"line":51,"column":28},"end":{"line":51,"column":29}},"loc":{"start":{"line":51,"column":40},"end":{"line":59,"column":3}},"line":51},"24":{"name":"(anonymous_24)","decl":{"start":{"line":61,"column":12},"end":{"line":61,"column":13}},"loc":{"start":{"line":61,"column":18},"end":{"line":63,"column":3}},"line":61},"25":{"name":"(anonymous_25)","decl":{"start":{"line":65,"column":23},"end":{"line":65,"column":24}},"loc":{"start":{"line":65,"column":37},"end":{"line":75,"column":3}},"line":65},"26":{"name":"(anonymous_26)","decl":{"start":{"line":69,"column":24},"end":{"line":69,"column":25}},"loc":{"start":{"line":69,"column":32},"end":{"line":71,"column":9}},"line":69},"27":{"name":"(anonymous_27)","decl":{"start":{"line":69,"column":41},"end":{"line":69,"column":42}},"loc":{"start":{"line":70,"column":12},"end":{"line":70,"column":85}},"line":70},"28":{"name":"(anonymous_28)","decl":{"start":{"line":78,"column":33},"end":{"line":78,"column":34}},"loc":{"start":{"line":78,"column":45},"end":{"line":92,"column":3}},"line":78},"29":{"name":"(anonymous_29)","decl":{"start":{"line":190,"column":69},"end":{"line":190,"column":70}},"loc":{"start":{"line":190,"column":75},"end":{"line":190,"column":88}},"line":190},"30":{"name":"(anonymous_30)","decl":{"start":{"line":191,"column":69},"end":{"line":191,"column":70}},"loc":{"start":{"line":191,"column":75},"end":{"line":191,"column":88}},"line":191},"31":{"name":"(anonymous_31)","decl":{"start":{"line":196,"column":35},"end":{"line":196,"column":36}},"loc":{"start":{"line":196,"column":41},"end":{"line":196,"column":54}},"line":196},"32":{"name":"(anonymous_32)","decl":{"start":{"line":207,"column":35},"end":{"line":207,"column":36}},"loc":{"start":{"line":207,"column":41},"end":{"line":207,"column":54}},"line":207},"33":{"name":"(anonymous_33)","decl":{"start":{"line":216,"column":55},"end":{"line":216,"column":56}},"loc":{"start":{"line":216,"column":61},"end":{"line":216,"column":74}},"line":216},"34":{"name":"(anonymous_34)","decl":{"start":{"line":218,"column":76},"end":{"line":218,"column":77}},"loc":{"start":{"line":218,"column":82},"end":{"line":218,"column":95}},"line":218},"35":{"name":"(anonymous_35)","decl":{"start":{"line":219,"column":77},"end":{"line":219,"column":78}},"loc":{"start":{"line":219,"column":83},"end":{"line":219,"column":96}},"line":219},"36":{"name":"(anonymous_36)","decl":{"start":{"line":220,"column":63},"end":{"line":220,"column":64}},"loc":{"start":{"line":220,"column":69},"end":{"line":220,"column":82}},"line":220},"37":{"name":"(anonymous_37)","decl":{"start":{"line":221,"column":72},"end":{"line":221,"column":73}},"loc":{"start":{"line":221,"column":78},"end":{"line":221,"column":91}},"line":221},"38":{"name":"(anonymous_38)","decl":{"start":{"line":222,"column":73},"end":{"line":222,"column":74}},"loc":{"start":{"line":222,"column":79},"end":{"line":222,"column":92}},"line":222},"39":{"name":"(anonymous_39)","decl":{"start":{"line":223,"column":63},"end":{"line":223,"column":64}},"loc":{"start":{"line":223,"column":69},"end":{"line":223,"column":82}},"line":223},"40":{"name":"(anonymous_40)","decl":{"start":{"line":224,"column":63},"end":{"line":224,"column":64}},"loc":{"start":{"line":224,"column":69},"end":{"line":224,"column":82}},"line":224},"41":{"name":"(anonymous_41)","decl":{"start":{"line":225,"column":69},"end":{"line":225,"column":70}},"loc":{"start":{"line":225,"column":75},"end":{"line":225,"column":88}},"line":225},"42":{"name":"App","decl":{"start":{"line":240,"column":9},"end":{"line":240,"column":12}},"loc":{"start":{"line":240,"column":15},"end":{"line":246,"column":1}},"line":240}},"branchMap":{"0":{"loc":{"start":{"line":45,"column":4},"end":{"line":47,"column":5}},"type":"if","locations":[{"start":{"line":45,"column":4},"end":{"line":47,"column":5}},{"start":{},"end":{}}],"line":45},"1":{"loc":{"start":{"line":46,"column":15},"end":{"line":46,"column":49}},"type":"cond-expr","locations":[{"start":{"line":46,"column":33},"end":{"line":46,"column":36}},{"start":{"line":46,"column":39},"end":{"line":46,"column":49}}],"line":46},"2":{"loc":{"start":{"line":70,"column":12},"end":{"line":70,"column":85}},"type":"cond-expr","locations":[{"start":{"line":70,"column":30},"end":{"line":70,"column":77}},{"start":{"line":70,"column":80},"end":{"line":70,"column":85}}],"line":70},"3":{"loc":{"start":{"line":70,"column":52},"end":{"line":70,"column":70}},"type":"binary-expr","locations":[{"start":{"line":70,"column":52},"end":{"line":70,"column":65}},{"start":{"line":70,"column":69},"end":{"line":70,"column":70}}],"line":70},"4":{"loc":{"start":{"line":109,"column":9},"end":{"line":113,"column":9}},"type":"binary-expr","locations":[{"start":{"line":109,"column":9},"end":{"line":109,"column":16}},{"start":{"line":110,"column":10},"end":{"line":112,"column":16}}],"line":109},"5":{"loc":{"start":{"line":115,"column":9},"end":{"line":119,"column":9}},"type":"binary-expr","locations":[{"start":{"line":115,"column":9},"end":{"line":115,"column":14}},{"start":{"line":116,"column":10},"end":{"line":118,"column":16}}],"line":115}},"s":{"0":0,"1":0,"2":0,"3":0,"4":0,"5":0,"6":0,"7":0,"8":0,"9":0,"10":0,"11":0,"12":0,"13":0,"14":0,"15":0,"16":0,"17":0,"18":0,"19":0,"20":0,"21":0,"22":0,"23":0,"24":0,"25":0,"26":0,"27":0,"28":0,"29":0,"30":0,"31":0,"32":0,"33":0,"34":0,"35":0,"36":0,"37":0,"38":0,"39":0,"40":0,"41":0,"42":0,"43":0,"44":0,"45":0,"46":0,"47":0,"48":0,"49":0,"50":0,"51":0,"52":0,"53":0,"54":0,"55":0,"56":0,"57":0,"58":0,"59":0,"60":0,"61":0,"62":0,"63":0,"64":0,"65":0,"66":0,"67":0,"68":0,"69":0,"70":0,"71":0,"72":0,"73":0,"74":0,"75":0,"76":0,"77":0,"78":0,"79":0,"80":0,"81":0,"82":0,"83":0,"84":0,"85":0,"86":0,"87":0,"88":0,"89":0,"90":0,"91":0,"92":0,"93":0},"f":{"0":0,"1":0,"2":0,"3":0,"4":0,"5":0,"6":0,"7":0,"8":0,"9":0,"10":0,"11":0,"12":0,"13":0,"14":0,"15":0,"16":0,"17":0,"18":0,"19":0,"20":0,"21":0,"22":0,"23":0,"24":0,"25":0,"26":0,"27":0,"28":0,"29":0,"30":0,"31":0,"32":0,"33":0,"34":0,"35":0,"36":0,"37":0,"38":0,"39":0,"40":0,"41":0,"42":0},"b":{"0":[0,0],"1":[0,0],"2":[0,0],"3":[0,0],"4":[0,0],"5":[0,0]}}
,"C:\\Users\\Gupta\\Downloads\\VishwaGuru\\frontend\\src\\BlockedRoadDetector.jsx": {"path":"C:\\Users\\Gupta\\Downloads\\VishwaGuru\\frontend\\src\\BlockedRoadDetector.jsx","statementMap":{"0":{"start":{"line":4,"column":28},"end":{"line":123,"column":1}},"1":{"start":{"line":5,"column":20},"end":{"line":5,"column":32}},"2":{"start":{"line":6,"column":30},"end":{"line":6,"column":44}},"3":{"start":{"line":7,"column":38},"end":{"line":7,"column":50}},"4":{"start":{"line":8,"column":32},"end":{"line":8,"column":47}},"5":{"start":{"line":9,"column":40},"end":{"line":9,"column":54}},"6":{"start":{"line":11,"column":18},"end":{"line":14,"column":17}},"7":{"start":{"line":12,"column":21},"end":{"line":12,"column":54}},"8":{"start":{"line":13,"column":4},"end":{"line":13,"column":24}},"9":{"start":{"line":16,"column":17},"end":{"line":19,"column":3}},"10":{"start":{"line":17,"column":4},"end":{"line":17,"column":20}},"11":{"start":{"line":18,"column":4},"end":{"line":18,"column":22}},"12":{"start":{"line":21,"column":22},"end":{"line":55,"column":3}},"13":{"start":{"line":22,"column":4},"end":{"line":22,"column":24}},"14":{"start":{"line":22,"column":17},"end":{"line":22,"column":24}},"15":{"start":{"line":23,"column":4},"end":{"line":23,"column":21}},"16":{"start":{"line":24,"column":4},"end":{"line":24,"column":22}},"17":{"start":{"line":26,"column":4},"end":{"line":54,"column":5}},"18":{"start":{"line":27,"column":20},"end":{"line":27,"column":39}},"19":{"start":{"line":28,"column":21},"end":{"line":28,"column":37}},"20":{"start":{"line":29,"column":21},"end":{"line":29,"column":74}},"21":{"start":{"line":31,"column":25},"end":{"line":31,"column":39}},"22":{"start":{"line":32,"column":8},"end":{"line":32,"column":39}},"23":{"start":{"line":34,"column":25},"end":{"line":37,"column":10}},"24":{"start":{"line":39,"column":8},"end":{"line":48,"column":9}},"25":{"start":{"line":40,"column":25},"end":{"line":40,"column":46}},"26":{"start":{"line":41,"column":12},"end":{"line":41,"column":43}},"27":{"start":{"line":42,"column":12},"end":{"line":44,"column":13}},"28":{"start":{"line":43,"column":16},"end":{"line":43,"column":50}},"29":{"start":{"line":46,"column":12},"end":{"line":46,"column":46}},"30":{"start":{"line":47,"column":12},"end":{"line":47,"column":57}},"31":{"start":{"line":50,"column":8},"end":{"line":50,"column":39}},"32":{"start":{"line":51,"column":8},"end":{"line":51,"column":53}},"33":{"start":{"line":53,"column":8},"end":{"line":53,"column":26}},"34":{"start":{"line":57,"column":2},"end":{"line":122,"column":4}},"35":{"start":{"line":78,"column":45},"end":{"line":78,"column":113}},"36":{"start":{"line":85,"column":59},"end":{"line":85,"column":66}}},"fnMap":{"0":{"name":"(anonymous_0)","decl":{"start":{"line":4,"column":28},"end":{"line":4,"column":29}},"loc":{"start":{"line":4,"column":44},"end":{"line":123,"column":1}},"line":4},"1":{"name":"(anonymous_1)","decl":{"start":{"line":11,"column":30},"end":{"line":11,"column":31}},"loc":{"start":{"line":11,"column":36},"end":{"line":14,"column":3}},"line":11},"2":{"name":"(anonymous_2)","decl":{"start":{"line":16,"column":17},"end":{"line":16,"column":18}},"loc":{"start":{"line":16,"column":23},"end":{"line":19,"column":3}},"line":16},"3":{"name":"(anonymous_3)","decl":{"start":{"line":21,"column":22},"end":{"line":21,"column":23}},"loc":{"start":{"line":21,"column":34},"end":{"line":55,"column":3}},"line":21},"4":{"name":"(anonymous_4)","decl":{"start":{"line":78,"column":36},"end":{"line":78,"column":37}},"loc":{"start":{"line":78,"column":45},"end":{"line":78,"column":113}},"line":78},"5":{"name":"(anonymous_5)","decl":{"start":{"line":85,"column":54},"end":{"line":85,"column":55}},"loc":{"start":{"line":85,"column":59},"end":{"line":85,"column":66}},"line":85}},"branchMap":{"0":{"loc":{"start":{"line":22,"column":4},"end":{"line":22,"column":24}},"type":"if","locations":[{"start":{"line":22,"column":4},"end":{"line":22,"column":24}},{"start":{},"end":{}}],"line":22},"1":{"loc":{"start":{"line":39,"column":8},"end":{"line":48,"column":9}},"type":"if","locations":[{"start":{"line":39,"column":8},"end":{"line":48,"column":9}},{"start":{"line":45,"column":15},"end":{"line":48,"column":9}}],"line":39},"2":{"loc":{"start":{"line":42,"column":12},"end":{"line":44,"column":13}},"type":"if","locations":[{"start":{"line":42,"column":12},"end":{"line":44,"column":13}},{"start":{},"end":{}}],"line":42},"3":{"loc":{"start":{"line":65,"column":9},"end":{"line":91,"column":9}},"type":"cond-expr","locations":[{"start":{"line":66,"column":12},"end":{"line":69,"column":18}},{"start":{"line":71,"column":12},"end":{"line":90,"column":18}}],"line":65},"4":{"loc":{"start":{"line":72,"column":15},"end":{"line":89,"column":15}},"type":"cond-expr","locations":[{"start":{"line":73,"column":16},"end":{"line":79,"column":18}},{"start":{"line":81,"column":16},"end":{"line":88,"column":22}}],"line":72},"5":{"loc":{"start":{"line":83,"column":21},"end":{"line":87,"column":21}},"type":"binary-expr","locations":[{"start":{"line":83,"column":21},"end":{"line":83,"column":42}},{"start":{"line":84,"column":24},"end":{"line":86,"column":30}}],"line":83},"6":{"loc":{"start":{"line":94,"column":11},"end":{"line":118,"column":11}},"type":"cond-expr","locations":[{"start":{"line":95,"column":12},"end":{"line":101,"column":21}},{"start":{"line":103,"column":12},"end":{"line":117,"column":15}}],"line":94},"7":{"loc":{"start":{"line":98,"column":127},"end":{"line":98,"column":177}},"type":"cond-expr","locations":[{"start":{"line":98,"column":141},"end":{"line":98,"column":172}},{"start":{"line":98,"column":175},"end":{"line":98,"column":177}}],"line":98},"8":{"loc":{"start":{"line":113,"column":145},"end":{"line":113,"column":184}},"type":"cond-expr","locations":[{"start":{"line":113,"column":155},"end":{"line":113,"column":179}},{"start":{"line":113,"column":182},"end":{"line":113,"column":184}}],"line":113},"9":{"loc":{"start":{"line":115,"column":17},"end":{"line":115,"column":52}},"type":"cond-expr","locations":[{"start":{"line":115,"column":27},"end":{"line":115,"column":41}},{"start":{"line":115,"column":44},"end":{"line":115,"column":52}}],"line":115}},"s":{"0":0,"1":0,"2":0,"3":0,"4":0,"5":0,"6":0,"7":0,"8":0,"9":0,"10":0,"11":0,"12":0,"13":0,"14":0,"15":0,"16":0,"17":0,"18":0,"19":0,"20":0,"21":0,"22":0,"23":0,"24":0,"25":0,"26":0,"27":0,"28":0,"29":0,"30":0,"31":0,"32":0,"33":0,"34":0,"35":0,"36":0},"f":{"0":0,"1":0,"2":0,"3":0,"4":0,"5":0},"b":{"0":[0,0],"1":[0,0],"2":[0,0],"3":[0,0],"4":[0,0],"5":[0,0],"6":[0,0],"7":[0,0],"8":[0,0],"9":[0,0]}}
,"C:\\Users\\Gupta\\Downloads\\VishwaGuru\\frontend\\src\\FireDetector.jsx": {"path":"C:\\Users\\Gupta\\Downloads\\VishwaGuru\\frontend\\src\\FireDetector.jsx","statementMap":{"0":{"start":{"line":4,"column":21},"end":{"line":123,"column":1}},"1":{"start":{"line":5,"column":20},"end":{"line":5,"column":32}},"2":{"start":{"line":6,"column":30},"end":{"line":6,"column":44}},"3":{"start":{"line":7,"column":38},"end":{"line":7,"column":50}},"4":{"start":{"line":8,"column":32},"end":{"line":8,"column":47}},"5":{"start":{"line":9,"column":40},"end":{"line":9,"column":54}},"6":{"start":{"line":11,"column":18},"end":{"line":14,"column":17}},"7":{"start":{"line":12,"column":21},"end":{"line":12,"column":54}},"8":{"start":{"line":13,"column":4},"end":{"line":13,"column":24}},"9":{"start":{"line":16,"column":17},"end":{"line":19,"column":3}},"10":{"start":{"line":17,"column":4},"end":{"line":17,"column":20}},"11":{"start":{"line":18,"column":4},"end":{"line":18,"column":22}},"12":{"start":{"line":21,"column":21},"end":{"line":55,"column":3}},"13":{"start":{"line":22,"column":4},"end":{"line":22,"column":24}},"14":{"start":{"line":22,"column":17},"end":{"line":22,"column":24}},"15":{"start":{"line":23,"column":4},"end":{"line":23,"column":21}},"16":{"start":{"line":24,"column":4},"end":{"line":24,"column":22}},"17":{"start":{"line":26,"column":4},"end":{"line":54,"column":5}},"18":{"start":{"line":27,"column":20},"end":{"line":27,"column":39}},"19":{"start":{"line":28,"column":21},"end":{"line":28,"column":37}},"20":{"start":{"line":29,"column":21},"end":{"line":29,"column":74}},"21":{"start":{"line":31,"column":25},"end":{"line":31,"column":39}},"22":{"start":{"line":32,"column":8},"end":{"line":32,"column":39}},"23":{"start":{"line":34,"column":25},"end":{"line":37,"column":10}},"24":{"start":{"line":39,"column":8},"end":{"line":48,"column":9}},"25":{"start":{"line":40,"column":25},"end":{"line":40,"column":46}},"26":{"start":{"line":41,"column":12},"end":{"line":41,"column":43}},"27":{"start":{"line":42,"column":12},"end":{"line":44,"column":13}},"28":{"start":{"line":43,"column":16},"end":{"line":43,"column":52}},"29":{"start":{"line":46,"column":12},"end":{"line":46,"column":46}},"30":{"start":{"line":47,"column":12},"end":{"line":47,"column":57}},"31":{"start":{"line":50,"column":8},"end":{"line":50,"column":39}},"32":{"start":{"line":51,"column":8},"end":{"line":51,"column":53}},"33":{"start":{"line":53,"column":8},"end":{"line":53,"column":26}},"34":{"start":{"line":57,"column":2},"end":{"line":122,"column":4}},"35":{"start":{"line":78,"column":45},"end":{"line":78,"column":113}},"36":{"start":{"line":85,"column":59},"end":{"line":85,"column":66}}},"fnMap":{"0":{"name":"(anonymous_0)","decl":{"start":{"line":4,"column":21},"end":{"line":4,"column":22}},"loc":{"start":{"line":4,"column":37},"end":{"line":123,"column":1}},"line":4},"1":{"name":"(anonymous_1)","decl":{"start":{"line":11,"column":30},"end":{"line":11,"column":31}},"loc":{"start":{"line":11,"column":36},"end":{"line":14,"column":3}},"line":11},"2":{"name":"(anonymous_2)","decl":{"start":{"line":16,"column":17},"end":{"line":16,"column":18}},"loc":{"start":{"line":16,"column":23},"end":{"line":19,"column":3}},"line":16},"3":{"name":"(anonymous_3)","decl":{"start":{"line":21,"column":21},"end":{"line":21,"column":22}},"loc":{"start":{"line":21,"column":33},"end":{"line":55,"column":3}},"line":21},"4":{"name":"(anonymous_4)","decl":{"start":{"line":78,"column":36},"end":{"line":78,"column":37}},"loc":{"start":{"line":78,"column":45},"end":{"line":78,"column":113}},"line":78},"5":{"name":"(anonymous_5)","decl":{"start":{"line":85,"column":54},"end":{"line":85,"column":55}},"loc":{"start":{"line":85,"column":59},"end":{"line":85,"column":66}},"line":85}},"branchMap":{"0":{"loc":{"start":{"line":22,"column":4},"end":{"line":22,"column":24}},"type":"if","locations":[{"start":{"line":22,"column":4},"end":{"line":22,"column":24}},{"start":{},"end":{}}],"line":22},"1":{"loc":{"start":{"line":39,"column":8},"end":{"line":48,"column":9}},"type":"if","locations":[{"start":{"line":39,"column":8},"end":{"line":48,"column":9}},{"start":{"line":45,"column":15},"end":{"line":48,"column":9}}],"line":39},"2":{"loc":{"start":{"line":42,"column":12},"end":{"line":44,"column":13}},"type":"if","locations":[{"start":{"line":42,"column":12},"end":{"line":44,"column":13}},{"start":{},"end":{}}],"line":42},"3":{"loc":{"start":{"line":65,"column":9},"end":{"line":91,"column":9}},"type":"cond-expr","locations":[{"start":{"line":66,"column":12},"end":{"line":69,"column":18}},{"start":{"line":71,"column":12},"end":{"line":90,"column":18}}],"line":65},"4":{"loc":{"start":{"line":72,"column":15},"end":{"line":89,"column":15}},"type":"cond-expr","locations":[{"start":{"line":73,"column":16},"end":{"line":79,"column":18}},{"start":{"line":81,"column":16},"end":{"line":88,"column":22}}],"line":72},"5":{"loc":{"start":{"line":83,"column":21},"end":{"line":87,"column":21}},"type":"binary-expr","locations":[{"start":{"line":83,"column":21},"end":{"line":83,"column":42}},{"start":{"line":84,"column":24},"end":{"line":86,"column":30}}],"line":83},"6":{"loc":{"start":{"line":94,"column":11},"end":{"line":118,"column":11}},"type":"cond-expr","locations":[{"start":{"line":95,"column":12},"end":{"line":101,"column":21}},{"start":{"line":103,"column":12},"end":{"line":117,"column":15}}],"line":94},"7":{"loc":{"start":{"line":98,"column":127},"end":{"line":98,"column":177}},"type":"cond-expr","locations":[{"start":{"line":98,"column":141},"end":{"line":98,"column":172}},{"start":{"line":98,"column":175},"end":{"line":98,"column":177}}],"line":98},"8":{"loc":{"start":{"line":113,"column":145},"end":{"line":113,"column":184}},"type":"cond-expr","locations":[{"start":{"line":113,"column":155},"end":{"line":113,"column":179}},{"start":{"line":113,"column":182},"end":{"line":113,"column":184}}],"line":113},"9":{"loc":{"start":{"line":115,"column":17},"end":{"line":115,"column":52}},"type":"cond-expr","locations":[{"start":{"line":115,"column":27},"end":{"line":115,"column":41}},{"start":{"line":115,"column":44},"end":{"line":115,"column":52}}],"line":115}},"s":{"0":0,"1":0,"2":0,"3":0,"4":0,"5":0,"6":0,"7":0,"8":0,"9":0,"10":0,"11":0,"12":0,"13":0,"14":0,"15":0,"16":0,"17":0,"18":0,"19":0,"20":0,"21":0,"22":0,"23":0,"24":0,"25":0,"26":0,"27":0,"28":0,"29":0,"30":0,"31":0,"32":0,"33":0,"34":0,"35":0,"36":0},"f":{"0":0,"1":0,"2":0,"3":0,"4":0,"5":0},"b":{"0":[0,0],"1":[0,0],"2":[0,0],"3":[0,0],"4":[0,0],"5":[0,0],"6":[0,0],"7":[0,0],"8":[0,0],"9":[0,0]}}
,"C:\\Users\\Gupta\\Downloads\\VishwaGuru\\frontend\\src\\FloodDetector.jsx": {"path":"C:\\Users\\Gupta\\Downloads\\VishwaGuru\\frontend\\src\\FloodDetector.jsx","statementMap":{"0":{"start":{"line":6,"column":22},"end":{"line":131,"column":1}},"1":{"start":{"line":7,"column":20},"end":{"line":7,"column":32}},"2":{"start":{"line":8,"column":28},"end":{"line":8,"column":42}},"3":{"start":{"line":9,"column":36},"end":{"line":9,"column":51}},"4":{"start":{"line":10,"column":30},"end":{"line":10,"column":44}},"5":{"start":{"line":11,"column":28},"end":{"line":11,"column":42}},"6":{"start":{"line":13,"column":18},"end":{"line":17,"column":17}},"7":{"start":{"line":14,"column":21},"end":{"line":14,"column":54}},"8":{"start":{"line":15,"column":4},"end":{"line":15,"column":23}},"9":{"start":{"line":16,"column":4},"end":{"line":16,"column":27}},"10":{"start":{"line":19,"column":23},"end":{"line":41,"column":3}},"11":{"start":{"line":20,"column":4},"end":{"line":20,"column":23}},"12":{"start":{"line":21,"column":4},"end":{"line":21,"column":20}},"13":{"start":{"line":22,"column":4},"end":{"line":22,"column":19}},"14":{"start":{"line":24,"column":4},"end":{"line":40,"column":5}},"15":{"start":{"line":26,"column":18},"end":{"line":26,"column":42}},"16":{"start":{"line":27,"column":19},"end":{"line":27,"column":35}},"17":{"start":{"line":28,"column":19},"end":{"line":28,"column":74}},"18":{"start":{"line":30,"column":23},"end":{"line":30,"column":37}},"19":{"start":{"line":31,"column":6},"end":{"line":31,"column":37}},"20":{"start":{"line":33,"column":19},"end":{"line":33,"column":56}},"21":{"start":{"line":34,"column":6},"end":{"line":34,"column":33}},"22":{"start":{"line":36,"column":6},"end":{"line":36,"column":25}},"23":{"start":{"line":37,"column":6},"end":{"line":37,"column":61}},"24":{"start":{"line":39,"column":6},"end":{"line":39,"column":26}},"25":{"start":{"line":43,"column":16},"end":{"line":47,"column":3}},"26":{"start":{"line":44,"column":4},"end":{"line":44,"column":19}},"27":{"start":{"line":45,"column":4},"end":{"line":45,"column":20}},"28":{"start":{"line":46,"column":4},"end":{"line":46,"column":19}},"29":{"start":{"line":49,"column":2},"end":{"line":130,"column":4}},"30":{"start":{"line":107,"column":28},"end":{"line":110,"column":33}}},"fnMap":{"0":{"name":"(anonymous_0)","decl":{"start":{"line":6,"column":22},"end":{"line":6,"column":23}},"loc":{"start":{"line":6,"column":28},"end":{"line":131,"column":1}},"line":6},"1":{"name":"(anonymous_1)","decl":{"start":{"line":13,"column":30},"end":{"line":13,"column":31}},"loc":{"start":{"line":13,"column":36},"end":{"line":17,"column":3}},"line":13},"2":{"name":"(anonymous_2)","decl":{"start":{"line":19,"column":23},"end":{"line":19,"column":24}},"loc":{"start":{"line":19,"column":46},"end":{"line":41,"column":3}},"line":19},"3":{"name":"(anonymous_3)","decl":{"start":{"line":43,"column":16},"end":{"line":43,"column":17}},"loc":{"start":{"line":43,"column":22},"end":{"line":47,"column":3}},"line":43},"4":{"name":"(anonymous_4)","decl":{"start":{"line":106,"column":36},"end":{"line":106,"column":37}},"loc":{"start":{"line":107,"column":28},"end":{"line":110,"column":33}},"line":107}},"branchMap":{"0":{"loc":{"start":{"line":56,"column":9},"end":{"line":66,"column":9}},"type":"cond-expr","locations":[{"start":{"line":57,"column":10},"end":{"line":63,"column":12}},{"start":{"line":65,"column":10},"end":{"line":65,"column":83}}],"line":56},"1":{"loc":{"start":{"line":68,"column":9},"end":{"line":73,"column":9}},"type":"binary-expr","locations":[{"start":{"line":68,"column":9},"end":{"line":68,"column":18}},{"start":{"line":69,"column":10},"end":{"line":72,"column":16}}],"line":68},"2":{"loc":{"start":{"line":77,"column":9},"end":{"line":93,"column":9}},"type":"cond-expr","locations":[{"start":{"line":78,"column":10},"end":{"line":84,"column":19}},{"start":{"line":86,"column":10},"end":{"line":92,"column":19}}],"line":77},"3":{"loc":{"start":{"line":97,"column":7},"end":{"line":122,"column":7}},"type":"binary-expr","locations":[{"start":{"line":97,"column":7},"end":{"line":97,"column":13}},{"start":{"line":98,"column":8},"end":{"line":121,"column":14}}],"line":97},"4":{"loc":{"start":{"line":99,"column":13},"end":{"line":120,"column":13}},"type":"cond-expr","locations":[{"start":{"line":100,"column":16},"end":{"line":114,"column":22}},{"start":{"line":116,"column":16},"end":{"line":119,"column":22}}],"line":99},"5":{"loc":{"start":{"line":124,"column":7},"end":{"line":128,"column":7}},"type":"binary-expr","locations":[{"start":{"line":124,"column":7},"end":{"line":124,"column":12}},{"start":{"line":125,"column":8},"end":{"line":127,"column":14}}],"line":124}},"s":{"0":0,"1":0,"2":0,"3":0,"4":0,"5":0,"6":0,"7":0,"8":0,"9":0,"10":0,"11":0,"12":0,"13":0,"14":0,"15":0,"16":0,"17":0,"18":0,"19":0,"20":0,"21":0,"22":0,"23":0,"24":0,"25":0,"26":0,"27":0,"28":0,"29":0,"30":0},"f":{"0":0,"1":0,"2":0,"3":0,"4":0},"b":{"0":[0,0],"1":[0,0],"2":[0,0],"3":[0,0],"4":[0,0],"5":[0,0]}}
,"C:\\Users\\Gupta\\Downloads\\VishwaGuru\\frontend\\src\\GarbageDetector.jsx": {"path":"C:\\Users\\Gupta\\Downloads\\VishwaGuru\\frontend\\src\\GarbageDetector.jsx","statementMap":{"0":{"start":{"line":3,"column":16},"end":{"line":3,"column":50}},"1":{"start":{"line":5,"column":24},"end":{"line":181,"column":1}},"2":{"start":{"line":6,"column":21},"end":{"line":6,"column":33}},"3":{"start":{"line":7,"column":22},"end":{"line":7,"column":34}},"4":{"start":{"line":8,"column":42},"end":{"line":8,"column":57}},"5":{"start":{"line":9,"column":40},"end":{"line":9,"column":52}},"6":{"start":{"line":10,"column":30},"end":{"line":10,"column":44}},"7":{"start":{"line":12,"column":4},"end":{"line":30,"column":22}},"8":{"start":{"line":14,"column":8},"end":{"line":25,"column":9}},"9":{"start":{"line":15,"column":12},"end":{"line":15,"column":26}},"10":{"start":{"line":16,"column":12},"end":{"line":16,"column":54}},"11":{"start":{"line":18,"column":12},"end":{"line":18,"column":25}},"12":{"start":{"line":19,"column":12},"end":{"line":19,"column":50}},"13":{"start":{"line":19,"column":26},"end":{"line":19,"column":50}},"14":{"start":{"line":21,"column":12},"end":{"line":24,"column":13}},"15":{"start":{"line":22,"column":28},"end":{"line":22,"column":62}},"16":{"start":{"line":23,"column":16},"end":{"line":23,"column":87}},"17":{"start":{"line":26,"column":8},"end":{"line":29,"column":10}},"18":{"start":{"line":27,"column":12},"end":{"line":27,"column":25}},"19":{"start":{"line":28,"column":12},"end":{"line":28,"column":50}},"20":{"start":{"line":28,"column":26},"end":{"line":28,"column":50}},"21":{"start":{"line":32,"column":24},"end":{"line":49,"column":5}},"22":{"start":{"line":33,"column":8},"end":{"line":33,"column":23}},"23":{"start":{"line":34,"column":8},"end":{"line":48,"column":9}},"24":{"start":{"line":35,"column":27},"end":{"line":41,"column":14}},"25":{"start":{"line":42,"column":12},"end":{"line":44,"column":13}},"26":{"start":{"line":43,"column":16},"end":{"line":43,"column":52}},"27":{"start":{"line":46,"column":12},"end":{"line":46,"column":64}},"28":{"start":{"line":47,"column":12},"end":{"line":47,"column":34}},"29":{"start":{"line":51,"column":23},"end":{"line":57,"column":5}},"30":{"start":{"line":52,"column":8},"end":{"line":56,"column":9}},"31":{"start":{"line":53,"column":27},"end":{"line":53,"column":65}},"32":{"start":{"line":54,"column":12},"end":{"line":54,"column":50}},"33":{"start":{"line":54,"column":36},"end":{"line":54,"column":48}},"34":{"start":{"line":55,"column":12},"end":{"line":55,"column":46}},"35":{"start":{"line":59,"column":27},"end":{"line":80,"column":5}},"36":{"start":{"line":60,"column":8},"end":{"line":60,"column":77}},"37":{"start":{"line":62,"column":8},"end":{"line":62,"column":40}},"38":{"start":{"line":63,"column":8},"end":{"line":63,"column":30}},"39":{"start":{"line":64,"column":8},"end":{"line":64,"column":41}},"40":{"start":{"line":65,"column":8},"end":{"line":65,"column":38}},"41":{"start":{"line":67,"column":8},"end":{"line":79,"column":11}},"42":{"start":{"line":68,"column":37},"end":{"line":68,"column":44}},"43":{"start":{"line":69,"column":12},"end":{"line":69,"column":57}},"44":{"start":{"line":72,"column":26},"end":{"line":72,"column":78}},"45":{"start":{"line":73,"column":30},"end":{"line":73,"column":62}},"46":{"start":{"line":74,"column":12},"end":{"line":74,"column":50}},"47":{"start":{"line":75,"column":12},"end":{"line":75,"column":77}},"48":{"start":{"line":77,"column":12},"end":{"line":77,"column":42}},"49":{"start":{"line":78,"column":12},"end":{"line":78,"column":72}},"50":{"start":{"line":82,"column":24},"end":{"line":130,"column":5}},"51":{"start":{"line":83,"column":8},"end":{"line":83,"column":76}},"52":{"start":{"line":83,"column":69},"end":{"line":83,"column":76}},"53":{"start":{"line":85,"column":22},"end":{"line":85,"column":38}},"54":{"start":{"line":88,"column":8},"end":{"line":88,"column":43}},"55":{"start":{"line":88,"column":36},"end":{"line":88,"column":43}},"56":{"start":{"line":90,"column":23},"end":{"line":90,"column":40}},"57":{"start":{"line":91,"column":24},"end":{"line":91,"column":47}},"58":{"start":{"line":94,"column":8},"end":{"line":97,"column":9}},"59":{"start":{"line":95,"column":12},"end":{"line":95,"column":44}},"60":{"start":{"line":96,"column":12},"end":{"line":96,"column":46}},"61":{"start":{"line":103,"column":30},"end":{"line":103,"column":62}},"62":{"start":{"line":104,"column":8},"end":{"line":104,"column":43}},"63":{"start":{"line":105,"column":8},"end":{"line":105,"column":45}},"64":{"start":{"line":106,"column":27},"end":{"line":106,"column":57}},"65":{"start":{"line":107,"column":8},"end":{"line":107,"column":85}},"66":{"start":{"line":110,"column":8},"end":{"line":129,"column":30}},"67":{"start":{"line":111,"column":12},"end":{"line":111,"column":30}},"68":{"start":{"line":111,"column":23},"end":{"line":111,"column":30}},"69":{"start":{"line":113,"column":29},"end":{"line":113,"column":43}},"70":{"start":{"line":114,"column":12},"end":{"line":114,"column":56}},"71":{"start":{"line":116,"column":12},"end":{"line":128,"column":13}},"72":{"start":{"line":117,"column":33},"end":{"line":120,"column":18}},"73":{"start":{"line":122,"column":16},"end":{"line":125,"column":17}},"74":{"start":{"line":123,"column":33},"end":{"line":123,"column":54}},"75":{"start":{"line":124,"column":20},"end":{"line":124,"column":61}},"76":{"start":{"line":127,"column":16},"end":{"line":127,"column":55}},"77":{"start":{"line":132,"column":4},"end":{"line":180,"column":6}},"78":{"start":{"line":163,"column":31},"end":{"line":163,"column":59}}},"fnMap":{"0":{"name":"(anonymous_0)","decl":{"start":{"line":5,"column":24},"end":{"line":5,"column":25}},"loc":{"start":{"line":5,"column":40},"end":{"line":181,"column":1}},"line":5},"1":{"name":"(anonymous_1)","decl":{"start":{"line":12,"column":14},"end":{"line":12,"column":15}},"loc":{"start":{"line":12,"column":20},"end":{"line":30,"column":5}},"line":12},"2":{"name":"(anonymous_2)","decl":{"start":{"line":26,"column":15},"end":{"line":26,"column":16}},"loc":{"start":{"line":26,"column":21},"end":{"line":29,"column":9}},"line":26},"3":{"name":"(anonymous_3)","decl":{"start":{"line":32,"column":24},"end":{"line":32,"column":25}},"loc":{"start":{"line":32,"column":36},"end":{"line":49,"column":5}},"line":32},"4":{"name":"(anonymous_4)","decl":{"start":{"line":51,"column":23},"end":{"line":51,"column":24}},"loc":{"start":{"line":51,"column":29},"end":{"line":57,"column":5}},"line":51},"5":{"name":"(anonymous_5)","decl":{"start":{"line":54,"column":27},"end":{"line":54,"column":28}},"loc":{"start":{"line":54,"column":36},"end":{"line":54,"column":48}},"line":54},"6":{"name":"(anonymous_6)","decl":{"start":{"line":59,"column":27},"end":{"line":59,"column":28}},"loc":{"start":{"line":59,"column":52},"end":{"line":80,"column":5}},"line":59},"7":{"name":"(anonymous_7)","decl":{"start":{"line":67,"column":27},"end":{"line":67,"column":28}},"loc":{"start":{"line":67,"column":34},"end":{"line":79,"column":9}},"line":67},"8":{"name":"(anonymous_8)","decl":{"start":{"line":82,"column":24},"end":{"line":82,"column":25}},"loc":{"start":{"line":82,"column":36},"end":{"line":130,"column":5}},"line":82},"9":{"name":"(anonymous_9)","decl":{"start":{"line":110,"column":29},"end":{"line":110,"column":30}},"loc":{"start":{"line":110,"column":45},"end":{"line":129,"column":9}},"line":110},"10":{"name":"(anonymous_10)","decl":{"start":{"line":163,"column":25},"end":{"line":163,"column":26}},"loc":{"start":{"line":163,"column":31},"end":{"line":163,"column":59}},"line":163}},"branchMap":{"0":{"loc":{"start":{"line":3,"column":16},"end":{"line":3,"column":50}},"type":"binary-expr","locations":[{"start":{"line":3,"column":16},"end":{"line":3,"column":44}},{"start":{"line":3,"column":48},"end":{"line":3,"column":50}}],"line":3},"1":{"loc":{"start":{"line":14,"column":8},"end":{"line":25,"column":9}},"type":"if","locations":[{"start":{"line":14,"column":8},"end":{"line":25,"column":9}},{"start":{"line":17,"column":15},"end":{"line":25,"column":9}}],"line":14},"2":{"loc":{"start":{"line":19,"column":12},"end":{"line":19,"column":50}},"type":"if","locations":[{"start":{"line":19,"column":12},"end":{"line":19,"column":50}},{"start":{},"end":{}}],"line":19},"3":{"loc":{"start":{"line":21,"column":12},"end":{"line":24,"column":13}},"type":"if","locations":[{"start":{"line":21,"column":12},"end":{"line":24,"column":13}},{"start":{},"end":{}}],"line":21},"4":{"loc":{"start":{"line":28,"column":12},"end":{"line":28,"column":50}},"type":"if","locations":[{"start":{"line":28,"column":12},"end":{"line":28,"column":50}},{"start":{},"end":{}}],"line":28},"5":{"loc":{"start":{"line":42,"column":12},"end":{"line":44,"column":13}},"type":"if","locations":[{"start":{"line":42,"column":12},"end":{"line":44,"column":13}},{"start":{},"end":{}}],"line":42},"6":{"loc":{"start":{"line":52,"column":8},"end":{"line":56,"column":9}},"type":"if","locations":[{"start":{"line":52,"column":8},"end":{"line":56,"column":9}},{"start":{},"end":{}}],"line":52},"7":{"loc":{"start":{"line":52,"column":12},"end":{"line":52,"column":58}},"type":"binary-expr","locations":[{"start":{"line":52,"column":12},"end":{"line":52,"column":28}},{"start":{"line":52,"column":32},"end":{"line":52,"column":58}}],"line":52},"8":{"loc":{"start":{"line":75,"column":33},"end":{"line":75,"column":55}},"type":"cond-expr","locations":[{"start":{"line":75,"column":43},"end":{"line":75,"column":50}},{"start":{"line":75,"column":53},"end":{"line":75,"column":55}}],"line":75},"9":{"loc":{"start":{"line":78,"column":44},"end":{"line":78,"column":70}},"type":"cond-expr","locations":[{"start":{"line":78,"column":54},"end":{"line":78,"column":60}},{"start":{"line":78,"column":63},"end":{"line":78,"column":70}}],"line":78},"10":{"loc":{"start":{"line":83,"column":8},"end":{"line":83,"column":76}},"type":"if","locations":[{"start":{"line":83,"column":8},"end":{"line":83,"column":76}},{"start":{},"end":{}}],"line":83},"11":{"loc":{"start":{"line":83,"column":12},"end":{"line":83,"column":67}},"type":"binary-expr","locations":[{"start":{"line":83,"column":12},"end":{"line":83,"column":29}},{"start":{"line":83,"column":33},"end":{"line":83,"column":51}},{"start":{"line":83,"column":55},"end":{"line":83,"column":67}}],"line":83},"12":{"loc":{"start":{"line":88,"column":8},"end":{"line":88,"column":43}},"type":"if","locations":[{"start":{"line":88,"column":8},"end":{"line":88,"column":43}},{"start":{},"end":{}}],"line":88},"13":{"loc":{"start":{"line":94,"column":8},"end":{"line":97,"column":9}},"type":"if","locations":[{"start":{"line":94,"column":8},"end":{"line":97,"column":9}},{"start":{},"end":{}}],"line":94},"14":{"loc":{"start":{"line":94,"column":12},"end":{"line":94,"column":84}},"type":"binary-expr","locations":[{"start":{"line":94,"column":12},"end":{"line":94,"column":45}},{"start":{"line":94,"column":49},"end":{"line":94,"column":84}}],"line":94},"15":{"loc":{"start":{"line":111,"column":12},"end":{"line":111,"column":30}},"type":"if","locations":[{"start":{"line":111,"column":12},"end":{"line":111,"column":30}},{"start":{},"end":{}}],"line":111},"16":{"loc":{"start":{"line":122,"column":16},"end":{"line":125,"column":17}},"type":"if","locations":[{"start":{"line":122,"column":16},"end":{"line":125,"column":17}},{"start":{},"end":{}}],"line":122},"17":{"loc":{"start":{"line":136,"column":13},"end":{"line":136,"column":121}},"type":"binary-expr","locations":[{"start":{"line":136,"column":13},"end":{"line":136,"column":18}},{"start":{"line":136,"column":22},"end":{"line":136,"column":121}}],"line":136},"18":{"loc":{"start":{"line":146,"column":42},"end":{"line":146,"column":63}},"type":"cond-expr","locations":[{"start":{"line":146,"column":56},"end":{"line":146,"column":57}},{"start":{"line":146,"column":60},"end":{"line":146,"column":63}}],"line":146},"19":{"loc":{"start":{"line":152,"column":21},"end":{"line":158,"column":21}},"type":"binary-expr","locations":[{"start":{"line":152,"column":21},"end":{"line":152,"column":33}},{"start":{"line":153,"column":24},"end":{"line":157,"column":30}}],"line":152},"20":{"loc":{"start":{"line":164,"column":137},"end":{"line":164,"column":218}},"type":"cond-expr","locations":[{"start":{"line":164,"column":151},"end":{"line":164,"column":180}},{"start":{"line":164,"column":183},"end":{"line":164,"column":218}}],"line":164},"21":{"loc":{"start":{"line":166,"column":17},"end":{"line":166,"column":80}},"type":"cond-expr","locations":[{"start":{"line":166,"column":31},"end":{"line":166,"column":47}},{"start":{"line":166,"column":50},"end":{"line":166,"column":80}}],"line":166}},"s":{"0":0,"1":0,"2":0,"3":0,"4":0,"5":0,"6":0,"7":0,"8":0,"9":0,"10":0,"11":0,"12":0,"13":0,"14":0,"15":0,"16":0,"17":0,"18":0,"19":0,"20":0,"21":0,"22":0,"23":0,"24":0,"25":0,"26":0,"27":0,"28":0,"29":0,"30":0,"31":0,"32":0,"33":0,"34":0,"35":0,"36":0,"37":0,"38":0,"39":0,"40":0,"41":0,"42":0,"43":0,"44":0,"45":0,"46":0,"47":0,"48":0,"49":0,"50":0,"51":0,"52":0,"53":0,"54":0,"55":0,"56":0,"57":0,"58":0,"59":0,"60":0,"61":0,"62":0,"63":0,"64":0,"65":0,"66":0,"67":0,"68":0,"69":0,"70":0,"71":0,"72":0,"73":0,"74":0,"75":0,"76":0,"77":0,"78":0},"f":{"0":0,"1":0,"2":0,"3":0,"4":0,"5":0,"6":0,"7":0,"8":0,"9":0,"10":0},"b":{"0":[0,0],"1":[0,0],"2":[0,0],"3":[0,0],"4":[0,0],"5":[0,0],"6":[0,0],"7":[0,0],"8":[0,0],"9":[0,0],"10":[0,0],"11":[0,0,0],"12":[0,0],"13":[0,0],"14":[0,0],"15":[0,0],"16":[0,0],"17":[0,0],"18":[0,0],"19":[0,0],"20":[0,0],"21":[0,0]}}
,"C:\\Users\\Gupta\\Downloads\\VishwaGuru\\frontend\\src\\IllegalParkingDetector.jsx": {"path":"C:\\Users\\Gupta\\Downloads\\VishwaGuru\\frontend\\src\\IllegalParkingDetector.jsx","statementMap":{"0":{"start":{"line":4,"column":31},"end":{"line":137,"column":1}},"1":{"start":{"line":5,"column":20},"end":{"line":5,"column":32}},"2":{"start":{"line":6,"column":30},"end":{"line":6,"column":44}},"3":{"start":{"line":7,"column":38},"end":{"line":7,"column":50}},"4":{"start":{"line":8,"column":32},"end":{"line":8,"column":47}},"5":{"start":{"line":9,"column":40},"end":{"line":9,"column":54}},"6":{"start":{"line":11,"column":18},"end":{"line":14,"column":17}},"7":{"start":{"line":12,"column":21},"end":{"line":12,"column":54}},"8":{"start":{"line":13,"column":4},"end":{"line":13,"column":24}},"9":{"start":{"line":16,"column":17},"end":{"line":19,"column":3}},"10":{"start":{"line":17,"column":4},"end":{"line":17,"column":20}},"11":{"start":{"line":18,"column":4},"end":{"line":18,"column":22}},"12":{"start":{"line":21,"column":24},"end":{"line":57,"column":3}},"13":{"start":{"line":22,"column":4},"end":{"line":22,"column":24}},"14":{"start":{"line":22,"column":17},"end":{"line":22,"column":24}},"15":{"start":{"line":23,"column":4},"end":{"line":23,"column":21}},"16":{"start":{"line":24,"column":4},"end":{"line":24,"column":22}},"17":{"start":{"line":26,"column":4},"end":{"line":56,"column":5}},"18":{"start":{"line":28,"column":20},"end":{"line":28,"column":39}},"19":{"start":{"line":29,"column":21},"end":{"line":29,"column":37}},"20":{"start":{"line":30,"column":21},"end":{"line":30,"column":74}},"21":{"start":{"line":32,"column":25},"end":{"line":32,"column":39}},"22":{"start":{"line":33,"column":8},"end":{"line":33,"column":39}},"23":{"start":{"line":36,"column":25},"end":{"line":39,"column":10}},"24":{"start":{"line":41,"column":8},"end":{"line":50,"column":9}},"25":{"start":{"line":42,"column":25},"end":{"line":42,"column":46}},"26":{"start":{"line":43,"column":12},"end":{"line":43,"column":43}},"27":{"start":{"line":44,"column":12},"end":{"line":46,"column":13}},"28":{"start":{"line":45,"column":16},"end":{"line":45,"column":54}},"29":{"start":{"line":48,"column":12},"end":{"line":48,"column":46}},"30":{"start":{"line":49,"column":12},"end":{"line":49,"column":57}},"31":{"start":{"line":52,"column":8},"end":{"line":52,"column":39}},"32":{"start":{"line":53,"column":8},"end":{"line":53,"column":53}},"33":{"start":{"line":55,"column":8},"end":{"line":55,"column":26}},"34":{"start":{"line":59,"column":2},"end":{"line":136,"column":4}},"35":{"start":{"line":80,"column":45},"end":{"line":80,"column":113}},"36":{"start":{"line":87,"column":59},"end":{"line":87,"column":66}}},"fnMap":{"0":{"name":"(anonymous_0)","decl":{"start":{"line":4,"column":31},"end":{"line":4,"column":32}},"loc":{"start":{"line":4,"column":47},"end":{"line":137,"column":1}},"line":4},"1":{"name":"(anonymous_1)","decl":{"start":{"line":11,"column":30},"end":{"line":11,"column":31}},"loc":{"start":{"line":11,"column":36},"end":{"line":14,"column":3}},"line":11},"2":{"name":"(anonymous_2)","decl":{"start":{"line":16,"column":17},"end":{"line":16,"column":18}},"loc":{"start":{"line":16,"column":23},"end":{"line":19,"column":3}},"line":16},"3":{"name":"(anonymous_3)","decl":{"start":{"line":21,"column":24},"end":{"line":21,"column":25}},"loc":{"start":{"line":21,"column":36},"end":{"line":57,"column":3}},"line":21},"4":{"name":"(anonymous_4)","decl":{"start":{"line":80,"column":36},"end":{"line":80,"column":37}},"loc":{"start":{"line":80,"column":45},"end":{"line":80,"column":113}},"line":80},"5":{"name":"(anonymous_5)","decl":{"start":{"line":87,"column":54},"end":{"line":87,"column":55}},"loc":{"start":{"line":87,"column":59},"end":{"line":87,"column":66}},"line":87}},"branchMap":{"0":{"loc":{"start":{"line":22,"column":4},"end":{"line":22,"column":24}},"type":"if","locations":[{"start":{"line":22,"column":4},"end":{"line":22,"column":24}},{"start":{},"end":{}}],"line":22},"1":{"loc":{"start":{"line":41,"column":8},"end":{"line":50,"column":9}},"type":"if","locations":[{"start":{"line":41,"column":8},"end":{"line":50,"column":9}},{"start":{"line":47,"column":15},"end":{"line":50,"column":9}}],"line":41},"2":{"loc":{"start":{"line":44,"column":12},"end":{"line":46,"column":13}},"type":"if","locations":[{"start":{"line":44,"column":12},"end":{"line":46,"column":13}},{"start":{},"end":{}}],"line":44},"3":{"loc":{"start":{"line":67,"column":9},"end":{"line":93,"column":9}},"type":"cond-expr","locations":[{"start":{"line":68,"column":12},"end":{"line":71,"column":18}},{"start":{"line":73,"column":12},"end":{"line":92,"column":18}}],"line":67},"4":{"loc":{"start":{"line":74,"column":15},"end":{"line":91,"column":15}},"type":"cond-expr","locations":[{"start":{"line":75,"column":16},"end":{"line":81,"column":18}},{"start":{"line":83,"column":16},"end":{"line":90,"column":22}}],"line":74},"5":{"loc":{"start":{"line":85,"column":21},"end":{"line":89,"column":21}},"type":"binary-expr","locations":[{"start":{"line":85,"column":21},"end":{"line":85,"column":42}},{"start":{"line":86,"column":24},"end":{"line":88,"column":30}}],"line":85},"6":{"loc":{"start":{"line":96,"column":11},"end":{"line":128,"column":11}},"type":"cond-expr","locations":[{"start":{"line":97,"column":12},"end":{"line":103,"column":21}},{"start":{"line":105,"column":12},"end":{"line":127,"column":15}}],"line":96},"7":{"loc":{"start":{"line":100,"column":127},"end":{"line":100,"column":177}},"type":"cond-expr","locations":[{"start":{"line":100,"column":141},"end":{"line":100,"column":172}},{"start":{"line":100,"column":175},"end":{"line":100,"column":177}}],"line":100},"8":{"loc":{"start":{"line":115,"column":145},"end":{"line":115,"column":184}},"type":"cond-expr","locations":[{"start":{"line":115,"column":155},"end":{"line":115,"column":179}},{"start":{"line":115,"column":182},"end":{"line":115,"column":184}}],"line":115},"9":{"loc":{"start":{"line":117,"column":17},"end":{"line":125,"column":28}},"type":"cond-expr","locations":[{"start":{"line":118,"column":20},"end":{"line":124,"column":23}},{"start":{"line":125,"column":20},"end":{"line":125,"column":28}}],"line":117}},"s":{"0":0,"1":0,"2":0,"3":0,"4":0,"5":0,"6":0,"7":0,"8":0,"9":0,"10":0,"11":0,"12":0,"13":0,"14":0,"15":0,"16":0,"17":0,"18":0,"19":0,"20":0,"21":0,"22":0,"23":0,"24":0,"25":0,"26":0,"27":0,"28":0,"29":0,"30":0,"31":0,"32":0,"33":0,"34":0,"35":0,"36":0},"f":{"0":0,"1":0,"2":0,"3":0,"4":0,"5":0},"b":{"0":[0,0],"1":[0,0],"2":[0,0],"3":[0,0],"4":[0,0],"5":[0,0],"6":[0,0],"7":[0,0],"8":[0,0],"9":[0,0]}}
,"C:\\Users\\Gupta\\Downloads\\VishwaGuru\\frontend\\src\\InfrastructureDetector.jsx": {"path":"C:\\Users\\Gupta\\Downloads\\VishwaGuru\\frontend\\src\\InfrastructureDetector.jsx","statementMap":{"0":{"start":{"line":6,"column":31},"end":{"line":139,"column":1}},"1":{"start":{"line":7,"column":20},"end":{"line":7,"column":32}},"2":{"start":{"line":8,"column":34},"end":{"line":8,"column":48}},"3":{"start":{"line":9,"column":38},"end":{"line":9,"column":50}},"4":{"start":{"line":10,"column":32},"end":{"line":10,"column":47}},"5":{"start":{"line":11,"column":40},"end":{"line":11,"column":55}},"6":{"start":{"line":13,"column":18},"end":{"line":17,"column":17}},"7":{"start":{"line":14,"column":21},"end":{"line":14,"column":54}},"8":{"start":{"line":15,"column":4},"end":{"line":15,"column":26}},"9":{"start":{"line":16,"column":4},"end":{"line":16,"column":35}},"10":{"start":{"line":19,"column":31},"end":{"line":42,"column":3}},"11":{"start":{"line":20,"column":4},"end":{"line":20,"column":21}},"12":{"start":{"line":21,"column":4},"end":{"line":41,"column":5}},"13":{"start":{"line":23,"column":18},"end":{"line":23,"column":42}},"14":{"start":{"line":24,"column":19},"end":{"line":24,"column":35}},"15":{"start":{"line":25,"column":19},"end":{"line":25,"column":74}},"16":{"start":{"line":27,"column":23},"end":{"line":27,"column":37}},"17":{"start":{"line":28,"column":6},"end":{"line":28,"column":37}},"18":{"start":{"line":30,"column":19},"end":{"line":30,"column":62}},"19":{"start":{"line":32,"column":6},"end":{"line":34,"column":7}},"20":{"start":{"line":33,"column":10},"end":{"line":33,"column":38}},"21":{"start":{"line":35,"column":6},"end":{"line":35,"column":37}},"22":{"start":{"line":37,"column":6},"end":{"line":37,"column":69}},"23":{"start":{"line":38,"column":6},"end":{"line":38,"column":57}},"24":{"start":{"line":40,"column":6},"end":{"line":40,"column":24}},"25":{"start":{"line":44,"column":16},"end":{"line":47,"column":3}},"26":{"start":{"line":45,"column":4},"end":{"line":45,"column":22}},"27":{"start":{"line":46,"column":4},"end":{"line":46,"column":22}},"28":{"start":{"line":49,"column":2},"end":{"line":138,"column":4}},"29":{"start":{"line":69,"column":38},"end":{"line":69,"column":58}},"30":{"start":{"line":115,"column":16},"end":{"line":118,"column":21}}},"fnMap":{"0":{"name":"(anonymous_0)","decl":{"start":{"line":6,"column":31},"end":{"line":6,"column":32}},"loc":{"start":{"line":6,"column":47},"end":{"line":139,"column":1}},"line":6},"1":{"name":"(anonymous_1)","decl":{"start":{"line":13,"column":30},"end":{"line":13,"column":31}},"loc":{"start":{"line":13,"column":36},"end":{"line":17,"column":3}},"line":13},"2":{"name":"(anonymous_2)","decl":{"start":{"line":19,"column":31},"end":{"line":19,"column":32}},"loc":{"start":{"line":19,"column":54},"end":{"line":42,"column":3}},"line":19},"3":{"name":"(anonymous_3)","decl":{"start":{"line":44,"column":16},"end":{"line":44,"column":17}},"loc":{"start":{"line":44,"column":22},"end":{"line":47,"column":3}},"line":44},"4":{"name":"(anonymous_4)","decl":{"start":{"line":69,"column":32},"end":{"line":69,"column":33}},"loc":{"start":{"line":69,"column":38},"end":{"line":69,"column":58}},"line":69},"5":{"name":"(anonymous_5)","decl":{"start":{"line":114,"column":30},"end":{"line":114,"column":31}},"loc":{"start":{"line":115,"column":16},"end":{"line":118,"column":21}},"line":115}},"branchMap":{"0":{"loc":{"start":{"line":32,"column":6},"end":{"line":34,"column":7}},"type":"if","locations":[{"start":{"line":32,"column":6},"end":{"line":34,"column":7}},{"start":{},"end":{}}],"line":32},"1":{"loc":{"start":{"line":59,"column":9},"end":{"line":77,"column":9}},"type":"cond-expr","locations":[{"start":{"line":60,"column":10},"end":{"line":60,"column":88}},{"start":{"line":62,"column":10},"end":{"line":76,"column":11}}],"line":59},"2":{"loc":{"start":{"line":62,"column":10},"end":{"line":76,"column":11}},"type":"cond-expr","locations":[{"start":{"line":63,"column":13},"end":{"line":70,"column":14}},{"start":{"line":72,"column":12},"end":{"line":75,"column":18}}],"line":62},"3":{"loc":{"start":{"line":79,"column":9},"end":{"line":84,"column":9}},"type":"binary-expr","locations":[{"start":{"line":79,"column":9},"end":{"line":79,"column":16}},{"start":{"line":80,"column":10},"end":{"line":83,"column":16}}],"line":79},"4":{"loc":{"start":{"line":88,"column":9},"end":{"line":105,"column":9}},"type":"cond-expr","locations":[{"start":{"line":89,"column":10},"end":{"line":96,"column":19}},{"start":{"line":98,"column":10},"end":{"line":104,"column":19}}],"line":88},"5":{"loc":{"start":{"line":107,"column":9},"end":{"line":135,"column":9}},"type":"cond-expr","locations":[{"start":{"line":108,"column":10},"end":{"line":124,"column":16}},{"start":{"line":126,"column":10},"end":{"line":134,"column":11}}],"line":107},"6":{"loc":{"start":{"line":126,"column":10},"end":{"line":134,"column":11}},"type":"binary-expr","locations":[{"start":{"line":126,"column":10},"end":{"line":126,"column":18}},{"start":{"line":126,"column":22},"end":{"line":126,"column":30}},{"start":{"line":127,"column":12},"end":{"line":133,"column":18}}],"line":126}},"s":{"0":0,"1":0,"2":0,"3":0,"4":0,"5":0,"6":0,"7":0,"8":0,"9":0,"10":0,"11":0,"12":0,"13":0,"14":0,"15":0,"16":0,"17":0,"18":0,"19":0,"20":0,"21":0,"22":0,"23":0,"24":0,"25":0,"26":0,"27":0,"28":0,"29":0,"30":0},"f":{"0":0,"1":0,"2":0,"3":0,"4":0,"5":0},"b":{"0":[0,0],"1":[0,0],"2":[0,0],"3":[0,0],"4":[0,0],"5":[0,0],"6":[0,0,0]}}
,"C:\\Users\\Gupta\\Downloads\\VishwaGuru\\frontend\\src\\PestDetector.jsx": {"path":"C:\\Users\\Gupta\\Downloads\\VishwaGuru\\frontend\\src\\PestDetector.jsx","statementMap":{"0":{"start":{"line":4,"column":21},"end":{"line":124,"column":1}},"1":{"start":{"line":5,"column":20},"end":{"line":5,"column":32}},"2":{"start":{"line":6,"column":30},"end":{"line":6,"column":44}},"3":{"start":{"line":7,"column":38},"end":{"line":7,"column":50}},"4":{"start":{"line":8,"column":32},"end":{"line":8,"column":47}},"5":{"start":{"line":9,"column":40},"end":{"line":9,"column":54}},"6":{"start":{"line":11,"column":18},"end":{"line":14,"column":17}},"7":{"start":{"line":12,"column":21},"end":{"line":12,"column":54}},"8":{"start":{"line":13,"column":4},"end":{"line":13,"column":24}},"9":{"start":{"line":16,"column":17},"end":{"line":19,"column":3}},"10":{"start":{"line":17,"column":4},"end":{"line":17,"column":20}},"11":{"start":{"line":18,"column":4},"end":{"line":18,"column":22}},"12":{"start":{"line":21,"column":21},"end":{"line":55,"column":3}},"13":{"start":{"line":22,"column":4},"end":{"line":22,"column":24}},"14":{"start":{"line":22,"column":17},"end":{"line":22,"column":24}},"15":{"start":{"line":23,"column":4},"end":{"line":23,"column":21}},"16":{"start":{"line":24,"column":4},"end":{"line":24,"column":22}},"17":{"start":{"line":26,"column":4},"end":{"line":54,"column":5}},"18":{"start":{"line":27,"column":20},"end":{"line":27,"column":39}},"19":{"start":{"line":28,"column":21},"end":{"line":28,"column":37}},"20":{"start":{"line":29,"column":21},"end":{"line":29,"column":74}},"21":{"start":{"line":31,"column":25},"end":{"line":31,"column":39}},"22":{"start":{"line":32,"column":8},"end":{"line":32,"column":39}},"23":{"start":{"line":34,"column":25},"end":{"line":37,"column":10}},"24":{"start":{"line":39,"column":8},"end":{"line":48,"column":9}},"25":{"start":{"line":40,"column":25},"end":{"line":40,"column":46}},"26":{"start":{"line":41,"column":12},"end":{"line":41,"column":43}},"27":{"start":{"line":42,"column":12},"end":{"line":44,"column":13}},"28":{"start":{"line":43,"column":16},"end":{"line":43,"column":55}},"29":{"start":{"line":46,"column":12},"end":{"line":46,"column":46}},"30":{"start":{"line":47,"column":12},"end":{"line":47,"column":57}},"31":{"start":{"line":50,"column":8},"end":{"line":50,"column":39}},"32":{"start":{"line":51,"column":8},"end":{"line":51,"column":53}},"33":{"start":{"line":53,"column":8},"end":{"line":53,"column":26}},"34":{"start":{"line":57,"column":2},"end":{"line":123,"column":4}},"35":{"start":{"line":80,"column":43},"end":{"line":80,"column":111}},"36":{"start":{"line":87,"column":57},"end":{"line":87,"column":64}}},"fnMap":{"0":{"name":"(anonymous_0)","decl":{"start":{"line":4,"column":21},"end":{"line":4,"column":22}},"loc":{"start":{"line":4,"column":37},"end":{"line":124,"column":1}},"line":4},"1":{"name":"(anonymous_1)","decl":{"start":{"line":11,"column":30},"end":{"line":11,"column":31}},"loc":{"start":{"line":11,"column":36},"end":{"line":14,"column":3}},"line":11},"2":{"name":"(anonymous_2)","decl":{"start":{"line":16,"column":17},"end":{"line":16,"column":18}},"loc":{"start":{"line":16,"column":23},"end":{"line":19,"column":3}},"line":16},"3":{"name":"(anonymous_3)","decl":{"start":{"line":21,"column":21},"end":{"line":21,"column":22}},"loc":{"start":{"line":21,"column":33},"end":{"line":55,"column":3}},"line":21},"4":{"name":"(anonymous_4)","decl":{"start":{"line":80,"column":34},"end":{"line":80,"column":35}},"loc":{"start":{"line":80,"column":43},"end":{"line":80,"column":111}},"line":80},"5":{"name":"(anonymous_5)","decl":{"start":{"line":87,"column":52},"end":{"line":87,"column":53}},"loc":{"start":{"line":87,"column":57},"end":{"line":87,"column":64}},"line":87}},"branchMap":{"0":{"loc":{"start":{"line":22,"column":4},"end":{"line":22,"column":24}},"type":"if","locations":[{"start":{"line":22,"column":4},"end":{"line":22,"column":24}},{"start":{},"end":{}}],"line":22},"1":{"loc":{"start":{"line":39,"column":8},"end":{"line":48,"column":9}},"type":"if","locations":[{"start":{"line":39,"column":8},"end":{"line":48,"column":9}},{"start":{"line":45,"column":15},"end":{"line":48,"column":9}}],"line":39},"2":{"loc":{"start":{"line":42,"column":12},"end":{"line":44,"column":13}},"type":"if","locations":[{"start":{"line":42,"column":12},"end":{"line":44,"column":13}},{"start":{},"end":{}}],"line":42},"3":{"loc":{"start":{"line":59,"column":7},"end":{"line":63,"column":7}},"type":"binary-expr","locations":[{"start":{"line":59,"column":7},"end":{"line":59,"column":13}},{"start":{"line":60,"column":8},"end":{"line":62,"column":17}}],"line":59},"4":{"loc":{"start":{"line":67,"column":7},"end":{"line":93,"column":7}},"type":"cond-expr","locations":[{"start":{"line":68,"column":10},"end":{"line":71,"column":16}},{"start":{"line":73,"column":10},"end":{"line":92,"column":16}}],"line":67},"5":{"loc":{"start":{"line":74,"column":13},"end":{"line":91,"column":13}},"type":"cond-expr","locations":[{"start":{"line":75,"column":14},"end":{"line":81,"column":16}},{"start":{"line":83,"column":14},"end":{"line":90,"column":20}}],"line":74},"6":{"loc":{"start":{"line":85,"column":19},"end":{"line":89,"column":19}},"type":"binary-expr","locations":[{"start":{"line":85,"column":19},"end":{"line":85,"column":40}},{"start":{"line":86,"column":22},"end":{"line":88,"column":28}}],"line":85},"7":{"loc":{"start":{"line":96,"column":9},"end":{"line":120,"column":9}},"type":"cond-expr","locations":[{"start":{"line":97,"column":10},"end":{"line":103,"column":19}},{"start":{"line":105,"column":10},"end":{"line":119,"column":13}}],"line":96},"8":{"loc":{"start":{"line":100,"column":134},"end":{"line":100,"column":184}},"type":"cond-expr","locations":[{"start":{"line":100,"column":148},"end":{"line":100,"column":179}},{"start":{"line":100,"column":182},"end":{"line":100,"column":184}}],"line":100},"9":{"loc":{"start":{"line":115,"column":165},"end":{"line":115,"column":204}},"type":"cond-expr","locations":[{"start":{"line":115,"column":175},"end":{"line":115,"column":199}},{"start":{"line":115,"column":202},"end":{"line":115,"column":204}}],"line":115},"10":{"loc":{"start":{"line":117,"column":15},"end":{"line":117,"column":55}},"type":"cond-expr","locations":[{"start":{"line":117,"column":25},"end":{"line":117,"column":39}},{"start":{"line":117,"column":42},"end":{"line":117,"column":55}}],"line":117}},"s":{"0":0,"1":0,"2":0,"3":0,"4":0,"5":0,"6":0,"7":0,"8":0,"9":0,"10":0,"11":0,"12":0,"13":0,"14":0,"15":0,"16":0,"17":0,"18":0,"19":0,"20":0,"21":0,"22":0,"23":0,"24":0,"25":0,"26":0,"27":0,"28":0,"29":0,"30":0,"31":0,"32":0,"33":0,"34":0,"35":0,"36":0},"f":{"0":0,"1":0,"2":0,"3":0,"4":0,"5":0},"b":{"0":[0,0],"1":[0,0],"2":[0,0],"3":[0,0],"4":[0,0],"5":[0,0],"6":[0,0],"7":[0,0],"8":[0,0],"9":[0,0],"10":[0,0]}}
,"C:\\Users\\Gupta\\Downloads\\VishwaGuru\\frontend\\src\\PotholeDetector.jsx": {"path":"C:\\Users\\Gupta\\Downloads\\VishwaGuru\\frontend\\src\\PotholeDetector.jsx","statementMap":{"0":{"start":{"line":3,"column":16},"end":{"line":3,"column":50}},"1":{"start":{"line":5,"column":24},"end":{"line":195,"column":1}},"2":{"start":{"line":6,"column":21},"end":{"line":6,"column":33}},"3":{"start":{"line":7,"column":22},"end":{"line":7,"column":34}},"4":{"start":{"line":8,"column":42},"end":{"line":8,"column":57}},"5":{"start":{"line":9,"column":40},"end":{"line":9,"column":52}},"6":{"start":{"line":10,"column":30},"end":{"line":10,"column":44}},"7":{"start":{"line":12,"column":4},"end":{"line":30,"column":22}},"8":{"start":{"line":14,"column":8},"end":{"line":25,"column":9}},"9":{"start":{"line":15,"column":12},"end":{"line":15,"column":26}},"10":{"start":{"line":16,"column":12},"end":{"line":16,"column":54}},"11":{"start":{"line":18,"column":12},"end":{"line":18,"column":25}},"12":{"start":{"line":19,"column":12},"end":{"line":19,"column":50}},"13":{"start":{"line":19,"column":26},"end":{"line":19,"column":50}},"14":{"start":{"line":21,"column":12},"end":{"line":24,"column":13}},"15":{"start":{"line":22,"column":28},"end":{"line":22,"column":62}},"16":{"start":{"line":23,"column":16},"end":{"line":23,"column":87}},"17":{"start":{"line":26,"column":8},"end":{"line":29,"column":10}},"18":{"start":{"line":27,"column":12},"end":{"line":27,"column":25}},"19":{"start":{"line":28,"column":12},"end":{"line":28,"column":50}},"20":{"start":{"line":28,"column":26},"end":{"line":28,"column":50}},"21":{"start":{"line":32,"column":24},"end":{"line":49,"column":5}},"22":{"start":{"line":33,"column":8},"end":{"line":33,"column":23}},"23":{"start":{"line":34,"column":8},"end":{"line":48,"column":9}},"24":{"start":{"line":35,"column":27},"end":{"line":41,"column":14}},"25":{"start":{"line":42,"column":12},"end":{"line":44,"column":13}},"26":{"start":{"line":43,"column":16},"end":{"line":43,"column":52}},"27":{"start":{"line":46,"column":12},"end":{"line":46,"column":64}},"28":{"start":{"line":47,"column":12},"end":{"line":47,"column":34}},"29":{"start":{"line":51,"column":23},"end":{"line":57,"column":5}},"30":{"start":{"line":52,"column":8},"end":{"line":56,"column":9}},"31":{"start":{"line":53,"column":27},"end":{"line":53,"column":65}},"32":{"start":{"line":54,"column":12},"end":{"line":54,"column":50}},"33":{"start":{"line":54,"column":36},"end":{"line":54,"column":48}},"34":{"start":{"line":55,"column":12},"end":{"line":55,"column":46}},"35":{"start":{"line":59,"column":24},"end":{"line":107,"column":5}},"36":{"start":{"line":60,"column":8},"end":{"line":60,"column":76}},"37":{"start":{"line":60,"column":69},"end":{"line":60,"column":76}},"38":{"start":{"line":62,"column":22},"end":{"line":62,"column":38}},"39":{"start":{"line":65,"column":8},"end":{"line":65,"column":43}},"40":{"start":{"line":65,"column":36},"end":{"line":65,"column":43}},"41":{"start":{"line":67,"column":23},"end":{"line":67,"column":40}},"42":{"start":{"line":68,"column":24},"end":{"line":68,"column":47}},"43":{"start":{"line":71,"column":8},"end":{"line":74,"column":9}},"44":{"start":{"line":72,"column":12},"end":{"line":72,"column":44}},"45":{"start":{"line":73,"column":12},"end":{"line":73,"column":46}},"46":{"start":{"line":81,"column":8},"end":{"line":81,"column":68}},"47":{"start":{"line":84,"column":8},"end":{"line":106,"column":30}},"48":{"start":{"line":85,"column":12},"end":{"line":85,"column":30}},"49":{"start":{"line":85,"column":23},"end":{"line":85,"column":30}},"50":{"start":{"line":87,"column":29},"end":{"line":87,"column":43}},"51":{"start":{"line":88,"column":12},"end":{"line":88,"column":56}},"52":{"start":{"line":90,"column":12},"end":{"line":105,"column":13}},"53":{"start":{"line":91,"column":33},"end":{"line":94,"column":18}},"54":{"start":{"line":96,"column":16},"end":{"line":102,"column":17}},"55":{"start":{"line":97,"column":33},"end":{"line":97,"column":54}},"56":{"start":{"line":101,"column":20},"end":{"line":101,"column":68}},"57":{"start":{"line":104,"column":16},"end":{"line":104,"column":55}},"58":{"start":{"line":109,"column":27},"end":{"line":143,"column":5}},"59":{"start":{"line":123,"column":8},"end":{"line":123,"column":77}},"60":{"start":{"line":125,"column":8},"end":{"line":125,"column":40}},"61":{"start":{"line":126,"column":8},"end":{"line":126,"column":30}},"62":{"start":{"line":127,"column":8},"end":{"line":127,"column":41}},"63":{"start":{"line":128,"column":8},"end":{"line":128,"column":38}},"64":{"start":{"line":130,"column":8},"end":{"line":142,"column":11}},"65":{"start":{"line":131,"column":37},"end":{"line":131,"column":44}},"66":{"start":{"line":132,"column":12},"end":{"line":132,"column":57}},"67":{"start":{"line":135,"column":26},"end":{"line":135,"column":78}},"68":{"start":{"line":136,"column":30},"end":{"line":136,"column":62}},"69":{"start":{"line":137,"column":12},"end":{"line":137,"column":50}},"70":{"start":{"line":138,"column":12},"end":{"line":138,"column":77}},"71":{"start":{"line":140,"column":12},"end":{"line":140,"column":42}},"72":{"start":{"line":141,"column":12},"end":{"line":141,"column":72}},"73":{"start":{"line":145,"column":4},"end":{"line":194,"column":6}},"74":{"start":{"line":177,"column":31},"end":{"line":177,"column":59}}},"fnMap":{"0":{"name":"(anonymous_0)","decl":{"start":{"line":5,"column":24},"end":{"line":5,"column":25}},"loc":{"start":{"line":5,"column":40},"end":{"line":195,"column":1}},"line":5},"1":{"name":"(anonymous_1)","decl":{"start":{"line":12,"column":14},"end":{"line":12,"column":15}},"loc":{"start":{"line":12,"column":20},"end":{"line":30,"column":5}},"line":12},"2":{"name":"(anonymous_2)","decl":{"start":{"line":26,"column":15},"end":{"line":26,"column":16}},"loc":{"start":{"line":26,"column":21},"end":{"line":29,"column":9}},"line":26},"3":{"name":"(anonymous_3)","decl":{"start":{"line":32,"column":24},"end":{"line":32,"column":25}},"loc":{"start":{"line":32,"column":36},"end":{"line":49,"column":5}},"line":32},"4":{"name":"(anonymous_4)","decl":{"start":{"line":51,"column":23},"end":{"line":51,"column":24}},"loc":{"start":{"line":51,"column":29},"end":{"line":57,"column":5}},"line":51},"5":{"name":"(anonymous_5)","decl":{"start":{"line":54,"column":27},"end":{"line":54,"column":28}},"loc":{"start":{"line":54,"column":36},"end":{"line":54,"column":48}},"line":54},"6":{"name":"(anonymous_6)","decl":{"start":{"line":59,"column":24},"end":{"line":59,"column":25}},"loc":{"start":{"line":59,"column":36},"end":{"line":107,"column":5}},"line":59},"7":{"name":"(anonymous_7)","decl":{"start":{"line":84,"column":22},"end":{"line":84,"column":23}},"loc":{"start":{"line":84,"column":38},"end":{"line":106,"column":9}},"line":84},"8":{"name":"(anonymous_8)","decl":{"start":{"line":109,"column":27},"end":{"line":109,"column":28}},"loc":{"start":{"line":109,"column":59},"end":{"line":143,"column":5}},"line":109},"9":{"name":"(anonymous_9)","decl":{"start":{"line":130,"column":27},"end":{"line":130,"column":28}},"loc":{"start":{"line":130,"column":34},"end":{"line":142,"column":9}},"line":130},"10":{"name":"(anonymous_10)","decl":{"start":{"line":177,"column":25},"end":{"line":177,"column":26}},"loc":{"start":{"line":177,"column":31},"end":{"line":177,"column":59}},"line":177}},"branchMap":{"0":{"loc":{"start":{"line":3,"column":16},"end":{"line":3,"column":50}},"type":"binary-expr","locations":[{"start":{"line":3,"column":16},"end":{"line":3,"column":44}},{"start":{"line":3,"column":48},"end":{"line":3,"column":50}}],"line":3},"1":{"loc":{"start":{"line":14,"column":8},"end":{"line":25,"column":9}},"type":"if","locations":[{"start":{"line":14,"column":8},"end":{"line":25,"column":9}},{"start":{"line":17,"column":15},"end":{"line":25,"column":9}}],"line":14},"2":{"loc":{"start":{"line":19,"column":12},"end":{"line":19,"column":50}},"type":"if","locations":[{"start":{"line":19,"column":12},"end":{"line":19,"column":50}},{"start":{},"end":{}}],"line":19},"3":{"loc":{"start":{"line":21,"column":12},"end":{"line":24,"column":13}},"type":"if","locations":[{"start":{"line":21,"column":12},"end":{"line":24,"column":13}},{"start":{},"end":{}}],"line":21},"4":{"loc":{"start":{"line":28,"column":12},"end":{"line":28,"column":50}},"type":"if","locations":[{"start":{"line":28,"column":12},"end":{"line":28,"column":50}},{"start":{},"end":{}}],"line":28},"5":{"loc":{"start":{"line":42,"column":12},"end":{"line":44,"column":13}},"type":"if","locations":[{"start":{"line":42,"column":12},"end":{"line":44,"column":13}},{"start":{},"end":{}}],"line":42},"6":{"loc":{"start":{"line":52,"column":8},"end":{"line":56,"column":9}},"type":"if","locations":[{"start":{"line":52,"column":8},"end":{"line":56,"column":9}},{"start":{},"end":{}}],"line":52},"7":{"loc":{"start":{"line":52,"column":12},"end":{"line":52,"column":58}},"type":"binary-expr","locations":[{"start":{"line":52,"column":12},"end":{"line":52,"column":28}},{"start":{"line":52,"column":32},"end":{"line":52,"column":58}}],"line":52},"8":{"loc":{"start":{"line":60,"column":8},"end":{"line":60,"column":76}},"type":"if","locations":[{"start":{"line":60,"column":8},"end":{"line":60,"column":76}},{"start":{},"end":{}}],"line":60},"9":{"loc":{"start":{"line":60,"column":12},"end":{"line":60,"column":67}},"type":"binary-expr","locations":[{"start":{"line":60,"column":12},"end":{"line":60,"column":29}},{"start":{"line":60,"column":33},"end":{"line":60,"column":51}},{"start":{"line":60,"column":55},"end":{"line":60,"column":67}}],"line":60},"10":{"loc":{"start":{"line":65,"column":8},"end":{"line":65,"column":43}},"type":"if","locations":[{"start":{"line":65,"column":8},"end":{"line":65,"column":43}},{"start":{},"end":{}}],"line":65},"11":{"loc":{"start":{"line":71,"column":8},"end":{"line":74,"column":9}},"type":"if","locations":[{"start":{"line":71,"column":8},"end":{"line":74,"column":9}},{"start":{},"end":{}}],"line":71},"12":{"loc":{"start":{"line":71,"column":12},"end":{"line":71,"column":84}},"type":"binary-expr","locations":[{"start":{"line":71,"column":12},"end":{"line":71,"column":45}},{"start":{"line":71,"column":49},"end":{"line":71,"column":84}}],"line":71},"13":{"loc":{"start":{"line":85,"column":12},"end":{"line":85,"column":30}},"type":"if","locations":[{"start":{"line":85,"column":12},"end":{"line":85,"column":30}},{"start":{},"end":{}}],"line":85},"14":{"loc":{"start":{"line":96,"column":16},"end":{"line":102,"column":17}},"type":"if","locations":[{"start":{"line":96,"column":16},"end":{"line":102,"column":17}},{"start":{},"end":{}}],"line":96},"15":{"loc":{"start":{"line":138,"column":33},"end":{"line":138,"column":55}},"type":"cond-expr","locations":[{"start":{"line":138,"column":43},"end":{"line":138,"column":50}},{"start":{"line":138,"column":53},"end":{"line":138,"column":55}}],"line":138},"16":{"loc":{"start":{"line":141,"column":44},"end":{"line":141,"column":70}},"type":"cond-expr","locations":[{"start":{"line":141,"column":54},"end":{"line":141,"column":60}},{"start":{"line":141,"column":63},"end":{"line":141,"column":70}}],"line":141},"17":{"loc":{"start":{"line":149,"column":13},"end":{"line":149,"column":121}},"type":"binary-expr","locations":[{"start":{"line":149,"column":13},"end":{"line":149,"column":18}},{"start":{"line":149,"column":22},"end":{"line":149,"column":121}}],"line":149},"18":{"loc":{"start":{"line":160,"column":42},"end":{"line":160,"column":63}},"type":"cond-expr","locations":[{"start":{"line":160,"column":56},"end":{"line":160,"column":57}},{"start":{"line":160,"column":60},"end":{"line":160,"column":63}}],"line":160},"19":{"loc":{"start":{"line":166,"column":21},"end":{"line":172,"column":21}},"type":"binary-expr","locations":[{"start":{"line":166,"column":21},"end":{"line":166,"column":33}},{"start":{"line":167,"column":24},"end":{"line":171,"column":30}}],"line":166},"20":{"loc":{"start":{"line":178,"column":137},"end":{"line":178,"column":214}},"type":"cond-expr","locations":[{"start":{"line":178,"column":151},"end":{"line":178,"column":180}},{"start":{"line":178,"column":183},"end":{"line":178,"column":214}}],"line":178},"21":{"loc":{"start":{"line":180,"column":17},"end":{"line":180,"column":72}},"type":"cond-expr","locations":[{"start":{"line":180,"column":31},"end":{"line":180,"column":47}},{"start":{"line":180,"colum
[...]
":{"line":295,"column":27}},{"start":{"line":296,"column":16},"end":{"line":303,"column":25}}],"line":295},"27":{"loc":{"start":{"line":302,"column":21},"end":{"line":302,"column":100}},"type":"cond-expr","locations":[{"start":{"line":302,"column":34},"end":{"line":302,"column":61}},{"start":{"line":302,"column":64},"end":{"line":302,"column":100}}],"line":302},"28":{"loc":{"start":{"line":315,"column":27},"end":{"line":315,"column":50}},"type":"binary-expr","locations":[{"start":{"line":315,"column":27},"end":{"line":315,"column":44}},{"start":{"line":315,"column":48},"end":{"line":315,"column":50}}],"line":315},"29":{"loc":{"start":{"line":323,"column":21},"end":{"line":323,"column":51}},"type":"cond-expr","locations":[{"start":{"line":323,"column":39},"end":{"line":323,"column":44}},{"start":{"line":323,"column":47},"end":{"line":323,"column":51}}],"line":323},"30":{"loc":{"start":{"line":355,"column":13},"end":{"line":359,"column":13}},"type":"binary-expr","locations":[{"start":{"line":355,"column":13},"end":{"line":355,"column":27}},{"start":{"line":356,"column":16},"end":{"line":358,"column":22}}],"line":355},"31":{"loc":{"start":{"line":361,"column":13},"end":{"line":366,"column":13}},"type":"binary-expr","locations":[{"start":{"line":361,"column":13},"end":{"line":361,"column":22}},{"start":{"line":362,"column":16},"end":{"line":365,"column":22}}],"line":361},"32":{"loc":{"start":{"line":368,"column":13},"end":{"line":388,"column":13}},"type":"binary-expr","locations":[{"start":{"line":368,"column":13},"end":{"line":368,"column":21}},{"start":{"line":369,"column":16},"end":{"line":387,"column":22}}],"line":368},"33":{"loc":{"start":{"line":370,"column":20},"end":{"line":373,"column":65}},"type":"cond-expr","locations":[{"start":{"line":370,"column":52},"end":{"line":370,"column":91}},{"start":{"line":371,"column":20},"end":{"line":373,"column":65}}],"line":370},"34":{"loc":{"start":{"line":371,"column":20},"end":{"line":373,"column":65}},"type":"cond-expr","locations":[{"start":{"line":371,"column":48},"end":{"line":371,"column":96}},{"start":{"line":372,"column":20},"end":{"line":373,"column":65}}],"line":371},"35":{"loc":{"start":{"line":372,"column":20},"end":{"line":373,"column":65}},"type":"cond-expr","locations":[{"start":{"line":372,"column":50},"end":{"line":372,"column":98}},{"start":{"line":373,"column":20},"end":{"line":373,"column":65}}],"line":372},"36":{"loc":{"start":{"line":378,"column":29},"end":{"line":381,"column":58}},"type":"cond-expr","locations":[{"start":{"line":378,"column":61},"end":{"line":378,"column":86}},{"start":{"line":379,"column":29},"end":{"line":381,"column":58}}],"line":378},"37":{"loc":{"start":{"line":379,"column":29},"end":{"line":381,"column":58}},"type":"cond-expr","locations":[{"start":{"line":379,"column":57},"end":{"line":379,"column":88}},{"start":{"line":380,"column":29},"end":{"line":381,"column":58}}],"line":379},"38":{"loc":{"start":{"line":380,"column":29},"end":{"line":381,"column":58}},"type":"cond-expr","locations":[{"start":{"line":380,"column":59},"end":{"line":380,"column":90}},{"start":{"line":381,"column":29},"end":{"line":381,"column":58}}],"line":380},"39":{"loc":{"start":{"line":396,"column":13},"end":{"line":396,"column":89}},"type":"cond-expr","locations":[{"start":{"line":396,"column":23},"end":{"line":396,"column":36}},{"start":{"line":396,"column":39},"end":{"line":396,"column":89}}],"line":396},"40":{"loc":{"start":{"line":396,"column":39},"end":{"line":396,"column":89}},"type":"cond-expr","locations":[{"start":{"line":396,"column":50},"end":{"line":396,"column":72}},{"start":{"line":396,"column":75},"end":{"line":396,"column":89}}],"line":396},"41":{"loc":{"start":{"line":399,"column":54},"end":{"line":399,"column":101}},"type":"cond-expr","locations":[{"start":{"line":399,"column":65},"end":{"line":399,"column":81}},{"start":{"line":399,"column":84},"end":{"line":399,"column":101}}],"line":399},"42":{"loc":{"start":{"line":400,"column":13},"end":{"line":400,"column":129}},"type":"cond-expr","locations":[{"start":{"line":400,"column":24},"end":{"line":400,"column":74}},{"start":{"line":400,"column":77},"end":{"line":400,"column":129}}],"line":400},"43":{"loc":{"start":{"line":403,"column":11},"end":{"line":418,"column":11}},"type":"binary-expr","locations":[{"start":{"line":403,"column":11},"end":{"line":403,"column":40}},{"start":{"line":404,"column":12},"end":{"line":417,"column":18}}],"line":403},"44":{"loc":{"start":{"line":406,"column":16},"end":{"line":410,"column":59}},"type":"cond-expr","locations":[{"start":{"line":407,"column":20},"end":{"line":407,"column":65}},{"start":{"line":408,"column":20},"end":{"line":410,"column":59}}],"line":406},"45":{"loc":{"start":{"line":408,"column":20},"end":{"line":410,"column":59}},"type":"cond-expr","locations":[{"start":{"line":409,"column":20},"end":{"line":409,"column":62}},{"start":{"line":410,"column":20},"end":{"line":410,"column":59}}],"line":408},"46":{"loc":{"start":{"line":413,"column":15},"end":{"line":413,"column":77}},"type":"binary-expr","locations":[{"start":{"line":413,"column":15},"end":{"line":413,"column":47}},{"start":{"line":413,"column":51},"end":{"line":413,"column":77}}],"line":413},"47":{"loc":{"start":{"line":414,"column":15},"end":{"line":414,"column":97}},"type":"binary-expr","locations":[{"start":{"line":414,"column":15},"end":{"line":414,"column":47}},{"start":{"line":414,"column":51},"end":{"line":414,"column":97}}],"line":414},"48":{"loc":{"start":{"line":415,"column":15},"end":{"line":415,"column":76}},"type":"binary-expr","locations":[{"start":{"line":415,"column":15},"end":{"line":415,"column":45}},{"start":{"line":415,"column":49},"end":{"line":415,"column":76}}],"line":415}},"s":{"0":0,"1":0,"2":0,"3":0,"4":0,"5":0,"6":0,"7":0,"8":0,"9":0,"10":0,"11":0,"12":0,"13":0,"14":0,"15":0,"16":0,"17":0,"18":0,"19":0,"20":0,"21":0,"22":0,"23":0,"24":0,"25":0,"26":0,"27":0,"28":0,"29":0,"30":0,"31":0,"32":0,"33":0,"34":0,"35":0,"36":0,"37":0,"38":0,"39":0,"40":0,"41":0,"42":0,"43":0,"44":0,"45":0,"46":0,"47":0,"48":0,"49":0,"50":0,"51":0,"52":0,"53":0,"54":0,"55":0,"56":0,"57":0,"58":0,"59":0,"60":0,"61":0,"62":0,"63":0,"64":0,"65":0,"66":0,"67":0,"68":0,"69":0,"70":0,"71":0,"72":0,"73":0,"74":0,"75":0,"76":0,"77":0,"78":0,"79":0,"80":0,"81":0,"82":0,"83":0,"84":0,"85":0,"86":0,"87":0,"88":0,"89":0,"90":0,"91":0,"92":0,"93":0,"94":0,"95":0,"96":0,"97":0,"98":0,"99":0,"100":0,"101":0,"102":0,"103":0,"104":0,"105":0,"106":0,"107":0,"108":0,"109":0,"110":0,"111":0,"112":0,"113":0,"114":0,"115":0,"116":0,"117":0,"118":0,"119":0,"120":0,"121":0,"122":0,"123":0,"124":0,"125":0,"126":0,"127":0,"128":0,"129":0,"130":0,"131":0,"132":0,"133":0,"134":0,"135":0},"f":{"0":0,"1":0,"2":0,"3":0,"4":0,"5":0,"6":0,"7":0,"8":0,"9":0,"10":0,"11":0,"12":0,"13":0,"14":0,"15":0,"16":0,"17":0,"18":0,"19":0,"20":0},"b":{"0":[0,0],"1":[0,0],"2":[0,0],"3":[0,0],"4":[0,0],"5":[0,0],"6":[0,0],"7":[0,0],"8":[0,0],"9":[0,0],"10":[0,0],"11":[0,0],"12":[0,0],"13":[0,0],"14":[0,0],"15":[0,0],"16":[0,0],"17":[0,0],"18":[0,0],"19":[0,0],"20":[0,0],"21":[0,0],"22":[0,0],"23":[0,0,0],"24":[0,0],"25":[0,0],"26":[0,0],"27":[0,0],"28":[0,0],"29":[0,0],"30":[0,0],"31":[0,0],"32":[0,0],"33":[0,0],"34":[0,0],"35":[0,0],"36":[0,0],"37":[0,0],"38":[0,0],"39":[0,0],"40":[0,0],"41":[0,0],"42":[0,0],"43":[0,0],"44":[0,0],"45":[0,0],"46":[0,0],"47":[0,0],"48":[0,0]}}
,"C:\\Users\\Gupta\\Downloads\\VishwaGuru\\frontend\\src\\views\\StatsView.jsx": {"path":"C:\\Users\\Gupta\\Downloads\\VishwaGuru\\frontend\\src\\views\\StatsView.jsx","statementMap":{"0":{"start":{"line":5,"column":18},"end":{"line":93,"column":1}},"1":{"start":{"line":6,"column":28},"end":{"line":6,"column":42}},"2":{"start":{"line":7,"column":32},"end":{"line":7,"column":46}},"3":{"start":{"line":8,"column":28},"end":{"line":8,"column":42}},"4":{"start":{"line":10,"column":2},"end":{"line":23,"column":9}},"5":{"start":{"line":11,"column":23},"end":{"line":21,"column":5}},"6":{"start":{"line":12,"column":6},"end":{"line":20,"column":7}},"7":{"start":{"line":13,"column":21},"end":{"line":13,"column":45}},"8":{"start":{"line":14,"column":8},"end":{"line":14,"column":23}},"9":{"start":{"line":16,"column":8},"end":{"line":16,"column":52}},"10":{"start":{"line":17,"column":8},"end":{"line":17,"column":47}},"11":{"start":{"line":19,"column":8},"end":{"line":19,"column":26}},"12":{"start":{"line":22,"column":4},"end":{"line":22,"column":17}},"13":{"start":{"line":25,"column":2},"end":{"line":29,"column":4}},"14":{"start":{"line":25,"column":15},"end":{"line":29,"column":4}},"15":{"start":{"line":31,"column":2},"end":{"line":31,"column":80}},"16":{"start":{"line":31,"column":13},"end":{"line":31,"column":80}},"17":{"start":{"line":33,"column":19},"end":{"line":33,"column":74}},"18":{"start":{"line":35,"column":2},"end":{"line":92,"column":4}},"19":{"start":{"line":38,"column":31},"end":{"line":38,"column":46}},"20":{"start":{"line":73,"column":16},"end":{"line":84,"column":22}}},"fnMap":{"0":{"name":"(anonymous_0)","decl":{"start":{"line":5,"column":18},"end":{"line":5,"column":19}},"loc":{"start":{"line":5,"column":35},"end":{"line":93,"column":1}},"line":5},"1":{"name":"(anonymous_1)","decl":{"start":{"line":10,"column":12},"end":{"line":10,"column":13}},"loc":{"start":{"line":10,"column":18},"end":{"line":23,"column":3}},"line":10},"2":{"name":"(anonymous_2)","decl":{"start":{"line":11,"column":23},"end":{"line":11,"column":24}},"loc":{"start":{"line":11,"column":35},"end":{"line":21,"column":5}},"line":11},"3":{"name":"(anonymous_3)","decl":{"start":{"line":38,"column":25},"end":{"line":38,"column":26}},"loc":{"start":{"line":38,"column":31},"end":{"line":38,"column":46}},"line":38},"4":{"name":"(anonymous_4)","decl":{"start":{"line":72,"column":58},"end":{"line":72,"column":59}},"loc":{"start":{"line":73,"column":16},"end":{"line":84,"column":22}},"line":73}},"branchMap":{"0":{"loc":{"start":{"line":25,"column":2},"end":{"line":29,"column":4}},"type":"if","locations":[{"start":{"line":25,"column":2},"end":{"line":29,"column":4}},{"start":{},"end":{}}],"line":25},"1":{"loc":{"start":{"line":31,"column":2},"end":{"line":31,"column":80}},"type":"if","locations":[{"start":{"line":31,"column":2},"end":{"line":31,"column":80}},{"start":{},"end":{}}],"line":31},"2":{"loc":{"start":{"line":86,"column":14},"end":{"line":88,"column":13}},"type":"binary-expr","locations":[{"start":{"line":86,"column":14},"end":{"line":86,"column":64}},{"start":{"line":87,"column":16},"end":{"line":87,"column":88}}],"line":86}},"s":{"0":0,"1":0,"2":0,"3":0,"4":0,"5":0,"6":0,"7":0,"8":0,"9":0,"10":0,"11":0,"12":0,"13":0,"14":0,"15":0,"16":0,"17":0,"18":0,"19":0,"20":0},"f":{"0":0,"1":0,"2":0,"3":0,"4":0},"b":{"0":[0,0],"1":[0,0],"2":[0,0]}}
,"C:\\Users\\Gupta\\Downloads\\VishwaGuru\\frontend\\src\\views\\VerifyView.jsx": {"path":"C:\\Users\\Gupta\\Downloads\\VishwaGuru\\frontend\\src\\views\\VerifyView.jsx","statementMap":{"0":{"start":{"line":6,"column":16},"end":{"line":6,"column":50}},"1":{"start":{"line":8,"column":19},"end":{"line":145,"column":1}},"2":{"start":{"line":9,"column":17},"end":{"line":9,"column":28}},"3":{"start":{"line":10,"column":19},"end":{"line":10,"column":32}},"4":{"start":{"line":11,"column":28},"end":{"line":11,"column":42}},"5":{"start":{"line":12,"column":32},"end":{"line":12,"column":46}},"6":{"start":{"line":13,"column":36},"end":{"line":13,"column":51}},"7":{"start":{"line":14,"column":28},"end":{"line":14,"column":42}},"8":{"start":{"line":15,"column":30},"end":{"line":15,"column":44}},"9":{"start":{"line":16,"column":28},"end":{"line":16,"column":42}},"10":{"start":{"line":18,"column":2},"end":{"line":35,"column":11}},"11":{"start":{"line":19,"column":23},"end":{"line":33,"column":5}},"12":{"start":{"line":20,"column":6},"end":{"line":32,"column":7}},"13":{"start":{"line":21,"column":23},"end":{"line":21,"column":50}},"14":{"start":{"line":22,"column":22},"end":{"line":22,"column":61}},"15":{"start":{"line":22,"column":39},"end":{"line":22,"column":60}},"16":{"start":{"line":23,"column":8},"end":{"line":27,"column":9}},"17":{"start":{"line":24,"column":10},"end":{"line":24,"column":26}},"18":{"start":{"line":26,"column":10},"end":{"line":26,"column":54}},"19":{"start":{"line":29,"column":8},"end":{"line":29,"column":42}},"20":{"start":{"line":31,"column":8},"end":{"line":31,"column":26}},"21":{"start":{"line":34,"column":4},"end":{"line":34,"column":17}},"22":{"start":{"line":37,"column":28},"end":{"line":42,"column":3}},"23":{"start":{"line":38,"column":4},"end":{"line":41,"column":5}},"24":{"start":{"line":39,"column":6},"end":{"line":39,"column":34}},"25":{"start":{"line":40,"column":6},"end":{"line":40,"column":22}},"26":{"start":{"line":44,"column":23},"end":{"line":67,"column":3}},"27":{"start":{"line":45,"column":4},"end":{"line":45,"column":23}},"28":{"start":{"line":45,"column":16},"end":{"line":45,"column":23}},"29":{"start":{"line":46,"column":4},"end":{"line":46,"column":23}},"30":{"start":{"line":48,"column":21},"end":{"line":48,"column":35}},"31":{"start":{"line":49,"column":4},"end":{"line":49,"column":36}},"32":{"start":{"line":51,"column":4},"end":{"line":66,"column":5}},"33":{"start":{"line":52,"column":23},"end":{"line":55,"column":8}},"34":{"start":{"line":57,"column":6},"end":{"line":57,"column":63}},"35":{"start":{"line":57,"column":24},"end":{"line":57,"column":63}},"36":{"start":{"line":59,"column":19},"end":{"line":59,"column":40}},"37":{"start":{"line":60,"column":6},"end":{"line":60,"column":22}},"38":{"start":{"line":62,"column":6},"end":{"line":62,"column":25}},"39":{"start":{"line":63,"column":6},"end":{"line":63,"column":47}},"40":{"start":{"line":65,"column":6},"end":{"line":65,"column":26}},"41":{"start":{"line":69,"column":2},"end":{"line":69,"column":72}},"42":{"start":{"line":69,"column":15},"end":{"line":69,"column":72}},"43":{"start":{"line":70,"column":2},"end":{"line":70,"column":90}},"44":{"start":{"line":70,"column":23},"end":{"line":70,"column":90}},"45":{"start":{"line":72,"column":2},"end":{"line":144,"column":4}},"46":{"start":{"line":74,"column":29},"end":{"line":74,"column":41}}},"fnMap":{"0":{"name":"(anonymous_0)","decl":{"start":{"line":8,"column":19},"end":{"line":8,"column":20}},"loc":{"start":{"line":8,"column":25},"end":{"line":145,"column":1}},"line":8},"1":{"name":"(anonymous_1)","decl":{"start":{"line":18,"column":12},"end":{"line":18,"column":13}},"loc":{"start":{"line":18,"column":18},"end":{"line":35,"column":3}},"line":18},"2":{"name":"(anonymous_2)","decl":{"start":{"line":19,"column":23},"end":{"line":19,"column":24}},"loc":{"start":{"line":19,"column":35},"end":{"line":33,"column":5}},"line":19},"3":{"name":"(anonymous_3)","decl":{"start":{"line":22,"column":34},"end":{"line":22,"column":35}},"loc":{"start":{"line":22,"column":39},"end":{"line":22,"column":60}},"line":22},"4":{"name":"(anonymous_4)","decl":{"start":{"line":37,"column":28},"end":{"line":37,"column":29}},"loc":{"start":{"line":37,"column":35},"end":{"line":42,"column":3}},"line":37},"5":{"name":"(anonymous_5)","decl":{"start":{"line":44,"column":23},"end":{"line":44,"column":24}},"loc":{"start":{"line":44,"column":35},"end":{"line":67,"column":3}},"line":44},"6":{"name":"(anonymous_6)","decl":{"start":{"line":74,"column":23},"end":{"line":74,"column":24}},"loc":{"start":{"line":74,"column":29},"end":{"line":74,"column":41}},"line":74}},"branchMap":{"0":{"loc":{"start":{"line":6,"column":16},"end":{"line":6,"column":50}},"type":"binary-expr","locations":[{"start":{"line":6,"column":16},"end":{"line":6,"column":44}},{"start":{"line":6,"column":48},"end":{"line":6,"column":50}}],"line":6},"1":{"loc":{"start":{"line":23,"column":8},"end":{"line":27,"column":9}},"type":"if","locations":[{"start":{"line":23,"column":8},"end":{"line":27,"column":9}},{"start":{"line":25,"column":15},"end":{"line":27,"column":9}}],"line":23},"2":{"loc":{"start":{"line":38,"column":4},"end":{"line":41,"column":5}},"type":"if","locations":[{"start":{"line":38,"column":4},"end":{"line":41,"column":5}},{"start":{},"end":{}}],"line":38},"3":{"loc":{"start":{"line":38,"column":8},"end":{"line":38,"column":43}},"type":"binary-expr","locations":[{"start":{"line":38,"column":8},"end":{"line":38,"column":22}},{"start":{"line":38,"column":26},"end":{"line":38,"column":43}}],"line":38},"4":{"loc":{"start":{"line":45,"column":4},"end":{"line":45,"column":23}},"type":"if","locations":[{"start":{"line":45,"column":4},"end":{"line":45,"column":23}},{"start":{},"end":{}}],"line":45},"5":{"loc":{"start":{"line":57,"column":6},"end":{"line":57,"column":63}},"type":"if","locations":[{"start":{"line":57,"column":6},"end":{"line":57,"column":63}},{"start":{},"end":{}}],"line":57},"6":{"loc":{"start":{"line":69,"column":2},"end":{"line":69,"column":72}},"type":"if","locations":[{"start":{"line":69,"column":2},"end":{"line":69,"column":72}},{"start":{},"end":{}}],"line":69},"7":{"loc":{"start":{"line":70,"column":2},"end":{"line":70,"column":90}},"type":"if","locations":[{"start":{"line":70,"column":2},"end":{"line":70,"column":90}},{"start":{},"end":{}}],"line":70},"8":{"loc":{"start":{"line":70,"column":6},"end":{"line":70,"column":21}},"type":"binary-expr","locations":[{"start":{"line":70,"column":6},"end":{"line":70,"column":11}},{"start":{"line":70,"column":15},"end":{"line":70,"column":21}}],"line":70},"9":{"loc":{"start":{"line":103,"column":13},"end":{"line":114,"column":13}},"type":"binary-expr","locations":[{"start":{"line":103,"column":13},"end":{"line":103,"column":18}},{"start":{"line":104,"column":16},"end":{"line":113,"column":22}}],"line":103},"10":{"loc":{"start":{"line":111,"column":25},"end":{"line":111,"column":81}},"type":"cond-expr","locations":[{"start":{"line":111,"column":37},"end":{"line":111,"column":59}},{"start":{"line":111,"column":62},"end":{"line":111,"column":81}}],"line":111},"11":{"loc":{"start":{"line":116,"column":13},"end":{"line":140,"column":13}},"type":"binary-expr","locations":[{"start":{"line":116,"column":13},"end":{"line":116,"column":19}},{"start":{"line":117,"column":16},"end":{"line":139,"column":22}}],"line":116},"12":{"loc":{"start":{"line":117,"column":62},"end":{"line":117,"column":142}},"type":"cond-expr","locations":[{"start":{"line":117,"column":83},"end":{"line":117,"column":113}},{"start":{"line":117,"column":116},"end":{"line":117,"column":142}}],"line":117},"13":{"loc":{"start":{"line":119,"column":25},"end":{"line":123,"column":25}},"type":"cond-expr","locations":[{"start":{"line":120,"column":28},"end":{"line":120,"column":80}},{"start":{"line":122,"column":28},"end":{"line":122,"column":74}}],"line":119},"14":{"loc":{"start":{"line":125,"column":64},"end":{"line":125,"column":118}},"type":"cond-expr","locations":[{"start":{"line":125,"column":85},"end":{"line":125,"column":101}},{"start":{"line":125,"column":104},"end":{"line":125,"column":118}}],"line":125},"15":{"loc":{"start":{"line":126,"column":33},"end":{"line":126,"column":90}},"type":"cond-expr","locations":[{"start":{"line":126,"column":54},"end":{"line":126,"column":73}},{"start":{"line":126,"column":76},"end":{"line":126,"column":90}}],"line":126},"16":{"loc":{"start":{"line":134,"column":21},"end":{"line":138,"column":21}},"type":"binary-expr","locations":[{"start":{"line":134,"column":21},"end":{"line":134,"column":39}},{"start":{"line":135,"column":24},"end":{"line":137,"column":28}}],"line":134}},"s":{"0":0,"1":0,"2":0,"3":0,"4":0,"5":0,"6":0,"7":0,"8":0,"9":0,"10":0,"11":0,"12":0,"13":0,"14":0,"15":0,"16":0,"17":0,"18":0,"19":0,"20":0,"21":0,"22":0,"23":0,"24":0,"25":0,"26":0,"27":0,"28":0,"29":0,"30":0,"31":0,"32":0,"33":0,"34":0,"35":0,"36":0,"37":0,"38":0,"39":0,"40":0,"41":0,"42":0,"43":0,"44":0,"45":0,"46":0},"f":{"0":0,"1":0,"2":0,"3":0,"4":0,"5":0,"6":0},"b":{"0":[0,0],"1":[0,0],"2":[0,0],"3":[0,0],"4":[0,0],"5":[0,0],"6":[0,0],"7":[0,0],"8":[0,0],"9":[0,0],"10":[0,0],"11":[0,0],"12":[0,0],"13":[0,0],"14":[0,0],"15":[0,0],"16":[0,0]}}
}
