TN:
SF:src\App.jsx
FN:8,(anonymous_0)
FN:9,(anonymous_1)
FN:10,(anonymous_2)
FN:11,(anonymous_3)
FN:12,(anonymous_4)
FN:13,(anonymous_5)
FN:14,(anonymous_6)
FN:15,(anonymous_7)
FN:18,(anonymous_8)
FN:19,(anonymous_9)
FN:20,(anonymous_10)
FN:21,(anonymous_11)
FN:22,(anonymous_12)
FN:23,(anonymous_13)
FN:24,(anonymous_14)
FN:25,(anonymous_15)
FN:26,(anonymous_16)
FN:27,(anonymous_17)
FN:28,(anonymous_18)
FN:29,(anonymous_19)
FN:30,(anonymous_20)
FN:33,AppContent
FN:43,(anonymous_22)
FN:51,(anonymous_23)
FN:61,(anonymous_24)
FN:65,(anonymous_25)
FN:69,(anonymous_26)
FN:69,(anonymous_27)
FN:78,(anonymous_28)
FN:190,(anonymous_29)
FN:191,(anonymous_30)
FN:196,(anonymous_31)
FN:207,(anonymous_32)
FN:216,(anonymous_33)
FN:218,(anonymous_34)
FN:219,(anonymous_35)
FN:220,(anonymous_36)
FN:221,(anonymous_37)
FN:222,(anonymous_38)
FN:223,(anonymous_39)
FN:224,(anonymous_40)
FN:225,(anonymous_41)
FN:240,App
FNF:43
FNH:0
FNDA:0,(anonymous_0)
FNDA:0,(anonymous_1)
FNDA:0,(anonymous_2)
FNDA:0,(anonymous_3)
FNDA:0,(anonymous_4)
FNDA:0,(anonymous_5)
FNDA:0,(anonymous_6)
FNDA:0,(anonymous_7)
FNDA:0,(anonymous_8)
FNDA:0,(anonymous_9)
FNDA:0,(anonymous_10)
FNDA:0,(anonymous_11)
FNDA:0,(anonymous_12)
FNDA:0,(anonymous_13)
FNDA:0,(anonymous_14)
FNDA:0,(anonymous_15)
FNDA:0,(anonymous_16)
FNDA:0,(anonymous_17)
FNDA:0,(anonymous_18)
FNDA:0,(anonymous_19)
FNDA:0,(anonymous_20)
FNDA:0,AppContent
FNDA:0,(anonymous_22)
FNDA:0,(anonymous_23)
FNDA:0,(anonymous_24)
FNDA:0,(anonymous_25)
FNDA:0,(anonymous_26)
FNDA:0,(anonymous_27)
FNDA:0,(anonymous_28)
FNDA:0,(anonymous_29)
FNDA:0,(anonymous_30)
FNDA:0,(anonymous_31)
FNDA:0,(anonymous_32)
FNDA:0,(anonymous_33)
FNDA:0,(anonymous_34)
FNDA:0,(anonymous_35)
FNDA:0,(anonymous_36)
FNDA:0,(anonymous_37)
FNDA:0,(anonymous_38)
FNDA:0,(anonymous_39)
FNDA:0,(anonymous_40)
FNDA:0,(anonymous_41)
FNDA:0,App
DA:8,0
DA:9,0
DA:10,0
DA:11,0
DA:12,0
DA:13,0
DA:14,0
DA:15,0
DA:18,0
DA:19,0
DA:20,0
DA:21,0
DA:22,0
DA:23,0
DA:24,0
DA:25,0
DA:26,0
DA:27,0
DA:28,0
DA:29,0
DA:30,0
DA:34,0
DA:35,0
DA:36,0
DA:37,0
DA:38,0
DA:39,0
DA:40,0
DA:43,0
DA:44,0
DA:45,0
DA:46,0
DA:51,0
DA:52,0
DA:53,0
DA:54,0
DA:56,0
DA:57,0
DA:61,0
DA:62,0
DA:65,0
DA:66,0
DA:67,0
DA:69,0
DA:70,0
DA:73,0
DA:78,0
DA:79,0
DA:80,0
DA:81,0
DA:82,0
DA:83,0
DA:84,0
DA:86,0
DA:87,0
DA:88,0
DA:90,0
DA:94,0
DA:190,0
DA:191,0
DA:196,0
DA:207,0
DA:216,0
DA:218,0
DA:219,0
DA:220,0
DA:221,0
DA:222,0
DA:223,0
DA:224,0
DA:225,0
DA:241,0
LF:72
LH:0
BRDA:45,0,0,0
BRDA:45,0,1,0
BRDA:46,1,0,0
BRDA:46,1,1,0
BRDA:70,2,0,0
BRDA:70,2,1,0
BRDA:70,3,0,0
BRDA:70,3,1,0
BRDA:109,4,0,0
BRDA:109,4,1,0
BRDA:115,5,0,0
BRDA:115,5,1,0
BRF:12
BRH:0
end_of_record
TN:
SF:src\BlockedRoadDetector.jsx
FN:4,(anonymous_0)
FN:11,(anonymous_1)
FN:16,(anonymous_2)
FN:21,(anonymous_3)
FN:78,(anonymous_4)
FN:85,(anonymous_5)
FNF:6
FNH:0
FNDA:0,(anonymous_0)
FNDA:0,(anonymous_1)
FNDA:0,(anonymous_2)
FNDA:0,(anonymous_3)
FNDA:0,(anonymous_4)
FNDA:0,(anonymous_5)
DA:4,0
DA:5,0
DA:6,0
DA:7,0
DA:8,0
DA:9,0
DA:11,0
DA:12,0
DA:13,0
DA:16,0
DA:17,0
DA:18,0
DA:21,0
DA:22,0
DA:23,0
DA:24,0
DA:26,0
DA:27,0
DA:28,0
DA:29,0
DA:31,0
DA:32,0
DA:34,0
DA:39,0
DA:40,0
DA:41,0
DA:42,0
DA:43,0
DA:46,0
DA:47,0
DA:50,0
DA:51,0
DA:53,0
DA:57,0
DA:78,0
DA:85,0
LF:36
LH:0
BRDA:22,0,0,0
BRDA:22,0,1,0
BRDA:39,1,0,0
BRDA:39,1,1,0
BRDA:42,2,0,0
BRDA:42,2,1,0
BRDA:65,3,0,0
BRDA:65,3,1,0
BRDA:72,4,0,0
BRDA:72,4,1,0
BRDA:83,5,0,0
BRDA:83,5,1,0
BRDA:94,6,0,0
BRDA:94,6,1,0
BRDA:98,7,0,0
BRDA:98,7,1,0
BRDA:113,8,0,0
BRDA:113,8,1,0
BRDA:115,9,0,0
BRDA:115,9,1,0
BRF:20
BRH:0
end_of_record
TN:
SF:src\FireDetector.jsx
FN:4,(anonymous_0)
FN:11,(anonymous_1)
FN:16,(anonymous_2)
FN:21,(anonymous_3)
FN:78,(anonymous_4)
FN:85,(anonymous_5)
FNF:6
FNH:0
FNDA:0,(anonymous_0)
FNDA:0,(anonymous_1)
FNDA:0,(anonymous_2)
FNDA:0,(anonymous_3)
FNDA:0,(anonymous_4)
FNDA:0,(anonymous_5)
DA:4,0
DA:5,0
DA:6,0
DA:7,0
DA:8,0
DA:9,0
DA:11,0
DA:12,0
DA:13,0
DA:16,0
DA:17,0
DA:18,0
DA:21,0
DA:22,0
DA:23,0
DA:24,0
DA:26,0
DA:27,0
DA:28,0
DA:29,0
DA:31,0
DA:32,0
DA:34,0
DA:39,0
DA:40,0
DA:41,0
DA:42,0
DA:43,0
DA:46,0
DA:47,0
DA:50,0
DA:51,0
DA:53,0
DA:57,0
DA:78,0
DA:85,0
LF:36
LH:0
BRDA:22,0,0,0
BRDA:22,0,1,0
BRDA:39,1,0,0
BRDA:39,1,1,0
BRDA:42,2,0,0
BRDA:42,2,1,0
BRDA:65,3,0,0
BRDA:65,3,1,0
BRDA:72,4,0,0
BRDA:72,4,1,0
BRDA:83,5,0,0
BRDA:83,5,1,0
BRDA:94,6,0,0
BRDA:94,6,1,0
BRDA:98,7,0,0
BRDA:98,7,1,0
BRDA:113,8,0,0
BRDA:113,8,1,0
BRDA:115,9,0,0
BRDA:115,9,1,0
BRF:20
BRH:0
end_of_record
TN:
SF:src\FloodDetector.jsx
FN:6,(anonymous_0)
FN:13,(anonymous_1)
FN:19,(anonymous_2)
FN:43,(anonymous_3)
FN:106,(anonymous_4)
FNF:5
FNH:0
FNDA:0,(anonymous_0)
FNDA:0,(anonymous_1)
FNDA:0,(anonymous_2)
FNDA:0,(anonymous_3)
FNDA:0,(anonymous_4)
DA:6,0
DA:7,0
DA:8,0
DA:9,0
DA:10,0
DA:11,0
DA:13,0
DA:14,0
DA:15,0
DA:16,0
DA:19,0
DA:20,0
DA:21,0
DA:22,0
DA:24,0
DA:26,0
DA:27,0
DA:28,0
DA:30,0
DA:31,0
DA:33,0
DA:34,0
DA:36,0
DA:37,0
DA:39,0
DA:43,0
DA:44,0
DA:45,0
DA:46,0
DA:49,0
DA:107,0
LF:31
LH:0
BRDA:56,0,0,0
BRDA:56,0,1,0
BRDA:68,1,0,0
BRDA:68,1,1,0
BRDA:77,2,0,0
BRDA:77,2,1,0
BRDA:97,3,0,0
BRDA:97,3,1,0
BRDA:99,4,0,0
BRDA:99,4,1,0
BRDA:124,5,0,0
BRDA:124,5,1,0
BRF:12
BRH:0
end_of_record
TN:
SF:src\GarbageDetector.jsx
FN:5,(anonymous_0)
FN:12,(anonymous_1)
FN:26,(anonymous_2)
FN:32,(anonymous_3)
FN:51,(anonymous_4)
FN:54,(anonymous_5)
FN:59,(anonymous_6)
FN:67,(anonymous_7)
FN:82,(anonymous_8)
FN:110,(anonymous_9)
FN:163,(anonymous_10)
FNF:11
FNH:0
FNDA:0,(anonymous_0)
FNDA:0,(anonymous_1)
FNDA:0,(anonymous_2)
FNDA:0,(anonymous_3)
FNDA:0,(anonymous_4)
FNDA:0,(anonymous_5)
FNDA:0,(anonymous_6)
FNDA:0,(anonymous_7)
FNDA:0,(anonymous_8)
FNDA:0,(anonymous_9)
FNDA:0,(anonymous_10)
DA:3,0
DA:5,0
DA:6,0
DA:7,0
DA:8,0
DA:9,0
DA:10,0
DA:12,0
DA:14,0
DA:15,0
DA:16,0
DA:18,0
DA:19,0
DA:21,0
DA:22,0
DA:23,0
DA:26,0
DA:27,0
DA:28,0
DA:32,0
DA:33,0
DA:34,0
DA:35,0
DA:42,0
DA:43,0
DA:46,0
DA:47,0
DA:51,0
DA:52,0
DA:53,0
DA:54,0
DA:55,0
DA:59,0
DA:60,0
DA:62,0
DA:63,0
DA:64,0
DA:65,0
DA:67,0
DA:68,0
DA:69,0
DA:72,0
DA:73,0
DA:74,0
DA:75,0
DA:77,0
DA:78,0
DA:82,0
DA:83,0
DA:85,0
DA:88,0
DA:90,0
DA:91,0
DA:94,0
DA:95,0
DA:96,0
DA:103,0
DA:104,0
DA:105,0
DA:106,0
DA:107,0
DA:110,0
DA:111,0
DA:113,0
DA:114,0
DA:116,0
DA:117,0
DA:122,0
DA:123,0
DA:124,0
DA:127,0
DA:132,0
DA:163,0
LF:73
LH:0
BRDA:3,0,0,0
BRDA:3,0,1,0
BRDA:14,1,0,0
BRDA:14,1,1,0
BRDA:19,2,0,0
BRDA:19,2,1,0
BRDA:21,3,0,0
BRDA:21,3,1,0
BRDA:28,4,0,0
BRDA:28,4,1,0
BRDA:42,5,0,0
BRDA:42,5,1,0
BRDA:52,6,0,0
BRDA:52,6,1,0
BRDA:52,7,0,0
BRDA:52,7,1,0
BRDA:75,8,0,0
BRDA:75,8,1,0
BRDA:78,9,0,0
BRDA:78,9,1,0
BRDA:83,10,0,0
BRDA:83,10,1,0
BRDA:83,11,0,0
BRDA:83,11,1,0
BRDA:83,11,2,0
BRDA:88,12,0,0
BRDA:88,12,1,0
BRDA:94,13,0,0
BRDA:94,13,1,0
BRDA:94,14,0,0
BRDA:94,14,1,0
BRDA:111,15,0,0
BRDA:111,15,1,0
BRDA:122,16,0,0
BRDA:122,16,1,0
BRDA:136,17,0,0
BRDA:136,17,1,0
BRDA:146,18,0,0
BRDA:146,18,1,0
BRDA:152,19,0,0
BRDA:152,19,1,0
BRDA:164,20,0,0
BRDA:164,20,1,0
BRDA:166,21,0,0
BRDA:166,21,1,0
BRF:45
BRH:0
end_of_record
TN:
SF:src\IllegalParkingDetector.jsx
FN:4,(anonymous_0)
FN:11,(anonymous_1)
FN:16,(anonymous_2)
FN:21,(anonymous_3)
FN:80,(anonymous_4)
FN:87,(anonymous_5)
FNF:6
FNH:0
FNDA:0,(anonymous_0)
FNDA:0,(anonymous_1)
FNDA:0,(anonymous_2)
FNDA:0,(anonymous_3)
FNDA:0,(anonymous_4)
FNDA:0,(anonymous_5)
DA:4,0
DA:5,0
DA:6,0
DA:7,0
DA:8,0
DA:9,0
DA:11,0
DA:12,0
DA:13,0
DA:16,0
DA:17,0
DA:18,0
DA:21,0
DA:22,0
DA:23,0
DA:24,0
DA:26,0
DA:28,0
DA:29,0
DA:30,0
DA:32,0
DA:33,0
DA:36,0
DA:41,0
DA:42,0
DA:43,0
DA:44,0
DA:45,0
DA:48,0
DA:49,0
DA:52,0
DA:53,0
DA:55,0
DA:59,0
DA:80,0
DA:87,0
LF:36
LH:0
BRDA:22,0,0,0
BRDA:22,0,1,0
BRDA:41,1,0,0
BRDA:41,1,1,0
BRDA:44,2,0,0
BRDA:44,2,1,0
BRDA:67,3,0,0
BRDA:67,3,1,0
BRDA:74,4,0,0
BRDA:74,4,1,0
BRDA:85,5,0,0
BRDA:85,5,1,0
BRDA:96,6,0,0
BRDA:96,6,1,0
BRDA:100,7,0,0
BRDA:100,7,1,0
BRDA:115,8,0,0
BRDA:115,8,1,0
BRDA:117,9,0,0
BRDA:117,9,1,0
BRF:20
BRH:0
end_of_record
TN:
SF:src\InfrastructureDetector.jsx
FN:6,(anonymous_0)
FN:13,(anonymous_1)
FN:19,(anonymous_2)
FN:44,(anonymous_3)
FN:69,(anonymous_4)
FN:114,(anonymous_5)
FNF:6
FNH:0
FNDA:0,(anonymous_0)
FNDA:0,(anonymous_1)
FNDA:0,(anonymous_2)
FNDA:0,(anonymous_3)
FNDA:0,(anonymous_4)
FNDA:0,(anonymous_5)
DA:6,0
DA:7,0
DA:8,0
DA:9,0
DA:10,0
DA:11,0
DA:13,0
DA:14,0
DA:15,0
DA:16,0
DA:19,0
DA:20,0
DA:21,0
DA:23,0
DA:24,0
DA:25,0
DA:27,0
DA:28,0
DA:30,0
DA:32,0
DA:33,0
DA:35,0
DA:37,0
DA:38,0
DA:40,0
DA:44,0
DA:45,0
DA:46,0
DA:49,0
DA:69,0
DA:115,0
LF:31
LH:0
BRDA:32,0,0,0
BRDA:32,0,1,0
BRDA:59,1,0,0
BRDA:59,1,1,0
BRDA:62,2,0,0
BRDA:62,2,1,0
BRDA:79,3,0,0
BRDA:79,3,1,0
BRDA:88,4,0,0
BRDA:88,4,1,0
BRDA:107,5,0,0
BRDA:107,5,1,0
BRDA:126,6,0,0
BRDA:126,6,1,0
BRDA:126,6,2,0
BRF:15
BRH:0
end_of_record
TN:
SF:src\PestDetector.jsx
FN:4,(anonymous_0)
FN:11,(anonymous_1)
FN:16,(anonymous_2)
FN:21,(anonymous_3)
FN:80,(anonymous_4)
FN:87,(anonymous_5)
FNF:6
FNH:0
FNDA:0,(anonymous_0)
FNDA:0,(anonymous_1)
FNDA:0,(anonymous_2)
FNDA:0,(anonymous_3)
FNDA:0,(anonymous_4)
FNDA:0,(anonymous_5)
DA:4,0
DA:5,0
DA:6,0
DA:7,0
DA:8,0
DA:9,0
DA:11,0
DA:12,0
DA:13,0
DA:16,0
DA:17,0
DA:18,0
DA:21,0
DA:22,0
DA:23,0
DA:24,0
DA:26,0
DA:27,0
DA:28,0
DA:29,0
DA:31,0
DA:32,0
DA:34,0
DA:39,0
DA:40,0
DA:41,0
DA:42,0
DA:43,0
DA:46,0
DA:47,0
DA:50,0
DA:51,0
DA:53,0
DA:57,0
DA:80,0
DA:87,0
LF:36
LH:0
BRDA:22,0,0,0
BRDA:22,0,1,0
BRDA:39,1,0,0
BRDA:39,1,1,0
BRDA:42,2,0,0
BRDA:42,2,1,0
BRDA:59,3,0,0
BRDA:59,3,1,0
BRDA:67,4,0,0
BRDA:67,4,1,0
BRDA:74,5,0,0
BRDA:74,5,1,0
BRDA:85,6,0,0
BRDA:85,6,1,0
BRDA:96,7,0,0
BRDA:96,7,1,0
BRDA:100,8,0,0
BRDA:100,8,1,0
BRDA:115,9,0,0
BRDA:115,9,1,0
BRDA:117,10,0,0
BRDA:117,10,1,0
BRF:22
BRH:0
end_of_record
TN:
SF:src\PotholeDetector.jsx
FN:5,(anonymous_0)
FN:12,(anonymous_1)
FN:26,(anonymous_2)
FN:32,(anonymous_3)
FN:51,(anonymous_4)
FN:54,(anonymous_5)
FN:59,(anonymous_6)
FN:84,(anonymous_7)
FN:109,(anonymous_8)
FN:130,(anonymous_9)
FN:177,(anonymous_10)
FNF:11
FNH:0
FNDA:0,(anonymous_0)
FNDA:0,(anonymous_1)
FNDA:0,(anonymous_2)
FNDA:0,(anonymous_3)
FNDA:0,(anonymous_4)
FNDA:0,(anonymous_5)
FNDA:0,(anonymous_6)
FNDA:0,(anonymous_7)
FNDA:0,(anonymous_8)
FNDA:0,(anonymous_9)
FNDA:0,(anonymous_10)
DA:3,0
DA:5,0
DA:6,0
DA:7,0
DA:8,0
DA:9,0
DA:10,0
DA:12,0
DA:14,0
DA:15,0
DA:16,0
DA:18,0
DA:19,0
DA:21,0
DA:22,0
DA:23,0
DA:26,0
DA:27,0
DA:28,0
DA:32,0
DA:33,0
DA:34,0
DA:35,0
DA:42,0
DA:43,0
DA:46,0
DA:47,0
DA:51,0
DA:52,0
DA:53,0
DA:54,0
DA:55,0
DA:59,0
DA:60,0
DA:62,0
DA:65,0
DA:67,0
DA:68,0
DA:71,0
DA:72,0
DA:73,0
DA:81,0
DA:84,0
DA:85,0
DA:87,0
DA:88,0
DA:90,0
DA:91,0
DA:96,0
DA:97,0
DA:101,0
DA:104,0
DA:109,0
DA:123,0
DA:125,0
DA:126,0
DA:127,0
DA:128,0
DA:130,0
DA:131,0
DA:132,0
DA:135,0
DA:136,0
DA:137,0
DA:138,0
DA:140,0
DA:141,0
DA:145,0
DA:177,0
LF:69
LH:0
BRDA:3,0,0,0
BRDA:3,0,1,0
BRDA:14,1,0,0
BRDA:14,1,1,0
BRDA:19,2,0,0
BRDA:19,2,1,0
BRDA:21,3,0,0
BRDA:21,3,1,0
BRDA:28,4,0,0
BRDA:28,4,1,0
BRDA:42,5,0,0
BRDA:42,5,1,0
BRDA:52,6,0,0
BRDA:52,6,1,0
BRDA:52,7,0,0
BRDA:52,7,1,0
BRDA:60,8,0,0
BRDA:60,8,1,0
BRDA:60,9,0,0
BRDA:60,9,1,0
BRDA:60,9,2,0
BRDA:65,10,0,0
BRDA:65,10,1,0
BRDA:71,11,0,0
BRDA:71,11,1,0
BRDA:71,12,0,0
BRDA:71,12,1,0
BRDA:85,13,0,0
BRDA:85,13,1,0
BRDA:96,14,0,0
BRDA:96,14,1,0
BRDA:138,15,0,0
BRDA:138,15,1,0
BRDA:141,16,0,0
BRDA:141,16,1,0
BRDA:149,17,0,0
BRDA:149,17,1,0
BRDA:160,18,0,0
BRDA:160,18,1,0
BRDA:166,19,0,0
BRDA:166,19,1,0
BRDA:178,20,0,0
BRDA:178,20,1,0
BRDA:180,21,0,0
BRDA:180,21,1,0
BRF:45
BRH:0
end_of_record
TN:
SF:src\SmartScanner.jsx
FN:8,(anonymous_0)
FN:19,(anonymous_1)
FN:20,(anonymous_2)
FN:32,(anonymous_3)
FN:41,(anonymous_4)
FN:47,(anonymous_5)
FN:66,(anonymous_6)
FN:69,(anonymous_7)
FN:74,(anonymous_8)
FN:85,(anonymous_9)
FN:128,(anonymous_10)
FN:154,(anonymous_11)
FN:165,(anonymous_12)
FN:233,(anonymous_13)
FNF:14
FNH:0
FNDA:0,(anonymous_0)
FNDA:0,(anonymous_1)
FNDA:0,(anonymous_2)
FNDA:0,(anonymous_3)
FNDA:0,(anonymous_4)
FNDA:0,(anonymous_5)
FNDA:0,(anonymous_6)
FNDA:0,(anonymous_7)
FNDA:0,(anonymous_8)
FNDA:0,(anonymous_9)
FNDA:0,(anonymous_10)
FNDA:0,(anonymous_11)
FNDA:0,(anonymous_12)
FNDA:0,(anonymous_13)
DA:6,0
DA:8,0
DA:9,0
DA:10,0
DA:11,0
DA:12,0
DA:13,0
DA:14,0
DA:15,0
DA:16,0
DA:17,0
DA:19,0
DA:20,0
DA:21,0
DA:22,0
DA:23,0
DA:24,0
DA:26,0
DA:29,0
DA:32,0
DA:34,0
DA:35,0
DA:36,0
DA:38,0
DA:39,0
DA:41,0
DA:42,0
DA:43,0
DA:47,0
DA:48,0
DA:49,0
DA:50,0
DA:57,0
DA:58,0
DA:61,0
DA:62,0
DA:66,0
DA:67,0
DA:68,0
DA:69,0
DA:70,0
DA:74,0
DA:75,0
DA:76,0
DA:77,0
DA:78,0
DA:82,0
DA:85,0
DA:86,0
DA:88,0
DA:89,0
DA:92,0
DA:93,0
DA:94,0
DA:97,0
DA:98,0
DA:100,0
DA:101,0
DA:102,0
DA:105,0
DA:108,0
DA:109,0
DA:112,0
DA:113,0
DA:116,0
DA:117,0
DA:121,0
DA:122,0
DA:125,0
DA:126,0
DA:128,0
DA:129,0
DA:131,0
DA:132,0
DA:134,0
DA:135,0
DA:140,0
DA:141,0
DA:142,0
DA:145,0
DA:150,0
DA:154,0
DA:155,0
DA:156,0
DA:165,0
DA:167,0
DA:178,0
DA:181,0
DA:233,0
LF:89
LH:0
BRDA:6,0,0,0
BRDA:6,0,1,0
BRDA:34,1,0,0
BRDA:34,1,1,0
BRDA:39,2,0,0
BRDA:39,2,1,0
BRDA:43,3,0,0
BRDA:43,3,1,0
BRDA:57,4,0,0
BRDA:57,4,1,0
BRDA:67,5,0,0
BRDA:67,5,1,0
BRDA:67,6,0,0
BRDA:67,6,1,0
BRDA:75,7,0,0
BRDA:75,7,1,0
BRDA:86,8,0,0
BRDA:86,8,1,0
BRDA:86,9,0,0
BRDA:86,9,1,0
BRDA:86,9,2,0
BRDA:86,9,3,0
BRDA:89,10,0,0
BRDA:89,10,1,0
BRDA:93,11,0,0
BRDA:93,11,1,0
BRDA:100,12,0,0
BRDA:100,12,1,0
BRDA:100,13,0,0
BRDA:100,13,1,0
BRDA:116,14,0,0
BRDA:116,14,1,0
BRDA:125,15,0,0
BRDA:125,15,1,0
BRDA:129,16,0,0
BRDA:129,16,1,0
BRDA:140,17,0,0
BRDA:140,17,1,0
BRDA:155,18,0,0
BRDA:155,18,1,0
BRDA:155,19,0,0
BRDA:155,19,1,0
BRDA:155,19,2,0
BRDA:155,19,3,0
BRDA:178,20,0,0
BRDA:178,20,1,0
BRDA:185,21,0,0
BRDA:185,21,1,0
BRDA:195,22,0,0
BRDA:195,22,1,0
BRDA:203,23,0,0
BRDA:203,23,1,0
BRDA:203,23,2,0
BRDA:210,24,0,0
BRDA:210,24,1,0
BRDA:210,24,2,0
BRDA:210,24,3,0
BRDA:222,25,0,0
BRDA:222,25,1,0
BRDA:234,26,0,0
BRDA:234,26,1,0
BRDA:236,27,0,0
BRDA:236,27,1,0
BRF:63
BRH:0
end_of_record
TN:
SF:src\StrayAnimalDetector.jsx
FN:4,(anonymous_0)
FN:11,(anonymous_1)
FN:16,(anonymous_2)
FN:21,(anonymous_3)
FN:78,(anonymous_4)
FN:85,(anonymous_5)
FNF:6
FNH:0
FNDA:0,(anonymous_0)
FNDA:0,(anonymous_1)
FNDA:0,(anonymous_2)
FNDA:0,(anonymous_3)
FNDA:0,(anonymous_4)
FNDA:0,(anonymous_5)
DA:4,0
DA:5,0
DA:6,0
DA:7,0
DA:8,0
DA:9,0
DA:11,0
DA:12,0
DA:13,0
DA:16,0
DA:17,0
DA:18,0
DA:21,0
DA:22,0
DA:23,0
DA:24,0
DA:26,0
DA:27,0
DA:28,0
DA:29,0
DA:31,0
DA:32,0
DA:34,0
DA:39,0
DA:40,0
DA:41,0
DA:42,0
DA:43,0
DA:46,0
DA:47,0
DA:50,0
DA:51,0
DA:53,0
DA:57,0
DA:78,0
DA:85,0
LF:36
LH:0
BRDA:22,0,0,0
BRDA:22,0,1,0
BRDA:39,1,0,0
BRDA:39,1,1,0
BRDA:42,2,0,0
BRDA:42,2,1,0
BRDA:65,3,0,0
BRDA:65,3,1,0
BRDA:72,4,0,0
BRDA:72,4,1,0
BRDA:83,5,0,0
BRDA:83,5,1,0
BRDA:94,6,0,0
BRDA:94,6,1,0
BRDA:98,7,0,0
BRDA:98,7,1,0
BRDA:113,8,0,0
BRDA:113,8,1,0
BRDA:115,9,0,0
BRDA:115,9,1,0
BRF:20
BRH:0
end_of_record
TN:
SF:src\StreetLightDetector.jsx
FN:4,(anonymous_0)
FN:11,(anonymous_1)
FN:16,(anonymous_2)
FN:21,(anonymous_3)
FN:78,(anonymous_4)
FN:85,(anonymous_5)
FNF:6
FNH:0
FNDA:0,(anonymous_0)
FNDA:0,(anonymous_1)
FNDA:0,(anonymous_2)
FNDA:0,(anonymous_3)
FNDA:0,(anonymous_4)
FNDA:0,(anonymous_5)
DA:4,0
DA:5,0
DA:6,0
DA:7,0
DA:8,0
DA:9,0
DA:11,0
DA:12,0
DA:13,0
DA:16,0
DA:17,0
DA:18,0
DA:21,0
DA:22,0
DA:23,0
DA:24,0
DA:26,0
DA:27,0
DA:28,0
DA:29,0
DA:31,0
DA:32,0
DA:34,0
DA:39,0
DA:40,0
DA:41,0
DA:42,0
DA:43,0
DA:46,0
DA:47,0
DA:50,0
DA:51,0
DA:53,0
DA:57,0
DA:78,0
DA:85,0
LF:36
LH:0
BRDA:22,0,0,0
BRDA:22,0,1,0
BRDA:39,1,0,0
BRDA:39,1,1,0
BRDA:42,2,0,0
BRDA:42,2,1,0
BRDA:65,3,0,0
BRDA:65,3,1,0
BRDA:72,4,0,0
BRDA:72,4,1,0
BRDA:83,5,0,0
BRDA:83,5,1,0
BRDA:94,6,0,0
BRDA:94,6,1,0
BRDA:98,7,0,0
BRDA:98,7,1,0
BRDA:113,8,0,0
BRDA:113,8,1,0
BRDA:115,9,0,0
BRDA:115,9,1,0
BRF:20
BRH:0
end_of_record
TN:
SF:src\TreeDetector.jsx
FN:4,(anonymous_0)
FN:11,(anonymous_1)
FN:16,(anonymous_2)
FN:21,(anonymous_3)
FN:80,(anonymous_4)
FN:87,(anonymous_5)
FNF:6
FNH:0
FNDA:0,(anonymous_0)
FNDA:0,(anonymous_1)
FNDA:0,(anonymous_2)
FNDA:0,(anonymous_3)
FNDA:0,(anonymous_4)
FNDA:0,(anonymous_5)
DA:4,0
DA:5,0
DA:6,0
DA:7,0
DA:8,0
DA:9,0
DA:11,0
DA:12,0
DA:13,0
DA:16,0
DA:17,0
DA:18,0
DA:21,0
DA:22,0
DA:23,0
DA:24,0
DA:26,0
DA:27,0
DA:28,0
DA:29,0
DA:31,0
DA:32,0
DA:34,0
DA:39,0
DA:40,0
DA:41,0
DA:42,0
DA:43,0
DA:46,0
DA:47,0
DA:50,0
DA:51,0
DA:53,0
DA:57,0
DA:80,0
DA:87,0
LF:36
LH:0
BRDA:22,0,0,0
BRDA:22,0,1,0
BRDA:39,1,0,0
BRDA:39,1,1,0
BRDA:42,2,0,0
BRDA:42,2,1,0
BRDA:59,3,0,0
BRDA:59,3,1,0
BRDA:67,4,0,0
BRDA:67,4,1,0
BRDA:74,5,0,0
BRDA:74,5,1,0
BRDA:85,6,0,0
BRDA:85,6,1,0
BRDA:96,7,0,0
BRDA:96,7,1,0
BRDA:100,8,0,0
BRDA:100,8,1,0
BRDA:115,9,0,0
BRDA:115,9,1,0
BRDA:117,10,0,0
BRDA:117,10,1,0
BRF:22
BRH:0
end_of_record
TN:
SF:src\VandalismDetector.jsx
FN:5,(anonymous_0)
FN:12,(anonymous_1)
FN:17,(anonymous_2)
FN:22,(anonymous_3)
FN:68,(anonymous_4)
FN:76,(anonymous_5)
FNF:6
FNH:0
FNDA:0,(anonymous_0)
FNDA:0,(anonymous_1)
FNDA:0,(anonymous_2)
FNDA:0,(anonymous_3)
FNDA:0,(anonymous_4)
FNDA:0,(anonymous_5)
DA:5,0
DA:6,0
DA:7,0
DA:8,0
DA:9,0
DA:10,0
DA:12,0
DA:13,0
DA:14,0
DA:17,0
DA:18,0
DA:19,0
DA:22,0
DA:23,0
DA:24,0
DA:25,0
DA:27,0
DA:29,0
DA:30,0
DA:31,0
DA:33,0
DA:34,0
DA:37,0
DA:39,0
DA:40,0
DA:41,0
DA:44,0
DA:45,0
DA:47,0
DA:51,0
DA:68,0
DA:76,0
LF:32
LH:0
BRDA:23,0,0,0
BRDA:23,0,1,0
BRDA:40,1,0,0
BRDA:40,1,1,0
BRDA:55,2,0,0
BRDA:55,2,1,0
BRDA:62,3,0,0
BRDA:62,3,1,0
BRDA:74,4,0,0
BRDA:74,4,1,0
BRDA:85,5,0,0
BRDA:85,5,1,0
BRDA:89,6,0,0
BRDA:89,6,1,0
BRDA:104,7,0,0
BRDA:104,7,1,0
BRDA:106,8,0,0
BRDA:106,8,1,0
BRF:18
BRH:0
end_of_record
TN:
SF:src\fakeData.js
FNF:0
FNH:0
DA:3,0
DA:27,0
DA:46,0
DA:65,0
LF:4
LH:0
BRF:0
BRH:0
end_of_record
TN:
SF:src\i18n.js
FNF:0
FNH:0
DA:9,0
DA:21,0
LF:2
LH:0
BRF:0
BRH:0
end_of_record
TN:
SF:src\offlineQueue.js
FN:4,(anonymous_0)
FN:14,(anonymous_1)
FN:28,(anonymous_2)
FN:32,(anonymous_3)
FN:36,(anonymous_4)
FN:40,(anonymous_5)
FN:71,(anonymous_6)
FN:73,(anonymous_7)
FN:80,(anonymous_8)
FN:85,(anonymous_9)
FNF:10
FNH:0
FNDA:0,(anonymous_0)
FNDA:0,(anonymous_1)
FNDA:0,(anonymous_2)
FNDA:0,(anonymous_3)
FNDA:0,(anonymous_4)
FNDA:0,(anonymous_5)
FNDA:0,(anonymous_6)
FNDA:0,(anonymous_7)
FNDA:0,(anonymous_8)
FNDA:0,(anonymous_9)
DA:5,0
DA:6,0
DA:12,0
DA:14,0
DA:15,0
DA:16,0
DA:21,0
DA:23,0
DA:24,0
DA:28,0
DA:29,0
DA:32,0
DA:33,0
DA:36,0
DA:37,0
DA:40,0
DA:41,0
DA:43,0
DA:44,0
DA:45,0
DA:46,0
DA:47,0
DA:48,0
DA:49,0
DA:50,0
DA:51,0
DA:54,0
DA:59,0
DA:60,0
DA:62,0
DA:65,0
DA:71,0
DA:72,0
DA:73,0
DA:74,0
DA:80,0
DA:81,0
DA:85,0
DA:86,0
DA:87,0
LF:40
LH:0
BRDA:50,0,0,0
BRDA:50,0,1,0
BRDA:59,1,0,0
BRDA:59,1,1,0
BRDA:72,2,0,0
BRDA:72,2,1,0
BRDA:72,3,0,0
BRDA:72,3,1,0
BRDA:81,4,0,0
BRDA:81,4,1,0
BRDA:86,5,0,0
BRDA:86,5,1,0
BRDA:86,6,0,0
BRDA:86,6,1,0
BRDA:87,7,0,0
BRDA:87,7,1,0
BRF:16
BRH:0
end_of_record
TN:
SF:src\api\client.js
FN:4,(anonymous_0)
FN:11,(anonymous_1)
FN:25,(anonymous_2)
FN:37,(anonymous_3)
FNF:4
FNH:0
FNDA:0,(anonymous_0)
FNDA:0,(anonymous_1)
FNDA:0,(anonymous_2)
FNDA:0,(anonymous_3)
DA:1,0
DA:3,0
DA:5,0
DA:6,0
DA:7,0
DA:9,0
DA:12,0
DA:19,0
DA:20,0
DA:22,0
DA:26,0
DA:30,0
DA:31,0
DA:33,0
DA:37,0
LF:15
LH:0
BRDA:1,0,0,0
BRDA:1,0,1,0
BRDA:6,1,0,0
BRDA:6,1,1,0
BRDA:19,2,0,0
BRDA:19,2,1,0
BRDA:30,3,0,0
BRDA:30,3,1,0
BRF:8
BRH:0
end_of_record
TN:
SF:src\api\detectors.js
FN:4,(anonymous_0)
FN:4,(anonymous_1)
FN:35,(anonymous_2)
FN:38,(anonymous_3)
FNF:4
FNH:4
FNDA:10,(anonymous_0)
FNDA:51,(anonymous_1)
FNDA:9,(anonymous_2)
FNDA:8,(anonymous_3)
DA:4,10
DA:6,51
DA:7,51
DA:31,0
DA:34,1
DA:36,9
DA:39,8
LF:7
LH:6
BRDA:6,0,0,51
BRDA:6,0,1,0
BRF:2
BRH:1
end_of_record
TN:
SF:src\api\index.js
FNF:0
FNH:0
LF:0
LH:0
BRF:0
BRH:0
end_of_record
TN:
SF:src\api\issues.js
FN:5,(anonymous_0)
FN:14,(anonymous_1)
FN:19,(anonymous_2)
FNF:3
FNH:3
FNDA:3,(anonymous_0)
FNDA:3,(anonymous_1)
FNDA:5,(anonymous_2)
DA:4,1
DA:6,3
DA:7,3
DA:9,2
DA:10,2
DA:16,3
DA:20,5
LF:7
LH:7
BRF:0
BRH:0
end_of_record
TN:
SF:src\api\location.js
FN:20,getMaharashtraRepContacts
FN:25,(anonymous_1)
FNF:2
FNH:0
FNDA:0,getMaharashtraRepContacts
FNDA:0,(anonymous_1)
DA:11,0
DA:21,0
DA:22,0
DA:24,0
DA:25,0
DA:26,0
DA:29,0
DA:31,0
DA:33,0
LF:9
LH:0
BRDA:11,0,0,0
BRDA:11,0,1,0
BRDA:24,1,0,0
BRDA:24,1,1,0
BRDA:26,2,0,0
BRDA:26,2,1,0
BRF:6
BRH:0
end_of_record
TN:
SF:src\api\misc.js
FN:5,(anonymous_0)
FN:14,(anonymous_1)
FN:18,(anonymous_2)
FN:22,(anonymous_3)
FNF:4
FNH:4
FNDA:3,(anonymous_0)
FNDA:7,(anonymous_1)
FNDA:6,(anonymous_2)
FNDA:4,(anonymous_3)
DA:4,1
DA:6,3
DA:7,3
DA:9,2
DA:10,2
DA:15,7
DA:19,6
DA:23,4
LF:8
LH:8
BRF:0
BRH:0
end_of_record
TN:
SF:src\components\ChatWidget.jsx
FN:4,(anonymous_0)
FN:13,(anonymous_1)
FN:17,(anonymous_2)
FN:21,(anonymous_3)
FN:25,(anonymous_4)
FN:30,(anonymous_5)
FN:46,(anonymous_6)
FN:49,(anonymous_7)
FN:73,(anonymous_8)
FN:108,(anonymous_9)
FNF:10
FNH:0
FNDA:0,(anonymous_0)
FNDA:0,(anonymous_1)
FNDA:0,(anonymous_2)
FNDA:0,(anonymous_3)
FNDA:0,(anonymous_4)
FNDA:0,(anonymous_5)
FNDA:0,(anonymous_6)
FNDA:0,(anonymous_7)
FNDA:0,(anonymous_8)
FNDA:0,(anonymous_9)
DA:4,0
DA:5,0
DA:6,0
DA:9,0
DA:10,0
DA:11,0
DA:13,0
DA:14,0
DA:17,0
DA:18,0
DA:21,0
DA:22,0
DA:25,0
DA:26,0
DA:27,0
DA:29,0
DA:30,0
DA:31,0
DA:32,0
DA:34,0
DA:35,0
DA:43,0
DA:45,0
DA:46,0
DA:48,0
DA:49,0
DA:51,0
DA:55,0
DA:74,0
DA:108,0
LF:30
LH:0
BRDA:27,0,0,0
BRDA:27,0,1,0
BRDA:35,1,0,0
BRDA:35,1,1,0
BRDA:43,2,0,0
BRDA:43,2,1,0
BRDA:58,3,0,0
BRDA:58,3,1,0
BRDA:76,4,0,0
BRDA:76,4,1,0
BRDA:80,5,0,0
BRDA:80,5,1,0
BRDA:89,6,0,0
BRDA:89,6,1,0
BRDA:114,7,0,0
BRDA:114,7,1,0
BRDA:127,8,0,0
BRDA:127,8,1,0
BRF:18
BRH:0
end_of_record
TN:
SF:src\components\StatusTracker.jsx
FN:4,(anonymous_0)
FN:24,(anonymous_1)
FNF:2
FNH:0
FNDA:0,(anonymous_0)
FNDA:0,(anonymous_1)
DA:4,0
DA:5,0
DA:12,0
DA:25,0
LF:4
LH:0
BRDA:4,0,0,0
BRDA:26,1,0,0
BRDA:26,1,1,0
BRDA:28,2,0,0
BRDA:28,2,1,0
BRDA:36,3,0,0
BRDA:36,3,1,0
BRF:7
BRH:0
end_of_record
TN:
SF:src\components\VoiceInput.jsx
FN:5,(anonymous_0)
FN:11,(anonymous_1)
FN:25,(anonymous_2)
FN:30,(anonymous_3)
FN:35,(anonymous_4)
FN:40,(anonymous_5)
FN:46,(anonymous_6)
FN:53,(anonymous_7)
FN:62,(anonymous_8)
FNF:9
FNH:0
FNDA:0,(anonymous_0)
FNDA:0,(anonymous_1)
FNDA:0,(anonymous_2)
FNDA:0,(anonymous_3)
FNDA:0,(anonymous_4)
FNDA:0,(anonymous_5)
FNDA:0,(anonymous_6)
FNDA:0,(anonymous_7)
FNDA:0,(anonymous_8)
DA:5,0
DA:6,0
DA:7,0
DA:8,0
DA:9,0
DA:11,0
DA:13,0
DA:15,0
DA:16,0
DA:17,0
DA:20,0
DA:21,0
DA:22,0
DA:23,0
DA:25,0
DA:26,0
DA:27,0
DA:30,0
DA:31,0
DA:32,0
DA:35,0
DA:36,0
DA:37,0
DA:40,0
DA:41,0
DA:44,0
DA:46,0
DA:47,0
DA:48,0
DA:53,0
DA:54,0
DA:59,0
DA:62,0
DA:63,0
DA:65,0
DA:66,0
DA:68,0
DA:72,0
DA:73,0
DA:80,0
LF:40
LH:0
BRDA:5,0,0,0
BRDA:13,1,0,0
BRDA:13,1,1,0
BRDA:15,2,0,0
BRDA:15,2,1,0
BRDA:47,3,0,0
BRDA:47,3,1,0
BRDA:59,4,0,0
BRDA:59,4,1,0
BRDA:63,5,0,0
BRDA:63,5,1,0
BRDA:65,6,0,0
BRDA:65,6,1,0
BRDA:72,7,0,0
BRDA:72,7,1,0
BRDA:85,8,0,0
BRDA:85,8,1,0
BRDA:89,9,0,0
BRDA:89,9,1,0
BRDA:91,10,0,0
BRDA:91,10,1,0
BRF:21
BRH:0
end_of_record
TN:
SF:src\views\ActionView.jsx
FN:7,(anonymous_0)
FN:10,(anonymous_1)
FN:13,(anonymous_2)
FN:19,(anonymous_3)
FN:30,(anonymous_4)
FN:107,(anonymous_5)
FNF:6
FNH:0
FNDA:0,(anonymous_0)
FNDA:0,(anonymous_1)
FNDA:0,(anonymous_2)
FNDA:0,(anonymous_3)
FNDA:0,(anonymous_4)
FNDA:0,(anonymous_5)
DA:5,0
DA:7,0
DA:8,0
DA:10,0
DA:12,0
DA:13,0
DA:14,0
DA:15,0
DA:16,0
DA:17,0
DA:19,0
DA:20,0
DA:22,0
DA:26,0
DA:30,0
DA:33,0
DA:34,0
DA:46,0
DA:107,0
LF:19
LH:0
BRDA:5,0,0,0
BRDA:5,0,1,0
BRDA:8,1,0,0
BRDA:8,1,1,0
BRDA:12,2,0,0
BRDA:12,2,1,0
BRDA:12,3,0,0
BRDA:12,3,1,0
BRDA:16,4,0,0
BRDA:16,4,1,0
BRDA:20,5,0,0
BRDA:20,5,1,0
BRDA:20,6,0,0
BRDA:20,6,1,0
BRDA:20,6,2,0
BRDA:33,7,0,0
BRDA:33,7,1,0
BRDA:72,8,0,0
BRDA:72,8,1,0
BRF:19
BRH:0
end_of_record
TN:
SF:src\views\Home.jsx
FN:10,(anonymous_0)
FN:63,(anonymous_1)
FN:81,(anonymous_2)
FN:101,(anonymous_3)
FN:108,(anonymous_4)
FN:111,(anonymous_5)
FN:147,(anonymous_6)
FN:170,(anonymous_7)
FN:178,(anonymous_8)
FNF:9
FNH:0
FNDA:0,(anonymous_0)
FNDA:0,(anonymous_1)
FNDA:0,(anonymous_2)
FNDA:0,(anonymous_3)
FNDA:0,(anonymous_4)
FNDA:0,(anonymous_5)
FNDA:0,(anonymous_6)
FNDA:0,(anonymous_7)
FNDA:0,(anonymous_8)
DA:10,0
DA:11,0
DA:12,0
DA:13,0
DA:15,0
DA:50,0
DA:63,0
DA:81,0
DA:102,0
DA:109,0
DA:111,0
DA:148,0
DA:170,0
DA:178,0
LF:14
LH:0
BRDA:13,0,0,0
BRDA:13,0,1,0
BRDA:146,1,0,0
BRDA:146,1,1,0
BRDA:151,2,0,0
BRDA:151,2,1,0
BRDA:152,3,0,0
BRDA:152,3,1,0
BRDA:166,4,0,0
BRDA:166,4,1,0
BRDA:182,5,0,0
BRDA:182,5,1,0
BRF:12
BRH:0
end_of_record
TN:
SF:src\views\MaharashtraRepView.jsx
FN:4,(anonymous_0)
FN:8,(anonymous_1)
FN:41,(anonymous_2)
FN:65,(anonymous_3)
FN:145,(anonymous_4)
FNF:5
FNH:0
FNDA:0,(anonymous_0)
FNDA:0,(anonymous_1)
FNDA:0,(anonymous_2)
FNDA:0,(anonymous_3)
FNDA:0,(anonymous_4)
DA:4,0
DA:5,0
DA:6,0
DA:8,0
DA:9,0
DA:10,0
DA:11,0
DA:12,0
DA:14,0
DA:15,0
DA:16,0
DA:18,0
DA:20,0
DA:24,0
DA:41,0
DA:65,0
DA:146,0
DA:147,0
DA:148,0
LF:19
LH:0
BRDA:28,0,0,0
BRDA:28,0,1,0
BRDA:49,1,0,0
BRDA:49,1,1,0
BRDA:57,2,0,0
BRDA:57,2,1,0
BRDA:60,3,0,0
BRDA:60,3,1,0
BRDA:95,4,0,0
BRDA:95,4,1,0
BRDA:95,4,2,0
BRDA:111,5,0,0
BRDA:111,5,1,0
BRF:13
BRH:0
end_of_record
TN:
SF:src\views\MapView.jsx
FN:3,(anonymous_0)
FN:7,(anonymous_1)
FN:15,(anonymous_2)
FNF:3
FNH:0
FNDA:0,(anonymous_0)
FNDA:0,(anonymous_1)
FNDA:0,(anonymous_2)
DA:3,0
DA:4,0
DA:8,0
DA:15,0
LF:4
LH:0
BRDA:7,0,0,0
BRDA:7,0,1,0
BRF:2
BRH:0
end_of_record
TN:
SF:src\views\NotFound.jsx
FN:5,(anonymous_0)
FNF:1
FNH:0
FNDA:0,(anonymous_0)
DA:5,0
DA:6,0
LF:2
LH:0
BRF:0
BRH:0
end_of_record
TN:
SF:src\views\ReportForm.jsx
FN:12,(anonymous_0)
FN:32,(anonymous_1)
FN:33,(anonymous_2)
FN:34,(anonymous_3)
FN:39,(anonymous_4)
FN:45,(anonymous_5)
FN:67,(anonymous_6)
FN:82,(anonymous_7)
FN:92,(anonymous_8)
FN:116,(anonymous_9)
FN:124,(anonymous_10)
FN:128,(anonymous_11)
FN:129,(anonymous_12)
FN:137,(anonymous_13)
FN:149,(anonymous_14)
FN:237,(anonymous_15)
FN:253,(anonymous_16)
FN:269,(anonymous_17)
FN:275,(anonymous_18)
FN:275,(anonymous_19)
FN:419,(anonymous_20)
FNF:21
FNH:0
FNDA:0,(anonymous_0)
FNDA:0,(anonymous_1)
FNDA:0,(anonymous_2)
FNDA:0,(anonymous_3)
FNDA:0,(anonymous_4)
FNDA:0,(anonymous_5)
FNDA:0,(anonymous_6)
FNDA:0,(anonymous_7)
FNDA:0,(anonymous_8)
FNDA:0,(anonymous_9)
FNDA:0,(anonymous_10)
FNDA:0,(anonymous_11)
FNDA:0,(anonymous_12)
FNDA:0,(anonymous_13)
FNDA:0,(anonymous_14)
FNDA:0,(anonymous_15)
FNDA:0,(anonymous_16)
FNDA:0,(anonymous_17)
FNDA:0,(anonymous_18)
FNDA:0,(anonymous_19)
FNDA:0,(anonymous_20)
DA:10,0
DA:12,0
DA:13,0
DA:14,0
DA:15,0
DA:23,0
DA:24,0
DA:25,0
DA:26,0
DA:27,0
DA:28,0
DA:29,0
DA:30,0
DA:32,0
DA:33,0
DA:34,0
DA:36,0
DA:37,0
DA:39,0
DA:40,0
DA:41,0
DA:45,0
DA:46,0
DA:47,0
DA:48,0
DA:49,0
DA:56,0
DA:57,0
DA:58,0
DA:61,0
DA:63,0
DA:67,0
DA:68,0
DA:69,0
DA:71,0
DA:72,0
DA:74,0
DA:75,0
DA:79,0
DA:80,0
DA:81,0
DA:82,0
DA:86,0
DA:88,0
DA:92,0
DA:93,0
DA:94,0
DA:95,0
DA:97,0
DA:98,0
DA:100,0
DA:101,0
DA:105,0
DA:106,0
DA:107,0
DA:110,0
DA:112,0
DA:116,0
DA:117,0
DA:118,0
DA:119,0
DA:120,0
DA:124,0
DA:125,0
DA:126,0
DA:127,0
DA:129,0
DA:135,0
DA:138,0
DA:139,0
DA:140,0
DA:144,0
DA:145,0
DA:149,0
DA:150,0
DA:151,0
DA:152,0
DA:153,0
DA:155,0
DA:157,0
DA:159,0
DA:160,0
DA:170,0
DA:171,0
DA:172,0
DA:173,0
DA:174,0
DA:176,0
DA:177,0
DA:179,0
DA:181,0
DA:184,0
DA:185,0
DA:186,0
DA:187,0
DA:188,0
DA:189,0
DA:190,0
DA:191,0
DA:192,0
DA:195,0
DA:196,0
DA:197,0
DA:200,0
DA:201,0
DA:206,0
DA:208,0
DA:209,0
DA:210,0
DA:212,0
DA:214,0
DA:215,0
DA:217,0
DA:219,0
DA:220,0
DA:221,0
DA:222,0
DA:224,0
DA:228,0
DA:237,0
DA:253,0
DA:269,0
DA:275,0
DA:419,0
LF:124
LH:0
BRDA:10,0,0,0
BRDA:10,0,1,0
BRDA:14,1,0,0
BRDA:14,1,1,0
BRDA:16,2,0,0
BRDA:16,2,1,0
BRDA:17,3,0,0
BRDA:17,3,1,0
BRDA:46,4,0,0
BRDA:46,4,1,0
BRDA:46,5,0,0
BRDA:46,5,1,0
BRDA:56,6,0,0
BRDA:56,6,1,0
BRDA:68,7,0,0
BRDA:68,7,1,0
BRDA:79,8,0,0
BRDA:79,8,1,0
BRDA:81,9,0,0
BRDA:81,9,1,0
BRDA:93,10,0,0
BRDA:93,10,1,0
BRDA:105,11,0,0
BRDA:105,11,1,0
BRDA:118,12,0,0
BRDA:118,12,1,0
BRDA:126,13,0,0
BRDA:126,13,1,0
BRDA:157,14,0,0
BRDA:157,14,1,0
BRDA:188,15,0,0
BRDA:188,15,1,0
BRDA:189,16,0,0
BRDA:189,16,1,0
BRDA:190,17,0,0
BRDA:190,17,1,0
BRDA:191,18,0,0
BRDA:191,18,1,0
BRDA:195,19,0,0
BRDA:195,19,1,0
BRDA:206,20,0,0
BRDA:206,20,1,0
BRDA:209,21,0,0
BRDA:209,21,1,0
BRDA:280,22,0,0
BRDA:280,22,1,0
BRDA:285,23,0,0
BRDA:285,23,1,0
BRDA:285,23,2,0
BRDA:287,24,0,0
BRDA:287,24,1,0
BRDA:288,25,0,0
BRDA:288,25,1,0
BRDA:295,26,0,0
BRDA:295,26,1,0
BRDA:302,27,0,0
BRDA:302,27,1,0
BRDA:315,28,0,0
BRDA:315,28,1,0
BRDA:323,29,0,0
BRDA:323,29,1,0
BRDA:355,30,0,0
BRDA:355,30,1,0
BRDA:361,31,0,0
BRDA:361,31,1,0
BRDA:368,32,0,0
BRDA:368,32,1,0
BRDA:370,33,0,0
BRDA:370,33,1,0
BRDA:371,34,0,0
BRDA:371,34,1,0
BRDA:372,35,0,0
BRDA:372,35,1,0
BRDA:378,36,0,0
BRDA:378,36,1,0
BRDA:379,37,0,0
BRDA:379,37,1,0
BRDA:380,38,0,0
BRDA:380,38,1,0
BRDA:396,39,0,0
BRDA:396,39,1,0
BRDA:396,40,0,0
BRDA:396,40,1,0
BRDA:399,41,0,0
BRDA:399,41,1,0
BRDA:400,42,0,0
BRDA:400,42,1,0
BRDA:403,43,0,0
BRDA:403,43,1,0
BRDA:406,44,0,0
BRDA:406,44,1,0
BRDA:408,45,0,0
BRDA:408,45,1,0
BRDA:413,46,0,0
BRDA:413,46,1,0
BRDA:414,47,0,0
BRDA:414,47,1,0
BRDA:415,48,0,0
BRDA:415,48,1,0
BRF:99
BRH:0
end_of_record
TN:
SF:src\views\StatsView.jsx
FN:5,(anonymous_0)
FN:10,(anonymous_1)
FN:11,(anonymous_2)
FN:38,(anonymous_3)
FN:72,(anonymous_4)
FNF:5
FNH:0
FNDA:0,(anonymous_0)
FNDA:0,(anonymous_1)
FNDA:0,(anonymous_2)
FNDA:0,(anonymous_3)
FNDA:0,(anonymous_4)
DA:5,0
DA:6,0
DA:7,0
DA:8,0
DA:10,0
DA:11,0
DA:12,0
DA:13,0
DA:14,0
DA:16,0
DA:17,0
DA:19,0
DA:22,0
DA:25,0
DA:31,0
DA:33,0
DA:35,0
DA:38,0
DA:73,0
LF:19
LH:0
BRDA:25,0,0,0
BRDA:25,0,1,0
BRDA:31,1,0,0
BRDA:31,1,1,0
BRDA:86,2,0,0
BRDA:86,2,1,0
BRF:6
BRH:0
end_of_record
TN:
SF:src\views\VerifyView.jsx
FN:8,(anonymous_0)
FN:18,(anonymous_1)
FN:19,(anonymous_2)
FN:22,(anonymous_3)
FN:37,(anonymous_4)
FN:44,(anonymous_5)
FN:74,(anonymous_6)
FNF:7
FNH:0
FNDA:0,(anonymous_0)
FNDA:0,(anonymous_1)
FNDA:0,(anonymous_2)
FNDA:0,(anonymous_3)
FNDA:0,(anonymous_4)
FNDA:0,(anonymous_5)
FNDA:0,(anonymous_6)
DA:6,0
DA:8,0
DA:9,0
DA:10,0
DA:11,0
DA:12,0
DA:13,0
DA:14,0
DA:15,0
DA:16,0
DA:18,0
DA:19,0
DA:20,0
DA:21,0
DA:22,0
DA:23,0
DA:24,0
DA:26,0
DA:29,0
DA:31,0
DA:34,0
DA:37,0
DA:38,0
DA:39,0
DA:40,0
DA:44,0
DA:45,0
DA:46,0
DA:48,0
DA:49,0
DA:51,0
DA:52,0
DA:57,0
DA:59,0
DA:60,0
DA:62,0
DA:63,0
DA:65,0
DA:69,0
DA:70,0
DA:72,0
DA:74,0
LF:42
LH:0
BRDA:6,0,0,0
BRDA:6,0,1,0
BRDA:23,1,0,0
BRDA:23,1,1,0
BRDA:38,2,0,0
BRDA:38,2,1,0
BRDA:38,3,0,0
BRDA:38,3,1,0
BRDA:45,4,0,0
BRDA:45,4,1,0
BRDA:57,5,0,0
BRDA:57,5,1,0
BRDA:69,6,0,0
BRDA:69,6,1,0
BRDA:70,7,0,0
BRDA:70,7,1,0
BRDA:70,8,0,0
BRDA:70,8,1,0
BRDA:103,9,0,0
BRDA:103,9,1,0
BRDA:111,10,0,0
BRDA:111,10,1,0
BRDA:116,11,0,0
BRDA:116,11,1,0
BRDA:117,12,0,0
BRDA:117,12,1,0
BRDA:119,13,0,0
BRDA:119,13,1,0
BRDA:125,14,0,0
BRDA:125,14,1,0
BRDA:126,15,0,0
BRDA:126,15,1,0
BRDA:134,16,0,0
BRDA:134,16,1,0
BRF:34
BRH:0
end_of_record
